#Sync---Grade:20170---Teachers:10
#------getCourse session_header-------#
#Sync---Grade:20160---Teachers:10
#------getCourse session_header-------#
#Sync---Grade:20161---Teachers:10
#------getCourse session_header-------#
#Sync---Grade:20151---Teachers:10
#------getCourse session_header-------#
200,OK
#-------getValidcode-------#
200,OK
#-------getValidcode-------#
200,OK
#-------getValidcode-------#
200,OK
#-------getValidcode-------#
200,OK
200,OK
200,OK
200,OK
#---------validcode:,83Y8
#------getTeacherExcel get teacher class table-------#
#---------validcode:,83Y8
#------getTeacherExcel get teacher class table-------#
#---------validcode:,83Y8
#------getTeacherExcel get teacher class table-------#
#---------validcode:,K85
#------getTeacherExcel get teacher class table-------#
200,OK
0001151-obtain validcode fail
1
obtain validcode fail
#------getCourse session_header-------#
200,OK
0001151-obtain validcode fail
1
obtain validcode fail
#------getCourse session_header-------#
200,OK
0001151-obtain validcode fail
1
obtain validcode fail
#------getCourse session_header-------#
200,OK
0001151-obtain validcode fail
1
obtain validcode fail
#------getCourse session_header-------#
200,OK
#-------getValidcode-------#
200,OK
#-------getValidcode-------#
200,OK
#-------getValidcode-------#
200,OK
#-------getValidcode-------#
200,OK
200,OK
200,OK
200,OK
#---------validcode:,4436
#------getTeacherExcel get teacher class table-------#
#---------validcode:,CQY B
#------getTeacherExcel get teacher class table-------#
200,OK
0001151-obtain validcode fail
1
obtain validcode fail
#------getCourse session_header-------#
#---------validcode:,REG R
#------getTeacherExcel get teacher class table-------#
#---------validcode:,J 3G5
#------getTeacherExcel get teacher class table-------#
200,OK
0001151-obtain validcode fail
1
obtain validcode fail
#------getCourse session_header-------#
200,OK
0001151-obtain validcode fail
1
obtain validcode fail
#------getCourse session_header-------#
200,OK
0001151-obtain validcode fail
1
obtain validcode fail
#------getCourse session_header-------#
200,OK
#-------getValidcode-------#
200,OK
#-------getValidcode-------#
200,OK
#-------getValidcode-------#
200,OK
#-------getValidcode-------#
200,OK
200,OK
200,OK
200,OK
#---------validcode:,R2EK
#------getTeacherExcel get teacher class table-------#
200,OK
0001151
0

#------getCourse session_header-------#
#---------validcode:,
#------getTeacherExcel get teacher class table-------#
#---------validcode:,3909
#------getTeacherExcel get teacher class table-------#
#---------validcode:,3909
#------getTeacherExcel get teacher class table-------#
200,OK
#-------getValidcode-------#
200,OK
0001151-obtain validcode fail
1
obtain validcode fail
#------getCourse session_header-------#
200,OK
0001151-obtain validcode fail
1
obtain validcode fail
#------getCourse session_header-------#
200,OK
0001151-obtain validcode fail
1
obtain validcode fail
#------getCourse session_header-------#
200,OK
200,OK
#-------getValidcode-------#
200,OK
#-------getValidcode-------#
200,OK
#-------getValidcode-------#
200,OK
200,OK
200,OK
#---------validcode:,2C23
#------getTeacherExcel get teacher class table-------#
200,OK
0001342
0

#------getCourse session_header-------#
200,OK
#-------getValidcode-------#
200,OK
#---------validcode:,FZAQ
#------getTeacherExcel get teacher class table-------#
#---------validcode:,U 7MX
#------getTeacherExcel get teacher class table-------#
#---------validcode:,MA A
#------getTeacherExcel get teacher class table-------#
200,OK
0001151-obtain validcode fail
1
obtain validcode fail
#------getCourse session_header-------#
200,OK
0001151
0

#------getCourse session_header-------#
200,OK
0001151-obtain validcode fail
1
obtain validcode fail
#------getCourse session_header-------#
200,OK
#-------getValidcode-------#
200,OK
#-------getValidcode-------#
200,OK
#-------getValidcode-------#
#---------validcode:,QMK
#------getTeacherExcel get teacher class table-------#
200,OK
200,OK
200,OK
200,OK
0001288-obtain validcode fail
1
obtain validcode fail
#------getCourse session_header-------#
200,OK
#-------getValidcode-------#
200,OK
#---------validcode:,71437
#------getTeacherExcel get teacher class table-------#
200,OK
0001151-obtain validcode fail
1
obtain validcode fail
#------getCourse session_header-------#
#---------validcode:,A22 R
#------getTeacherExcel get teacher class table-------#
#---------validcode:,A22 R
#------getTeacherExcel get teacher class table-------#
200,OK
#-------getValidcode-------#
#---------validcode:,
#------getTeacherExcel get teacher class table-------#
200,OK
0001151-obtain validcode fail
1
obtain validcode fail
#------getCourse session_header-------#
200,OK
0001342-obtain validcode fail
1
obtain validcode fail
#------getCourse session_header-------#
200,OK
200,OK
0001288-obtain validcode fail
1
obtain validcode fail
#------getCourse session_header-------#
200,OK
#-------getValidcode-------#
200,OK
#-------getValidcode-------#
200,OK
#-------getValidcode-------#
200,OK
200,OK
200,OK
#---------validcode:,QWSB
#------getTeacherExcel get teacher class table-------#
200,OK
0001151-obtain validcode fail
1
obtain validcode fail
#------getCourse session_header-------#
200,OK
#-------getValidcode-------#
200,OK
#---------validcode:,RVEJ
#------getTeacherExcel get teacher class table-------#
#---------validcode:,CP4A
#------getTeacherExcel get teacher class table-------#
#---------validcode:,4 J MY
#------getTeacherExcel get teacher class table-------#
200,OK
0001342
0

#------getCourse session_header-------#
200,OK
0001151-obtain validcode fail
1
obtain validcode fail
#------getCourse session_header-------#
200,OK
0001288
0

#------getCourse session_header-------#
#---------validcode:,5CSG
#------getTeacherExcel get teacher class table-------#
200,OK
#-------getValidcode-------#
200,OK
#-------getValidcode-------#
200,OK
#-------getValidcode-------#
200,OK
200,OK
200,OK
0001151
0

#------getCourse session_header-------#
200,OK
200,OK
#-------getValidcode-------#
200,OK
#---------validcode:,
#------getTeacherExcel get teacher class table-------#
#---------validcode:,
#------getTeacherExcel get teacher class table-------#
#---------validcode:,W476
#------getTeacherExcel get teacher class table-------#
200,OK
0001151-obtain validcode fail
1
obtain validcode fail
#------getCourse session_header-------#
200,OK
0001288-obtain validcode fail
1
obtain validcode fail
#------getCourse session_header-------#
#---------validcode:,RXKS
#------getTeacherExcel get teacher class table-------#
200,OK
200,OK
#-------getValidcode-------#
200,OK
#-------getValidcode-------#
0001400
0
200,OK
0001342
0

#------getCourse session_header-------#
200,OK
200,OK
200,OK
#-------getValidcode-------#
200,OK
#---------validcode:,M KT
#------getTeacherExcel get teacher class table-------#
#---------validcode:,M KT
#------getTeacherExcel get teacher class table-------#
#---------validcode:,MQG
#------getTeacherExcel get teacher class table-------#
200,OK
0001288-obtain validcode fail
1
obtain validcode fail
#------getCourse session_header-------#
200,OK
0001151-obtain validcode fail
1
obtain validcode fail
#------getCourse session_header-------#
200,OK
0001288-obtain validcode fail
1
obtain validcode fail
#------getCourse session_header-------#
200,OK
#-------getValidcode-------#
200,OK
#-------getValidcode-------#
200,OK
#-------getValidcode-------#
200,OK
200,OK
200,OK
#---------validcode:,
#------getTeacherExcel get teacher class table-------#
#---------validcode:,
#------getTeacherExcel get teacher class table-------#
#---------validcode:,QT4T
#------getTeacherExcel get teacher class table-------#
200,OK
0001288-obtain validcode fail
1
obtain validcode fail
#------getCourse session_header-------#
200,OK
0001151-obtain validcode fail
1
obtain validcode fail
#------getCourse session_header-------#
200,OK
0001288
0

#------getCourse session_header-------#
200,OK
#-------getValidcode-------#
200,OK
#-------getValidcode-------#
200,OK
200,OK
#-------getValidcode-------#
200,OK
200,OK
#---------validcode:,KF NX
#------getTeacherExcel get teacher class table-------#
#---------validcode:,8 RGH
#------getTeacherExcel get teacher class table-------#
#---------validcode:,QYE8
#------getTeacherExcel get teacher class table-------#
200,OK
0001288-obtain validcode fail
1
obtain validcode fail
#------getCourse session_header-------#
200,OK
0001151-obtain validcode fail
1
obtain validcode fail
#------getCourse session_header-------#
200,OK
#-------getValidcode-------#
200,OK
0001400
0
200,OK
#-------getValidcode-------#
200,OK
200,OK
#---------validcode:,
#------getTeacherExcel get teacher class table-------#
#---------validcode:,R8145
#------getTeacherExcel get teacher class table-------#
200,OK
0001151-obtain validcode fail
1
obtain validcode fail
#------getCourse session_header-------#
200,OK
0001288-obtain validcode fail
1
obtain validcode fail
#------getCourse session_header-------#
200,OK
#-------getValidcode-------#
200,OK
#-------getValidcode-------#
200,OK
200,OK
#---------validcode:,QFSC
#------getTeacherExcel get teacher class table-------#
#---------validcode:,
#------getTeacherExcel get teacher class table-------#
200,OK
0001288-obtain validcode fail
1
obtain validcode fail
#------getCourse session_header-------#
200,OK
0001342
0

#------getCourse session_header-------#
200,OK
#-------getValidcode-------#
200,OK
#-------getValidcode-------#
200,OK
200,OK
#---------validcode:,067C
#------getTeacherExcel get teacher class table-------#
#---------validcode:,PP2J
#------getTeacherExcel get teacher class table-------#
200,OK
0001288-obtain validcode fail
1
obtain validcode fail
#------getCourse session_header-------#
200,OK
0001288
0

#------getCourse session_header-------#
200,OK
#-------getValidcode-------#
200,OK
#-------getValidcode-------#
200,OK
200,OK
#---------validcode:,PDFJ
#------getTeacherExcel get teacher class table-------#
#---------validcode:,
#------getTeacherExcel get teacher class table-------#
200,OK
0001400-obtain validcode fail
1
obtain validcode fail
#------getCourse session_header-------#
200,OK
0001288
0

#------getCourse session_header-------#
200,OK
#-------getValidcode-------#
200,OK
#-------getValidcode-------#
200,OK
200,OK
#---------validcode:,T883
#------getTeacherExcel get teacher class table-------#
#---------validcode:,9FDH
#------getTeacherExcel get teacher class table-------#
200,OK
0001400-obtain validcode fail
1
obtain validcode fail
#------getCourse session_header-------#
200,OK
0001400
0
200,OK
#-------getValidcode-------#
200,OK
#---------validcode:,MUZX
#------getTeacherExcel get teacher class table-------#
200,OK
0001400
0
