#Sync---Grade:20170---Teachers:14
#------getCourse session_header-------#
#Sync---Grade:20161---Teachers:14
#------getCourse session_header-------#
#Sync---Grade:20160---Teachers:14
#------getCourse session_header-------#
#Sync---Grade:20151---Teachers:14
#------getCourse session_header-------#
200,OK
#-------getValidcode-------#
200,OK
#-------getValidcode-------#
200,OK
#-------getValidcode-------#
200,OK
#-------getValidcode-------#
200,OK
200,OK
200,OK
200,OK
#---------validcode:,65PM
#------getTeacherExcel get teacher class table-------#
#---------validcode:,4H2F
#------getTeacherExcel get teacher class table-------#
#---------validcode:,4H2F
#------getTeacherExcel get teacher class table-------#
#---------validcode:,4H2F
#------getTeacherExcel get teacher class table-------#
200,OK
2017044-obtain validcode fail
1
obtain validcode fail
#------getCourse session_header-------#
200,OK
#-------getValidcode-------#
200,OK
200,OK
2017044-
#------getCourse session_header-------#
200,OK
2017044-
#------getCourse session_header-------#
200,OK
2017044-
#------getCourse session_header-------#
200,OK
#-------getValidcode-------#
200,OK
#-------getValidcode-------#
#---------validcode:,U839
#------getTeacherExcel get teacher class table-------#
200,OK
200,OK
200,OK
#-------getValidcode-------#
200,OK
2017044-obtain validcode fail
1
obtain validcode fail
#------getCourse session_header-------#
200,OK
200,OK
#-------getValidcode-------#
200,OK
#---------validcode:,U65
#------getTeacherExcel get teacher class table-------#
#---------validcode:,
#------getTeacherExcel get teacher class table-------#
200,OK
2017038-obtain validcode fail
1
obtain validcode fail
#------getCourse session_header-------#
200,OK
2017038-obtain validcode fail
1
obtain validcode fail
#------getCourse session_header-------#
#---------validcode:,WZQ
#------getTeacherExcel get teacher class table-------#
#---------validcode:,QDF P
#------getTeacherExcel get teacher class table-------#
200,OK
#-------getValidcode-------#
200,OK
#-------getValidcode-------#
200,OK
2017038-obtain validcode fail
1
obtain validcode fail
#------getCourse session_header-------#
200,OK
2017044-obtain validcode fail
1
obtain validcode fail
#------getCourse session_header-------#
200,OK
200,OK
200,OK
#-------getValidcode-------#
200,OK
#-------getValidcode-------#
200,OK
200,OK
#---------validcode:,
#------getTeacherExcel get teacher class table-------#
#---------validcode:,GDBF
#------getTeacherExcel get teacher class table-------#
200,OK
2017038-obtain validcode fail
1
obtain validcode fail
#------getCourse session_header-------#
200,OK
2017038-obtain validcode fail
1
obtain validcode fail
#------getCourse session_header-------#
#---------validcode:,KNE7
#------getTeacherExcel get teacher class table-------#
#---------validcode:,BHXU
#------getTeacherExcel get teacher class table-------#
200,OK
#-------getValidcode-------#
200,OK
#-------getValidcode-------#
200,OK
200,OK
200,OK
2017038-
#------getCourse session_header-------#
200,OK
2017044-
#------getCourse session_header-------#
200,OK
#-------getValidcode-------#
200,OK
#-------getValidcode-------#
200,OK
200,OK
#---------validcode:,V3QX
#------getTeacherExcel get teacher class table-------#
#---------validcode:,V3QX
#------getTeacherExcel get teacher class table-------#
200,OK
2017038-
200,OK
2017038-
#------getCourse session_header-------#
#------getCourse session_header-------#
#---------validcode:,8 DQF
#------getTeacherExcel get teacher class table-------#
#---------validcode:,
#------getTeacherExcel get teacher class table-------#
200,OK
#-------getValidcode-------#
200,OK
2017041-obtain validcode fail
1
obtain validcode fail
#------getCourse session_header-------#
200,OK
#-------getValidcode-------#
200,OK
2017038-obtain validcode fail
1
obtain validcode fail
#------getCourse session_header-------#
200,OK
200,OK
#-------getValidcode-------#
200,OK
200,OK
#-------getValidcode-------#
200,OK
200,OK
#---------validcode:,UXBA
#------getTeacherExcel get teacher class table-------#
#---------validcode:,PCTH
#------getTeacherExcel get teacher class table-------#
#---------validcode:,H1123
#------getTeacherExcel get teacher class table-------#
#---------validcode:,QWU
#------getTeacherExcel get teacher class table-------#
200,OK
2017041-obtain validcode fail
1
obtain validcode fail
#------getCourse session_header-------#
200,OK
2017038-obtain validcode fail
1
obtain validcode fail
#------getCourse session_header-------#
200,OK
2017041-
#------getCourse session_header-------#
200,OK
2017041-
#------getCourse session_header-------#
200,OK
#-------getValidcode-------#
200,OK
#-------getValidcode-------#
200,OK
#-------getValidcode-------#
200,OK
#-------getValidcode-------#
200,OK
200,OK
200,OK
200,OK
#---------validcode:,5ZE6
#------getTeacherExcel get teacher class table-------#
#---------validcode:,
#------getTeacherExcel get teacher class table-------#
#---------validcode:,B44S
#------getTeacherExcel get teacher class table-------#
#---------validcode:,VVYT
#------getTeacherExcel get teacher class table-------#
200,OK
2017038-obtain validcode fail
1
obtain validcode fail
#------getCourse session_header-------#
200,OK
#-------getValidcode-------#
200,OK
2017041-
#------getCourse session_header-------#
200,OK
2017039-
#------getCourse session_header-------#
200,OK
200,OK
2017039-
#------getCourse session_header-------#
200,OK
#-------getValidcode-------#
200,OK
#-------getValidcode-------#
200,OK
#-------getValidcode-------#
200,OK
200,OK
200,OK
#---------validcode:,
#------getTeacherExcel get teacher class table-------#
200,OK
2017038-obtain validcode fail
1
obtain validcode fail
#------getCourse session_header-------#
200,OK
#-------getValidcode-------#
200,OK
#---------validcode:,GMB
#------getTeacherExcel get teacher class table-------#
#---------validcode:,
#------getTeacherExcel get teacher class table-------#
#---------validcode:,VTSK
#------getTeacherExcel get teacher class table-------#
200,OK
2017039-obtain validcode fail
1
obtain validcode fail
#------getCourse session_header-------#
200,OK
WP00028-obtain validcode fail
1
obtain validcode fail
#------getCourse session_header-------#
#---------validcode:,QNVP
#------getTeacherExcel get teacher class table-------#
200,OK
#-------getValidcode-------#
200,OK
#-------getValidcode-------#
200,OK
WP00028-
200,OK
2017038-obtain validcode fail
1
obtain validcode fail
#------getCourse session_header-------#
#------getCourse session_header-------#
200,OK
200,OK
200,OK
#-------getValidcode-------#
200,OK
#-------getValidcode-------#
200,OK
200,OK
#---------validcode:,4A24
#------getTeacherExcel get teacher class table-------#
#---------validcode:,FY7H
#------getTeacherExcel get teacher class table-------#
#---------validcode:,
#------getTeacherExcel get teacher class table-------#
#---------validcode:,
#------getTeacherExcel get teacher class table-------#
200,OK
2017039-
#------getCourse session_header-------#
200,OK
WP00028-
200,OK
2017038-obtain validcode fail
1
obtain validcode fail
#------getCourse session_header-------#
#------getCourse session_header-------#
200,OK
WP00027-obtain validcode fail
1
obtain validcode fail
#------getCourse session_header-------#
200,OK
#-------getValidcode-------#
200,OK
#-------getValidcode-------#
200,OK
#-------getValidcode-------#
200,OK
#-------getValidcode-------#
200,OK
200,OK
200,OK
200,OK
#---------validcode:,KXNR
#------getTeacherExcel get teacher class table-------#
#---------validcode:,
#------getTeacherExcel get teacher class table-------#
#---------validcode:,
#------getTeacherExcel get teacher class table-------#
200,OK
WP00027-obtain validcode fail
1
obtain validcode fail
#------getCourse session_header-------#
200,OK
WP00027-obtain validcode fail
1
obtain validcode fail
#------getCourse session_header-------#
200,OK
WP00028-
#------getCourse session_header-------#
200,OK
#-------getValidcode-------#
200,OK
#-------getValidcode-------#
200,OK
#-------getValidcode-------#
200,OK
200,OK
200,OK
#---------validcode:,BNUY
#------getTeacherExcel get teacher class table-------#
#---------validcode:,6237
#------getTeacherExcel get teacher class table-------#
#---------validcode:,643P
#------getTeacherExcel get teacher class table-------#
200,OK
WP00027-obtain validcode fail
1
obtain validcode fail
#------getCourse session_header-------#
200,OK
#-------getValidcode-------#
200,OK
WP00027-
#------getCourse session_header-------#
200,OK
200,OK
WP00027-
#------getCourse session_header-------#
200,OK
#-------getValidcode-------#
200,OK
#-------getValidcode-------#
200,OK
200,OK
#---------validcode:,
#------getTeacherExcel get teacher class table-------#
200,OK
2017038-obtain validcode fail
1
obtain validcode fail
#------getCourse session_header-------#
200,OK
#-------getValidcode-------#
200,OK
#---------validcode:,QNUS
#------getTeacherExcel get teacher class table-------#
#---------validcode:,
#------getTeacherExcel get teacher class table-------#
#---------validcode:,
#------getTeacherExcel get teacher class table-------#
200,OK
WP00027-
#------getCourse session_header-------#
200,OK
2017037-obtain validcode fail
1
obtain validcode fail
#------getCourse session_header-------#
200,OK
2017037-obtain validcode fail
1
obtain validcode fail
#------getCourse session_header-------#
200,OK
#-------getValidcode-------#
#---------validcode:,8W8
#------getTeacherExcel get teacher class table-------#
200,OK
#-------getValidcode-------#
200,OK
#-------getValidcode-------#
200,OK
2017038-obtain validcode fail
1
obtain validcode fail
#------getCourse session_header-------#
200,OK
200,OK
200,OK
200,OK
#-------getValidcode-------#
200,OK
#---------validcode:,58RX
#------getTeacherExcel get teacher class table-------#
#---------validcode:,GWXC
#------getTeacherExcel get teacher class table-------#
#---------validcode:,T KA2
#------getTeacherExcel get teacher class table-------#
#---------validcode:,
#------getTeacherExcel get teacher class table-------#
200,OK
2017037-obtain validcode fail
1
obtain validcode fail
#------getCourse session_header-------#
200,OK
2017037-
#------getCourse session_header-------#
200,OK
#-------getValidcode-------#
200,OK
2017037-
#------getCourse session_header-------#
200,OK
#-------getValidcode-------#
200,OK
200,OK
200,OK
2017038-obtain validcode fail
1
obtain validcode fail
#------getCourse session_header-------#
#---------validcode:,
#------getTeacherExcel get teacher class table-------#
#---------validcode:,F9VS
#------getTeacherExcel get teacher class table-------#
200,OK
#-------getValidcode-------#
200,OK
200,OK
2017045-
#------getCourse session_header-------#
200,OK
#-------getValidcode-------#
200,OK
#-------getValidcode-------#
200,OK
#---------validcode:,
#------getTeacherExcel get teacher class table-------#
200,OK
200,OK
2017045-obtain validcode fail
1
obtain validcode fail
#------getCourse session_header-------#
200,OK
2017037-obtain validcode fail
1
obtain validcode fail
#------getCourse session_header-------#
200,OK
#-------getValidcode-------#
200,OK
#-------getValidcode-------#
200,OK
#---------validcode:,
#------getTeacherExcel get teacher class table-------#
200,OK
200,OK
2017036-obtain validcode fail
1
obtain validcode fail
#------getCourse session_header-------#
200,OK
#-------getValidcode-------#
#---------validcode:,D3 QN
#------getTeacherExcel get teacher class table-------#
200,OK
200,OK
2017038-obtain validcode fail
1
obtain validcode fail
#------getCourse session_header-------#
#---------validcode:,
#------getTeacherExcel get teacher class table-------#
200,OK
#-------getValidcode-------#
#---------validcode:,KSSC
#------getTeacherExcel get teacher class table-------#
200,OK
2017045-obtain validcode fail
1
obtain validcode fail
#------getCourse session_header-------#
200,OK
200,OK
2017037-obtain validcode fail
1
obtain validcode fail
#------getCourse session_header-------#
200,OK
#-------getValidcode-------#
200,OK
#-------getValidcode-------#
200,OK
200,OK
#---------validcode:,SCT7
#------getTeacherExcel get teacher class table-------#
#---------validcode:,4UUN
#------getTeacherExcel get teacher class table-------#
200,OK
2017045-obtain validcode fail
1
obtain validcode fail
#------getCourse session_header-------#
200,OK
#-------getValidcode-------#
200,OK
2017037-
#------getCourse session_header-------#
200,OK
200,OK
#-------getValidcode-------#
200,OK
#---------validcode:,
#------getTeacherExcel get teacher class table-------#
200,OK
2017036-obtain validcode fail
1
obtain validcode fail
#------getCourse session_header-------#
#---------validcode:,UECK
#------getTeacherExcel get teacher class table-------#
#---------validcode:,
#------getTeacherExcel get teacher class table-------#
200,OK
2017045-obtain validcode fail
1
obtain validcode fail
#------getCourse session_header-------#
200,OK
#-------getValidcode-------#
200,OK
2017045-
#------getCourse session_header-------#
200,OK
#-------getValidcode-------#
200,OK
200,OK
#-------getValidcode-------#
200,OK
200,OK
#---------validcode:,FECS
#------getTeacherExcel get teacher class table-------#
#---------validcode:,AF65
#------getTeacherExcel get teacher class table-------#
#---------validcode:,U926
#------getTeacherExcel get teacher class table-------#
#---------validcode:,C23F
#------getTeacherExcel get teacher class table-------#
200,OK
2017038-
#------getCourse session_header-------#
200,OK
#-------getValidcode-------#
200,OK
2017036-
#------getCourse session_header-------#
200,OK
2017045-
#------getCourse session_header-------#
200,OK
2017036-
#------getCourse session_header-------#
200,OK
200,OK
#-------getValidcode-------#
200,OK
#-------getValidcode-------#
200,OK
#-------getValidcode-------#
200,OK
200,OK
200,OK
#---------validcode:,DEMC
#------getTeacherExcel get teacher class table-------#
200,OK
2017041-
#------getCourse session_header-------#
#---------validcode:,9VU3
#------getTeacherExcel get teacher class table-------#
200,OK
#-------getValidcode-------#
#---------validcode:,CFJ 5
#------getTeacherExcel get teacher class table-------#
#---------validcode:,TVZ B
#------getTeacherExcel get teacher class table-------#
200,OK
200,OK
2017042-obtain validcode fail
1
obtain validcode fail
#------getCourse session_header-------#
200,OK
2017042-
#------getCourse session_header-------#
200,OK
#-------getValidcode-------#
200,OK
2017036-obtain validcode fail
1
obtain validcode fail
#------getCourse session_header-------#
200,OK
#-------getValidcode-------#
200,OK
#---------validcode:,PWM
#------getTeacherExcel get teacher class table-------#
200,OK
#-------getValidcode-------#
200,OK
2017039-obtain validcode fail
1
obtain validcode fail
#------getCourse session_header-------#
200,OK
200,OK
#-------getValidcode-------#
#---------validcode:,MXSN
#------getTeacherExcel get teacher class table-------#
200,OK
200,OK
2017042-
#------getCourse session_header-------#
#---------validcode:,S4 D3
#------getTeacherExcel get teacher class table-------#
#---------validcode:,KJT2
#------getTeacherExcel get teacher class table-------#
200,OK
#-------getValidcode-------#
200,OK
200,OK
2017036-obtain validcode fail
1
obtain validcode fail
#------getCourse session_header-------#
200,OK
200,OK
#-------getValidcode-------#
200,OK
200,OK
2017039-
#------getCourse session_header-------#
200,OK
#-------getValidcode-------#
#---------validcode:,H5ITD
#------getTeacherExcel get teacher class table-------#
200,OK
200,OK
2017043-obtain validcode fail
1
obtain validcode fail
#------getCourse session_header-------#
200,OK
#-------getValidcode-------#
#---------validcode:,3ZHB
#------getTeacherExcel get teacher class table-------#
200,OK
200,OK
2017043-obtain validcode fail
1
obtain validcode fail
#------getCourse session_header-------#
#---------validcode:,3 6R2
#------getTeacherExcel get teacher class table-------#
200,OK
#-------getValidcode-------#
200,OK
2017036-obtain validcode fail
1
obtain validcode fail
#------getCourse session_header-------#
#---------validcode:,WZWH
#------getTeacherExcel get teacher class table-------#
200,OK
200,OK
#-------getValidcode-------#
200,OK
#---------validcode:,
#------getTeacherExcel get teacher class table-------#
200,OK
2017043-obtain validcode fail
1
obtain validcode fail
#------getCourse session_header-------#
200,OK
WP00028-<table  width='100%' BORDER=0 align=center CELLPADDING=0 CELLSPACING=0 ><tr><td style='text-align:center;font-weight:bold;font-size:16pt'>遵义师范学院教师课表</td></tr><tr><td style='text-align:center;font-size:13px'>2017-2018学年第一学期</td></tr></table><br><table width=99% BORDER=0 align=center CELLPADDING=0 CELLSPACING=0><tr><td  width=80% align=left >部门：数学学院&ensp;&ensp;教师：冷蕊&ensp;&ensp;性别：女&ensp;&ensp;职称：</td></tr></table><TABLE WIDTH=99% BORDER=1 align=center  CELLPADDING=0 CELLSPACING=0 bordercolorlight=#000000 bordercolordark=#FFFFFF><tr><td width='5%' align=center >序号</td><td width='25%' align=center >课程</td><td width='5%' align=center >学分</td><td width='9%' align=center >授课方式</td><td width='10%' align=center >课程类别</td><td width='5%' align=center >上课<br>班号</td><td width='9%' align=center >上课班级</td><td width='5%' align=center >上课<br>人数</td><td width='12%' align=center >时间</td><td width='15%' align=center >地点</td></tr><td width='5%' align='center' >1<br></td><td width='25%' align='left' >[280208]小学数学课程与教学论（专）<br></td><td width='5%' align='right' >2.0<br></td><td width='9%' align='left' >讲授<br></td><td width='10%' align='left' >专业课/必修课<br></td><td width='5%' align='center' >002<br></td><td width='9%' align='left' >16级数学教育专科(1)班<br></td><td width='5%' align='right' >52<br></td><td width='12%' align='left' >1-18周&ensp;四[9-10节]<br></td><td width='15%' align='left' >执毓楼401<br></td></tr></table><TABLE name=theExportData WIDTH=100% BORDER=0 align=center CELLPADDING=0 CELLSPACING=0 ><tr><td width=100% ><b>注1：</b></td></tr><tr><td width=100% ><b>注2：</b></td></tr></table>
200,OK
#-------getValidcode-------#
#------getCourse session_header-------#
200,OK
#---------validcode:,YQQJ
#------getTeacherExcel get teacher class table-------#
200,OK
#-------getValidcode-------#
200,OK
#---------validcode:,2 MW
#------getTeacherExcel get teacher class table-------#
200,OK
2017036-obtain validcode fail
1
obtain validcode fail
#------getCourse session_header-------#
200,OK
#-------getValidcode-------#
#---------validcode:,SSY
#------getTeacherExcel get teacher class table-------#
200,OK
2017043-
#------getCourse session_header-------#
200,OK
200,OK
2017043-obtain validcode fail
1
obtain validcode fail
#------getCourse session_header-------#
200,OK
#-------getValidcode-------#
#---------validcode:,KSCM
#------getTeacherExcel get teacher class table-------#
200,OK
#-------getValidcode-------#
200,OK
200,OK
#---------validcode:,6N2R
#------getTeacherExcel get teacher class table-------#
200,OK
2017036-
#------getCourse session_header-------#
#---------validcode:,
#------getTeacherExcel get teacher class table-------#
#---------validcode:,TJPE
#------getTeacherExcel get teacher class table-------#
200,OK
WP00027-obtain validcode fail
1
obtain validcode fail
#------getCourse session_header-------#
200,OK
2017040-obtain validcode fail
1
obtain validcode fail
#------getCourse session_header-------#
200,OK
#-------getValidcode-------#
200,OK
#-------getValidcode-------#
200,OK
2017043-
#------getCourse session_header-------#
200,OK
#-------getValidcode-------#
200,OK
200,OK
#-------getValidcode-------#
200,OK
200,OK
200,OK
#---------validcode:,YWSA
#------getTeacherExcel get teacher class table-------#
200,OK
2017042-obtain validcode fail
1
obtain validcode fail
#------getCourse session_header-------#
200,OK
#-------getValidcode-------#
#---------validcode:,
#------getTeacherExcel get teacher class table-------#
#---------validcode:,C672
#------getTeacherExcel get teacher class table-------#
200,OK
200,OK
2017040-obtain validcode fail
1
obtain validcode fail
#------getCourse session_header-------#
200,OK
#-------getValidcode-------#
#---------validcode:,VJ3F
#------getTeacherExcel get teacher class table-------#
200,OK
2017040-
200,OK
#------getCourse session_header-------#
200,OK
#-------getValidcode-------#
#---------validcode:,XN3G
#------getTeacherExcel get teacher class table-------#
200,OK
WP00027-<table  width='100%' BORDER=0 align=center CELLPADDING=0 CELLSPACING=0 ><tr><td style='text-align:center;font-weight:bold;font-size:16pt'>遵义师范学院教师课表</td></tr><tr><td style='text-align:center;font-size:13px'>2017-2018学年第一学期</td></tr></table><br><table width=99% BORDER=0 align=center CELLPADDING=0 CELLSPACING=0><tr><td  width=80% align=left >部门：数学学院&ensp;&ensp;教师：李承启&ensp;&ensp;性别：男&ensp;&ensp;职称：</td></tr></table><TABLE WIDTH=99% BORDER=1 align=center  CELLPADDING=0 CELLSPACING=0 bordercolorlight=#000000 bordercolordark=#FFFFFF><tr><td width='5%' align=center >序号</td><td width='25%' align=center >课程</td><td width='5%' align=center >学分</td><td width='9%' align=center >授课方式</td><td width='10%' align=center >课程类别</td><td width='5%' align=center >上课<br>班号</td><td width='9%' align=center >上课班级</td><td width='5%' align=center >上课<br>人数</td><td width='12%' align=center >时间</td><td width='15%' align=center >地点</td></tr><td width='5%' align='center' >1<br></td><td width='25%' align='left' >[280208]小学数学课程与教学论（专）<br></td><td width='5%' align='right' >2.0<br></td><td width='9%' align='left' >讲授<br></td><td width='10%' align='left' >专业课/必修课<br></td><td width='5%' align='center' >001<br></td><td width='9%' align='left' >16级语文教育专科(1)班 16级语文教育专科(2)班 16级语文教育专科(3)班<br></td><td width='5%' align='right' >169<br></td><td width='12%' align='left' >1-18周&ensp;一[9-10节]<br></td><td width='15%' align='left' >执闳楼207<br></td></tr></table><TABLE name=theExportData WIDTH=100% BORDER=0 align=center CELLPADDING=0 CELLSPACING=0 ><tr><td width=100% ><b>注1：</b></td></tr><tr><td width=100% ><b>注2：</b></td></tr></table>
#------getCourse session_header-------#
200,OK
2017042-obtain validcode fail
1
obtain validcode fail
#------getCourse session_header-------#
200,OK
#-------getValidcode-------#
#---------validcode:,
#------getTeacherExcel get teacher class table-------#
200,OK
#-------getValidcode-------#
200,OK
200,OK
2017040-obtain validcode fail
1
obtain validcode fail
#------getCourse session_header-------#
200,OK
200,OK
#-------getValidcode-------#
200,OK
#---------validcode:,TAVS
#------getTeacherExcel get teacher class table-------#
200,OK
#---------validcode:,UCXA
#------getTeacherExcel get teacher class table-------#
200,OK
2017037-obtain validcode fail
1
obtain validcode fail
#------getCourse session_header-------#
200,OK
#-------getValidcode-------#
200,OK
#---------validcode:,Y2M9
#------getTeacherExcel get teacher class table-------#
200,OK
2017042-
#------getCourse session_header-------#
200,OK
#-------getValidcode-------#
200,OK
#---------validcode:,FVKC
#------getTeacherExcel get teacher class table-------#
200,OK
2017035-
#------getCourse session_header-------#
200,OK
#-------getValidcode-------#
200,OK
200,OK
2017037-
#------getCourse session_header-------#
#---------validcode:,WPJE
#------getTeacherExcel get teacher class table-------#
200,OK
#-------getValidcode-------#
200,OK
200,OK
2017043-
#------getCourse session_header-------#
#---------validcode:,N56P
#------getTeacherExcel get teacher class table-------#
200,OK
#-------getValidcode-------#
#---------validcode:,JSAQ
#------getTeacherExcel get teacher class table-------#
200,OK
2017046-
200,OK
2017045-obtain validcode fail
1
obtain validcode fail
#------getCourse session_header-------#
200,OK
#-------getValidcode-------#
200,OK
200,OK
#---------validcode:,EAQA
#------getTeacherExcel get teacher class table-------#
#---------validcode:,32GB
#------getTeacherExcel get teacher class table-------#
200,OK
2017045-obtain validcode fail
1
obtain validcode fail
#------getCourse session_header-------#
200,OK
2017040-obtain validcode fail
1
obtain validcode fail
#------getCourse session_header-------#
#---------validcode:,
#------getTeacherExcel get teacher class table-------#
200,OK
#-------getValidcode-------#
200,OK
#-------getValidcode-------#
200,OK
2017040-obtain validcode fail
1
obtain validcode fail
#------getCourse session_header-------#
200,OK
200,OK
200,OK
#-------getValidcode-------#
200,OK
#---------validcode:,
#------getTeacherExcel get teacher class table-------#
#---------validcode:,
#------getTeacherExcel get teacher class table-------#
#---------validcode:,MQRB
#------getTeacherExcel get teacher class table-------#
200,OK
2017040-obtain validcode fail
1
obtain validcode fail
#------getCourse session_header-------#
200,OK
2017045-obtain validcode fail
1
obtain validcode fail
#------getCourse session_header-------#
200,OK
#-------getValidcode-------#
200,OK
#-------getValidcode-------#
200,OK
200,OK
200,OK
2017040-
#------getCourse session_header-------#
200,OK
#-------getValidcode-------#
200,OK
#---------validcode:,T32
#------getTeacherExcel get teacher class table-------#
#---------validcode:,
#------getTeacherExcel get teacher class table-------#
200,OK
2017040-obtain validcode fail
1
obtain validcode fail
#------getCourse session_header-------#
200,OK
2017045-obtain validcode fail
1
obtain validcode fail
#------getCourse session_header-------#
#---------validcode:,GZN
#------getTeacherExcel get teacher class table-------#
200,OK
#-------getValidcode-------#
200,OK
2017035-obtain validcode fail
1
obtain validcode fail
#------getCourse session_header-------#
200,OK
200,OK
#-------getValidcode-------#
200,OK
#---------validcode:,
#------getTeacherExcel get teacher class table-------#
200,OK
2017040-obtain validcode fail
1
obtain validcode fail
#------getCourse session_header-------#
#---------validcode:,MACY
#------getTeacherExcel get teacher class table-------#
200,OK
#-------getValidcode-------#
200,OK
#-------getValidcode-------#
200,OK
200,OK
200,OK
2017035-
#------getCourse session_header-------#
200,OK
#-------getValidcode-------#
200,OK
#---------validcode:,523F
#------getTeacherExcel get teacher class table-------#
#---------validcode:,
#------getTeacherExcel get teacher class table-------#
200,OK
2017040-obtain validcode fail
1
obtain validcode fail
#------getCourse session_header-------#
200,OK
2017045-obtain validcode fail
1
obtain validcode fail
#------getCourse session_header-------#
#---------validcode:,JJ57
#------getTeacherExcel get teacher class table-------#
200,OK
#-------getValidcode-------#
200,OK
#-------getValidcode-------#
200,OK
200,OK
200,OK
2017046-
#---------validcode:,W573
#------getTeacherExcel get teacher class table-------#
#---------validcode:,W573
#------getTeacherExcel get teacher class table-------#
200,OK
2017045-obtain validcode fail
1
obtain validcode fail
#------getCourse session_header-------#
200,OK
2017040-obtain validcode fail
1
obtain validcode fail
#------getCourse session_header-------#
200,OK
#-------getValidcode-------#
200,OK
#-------getValidcode-------#
200,OK
200,OK
#---------validcode:,
#------getTeacherExcel get teacher class table-------#
#---------validcode:,
#------getTeacherExcel get teacher class table-------#
200,OK
2017045-obtain validcode fail
1
obtain validcode fail
#------getCourse session_header-------#
200,OK
2017040-obtain validcode fail
1
obtain validcode fail
#------getCourse session_header-------#
200,OK
#-------getValidcode-------#
200,OK
#-------getValidcode-------#
200,OK
200,OK
#---------validcode:,4HDZ
#------getTeacherExcel get teacher class table-------#
#---------validcode:,C523
#------getTeacherExcel get teacher class table-------#
200,OK
2017045-obtain validcode fail
1
obtain validcode fail
#------getCourse session_header-------#
200,OK
#-------getValidcode-------#
200,OK
2017040-
#------getCourse session_header-------#
200,OK
200,OK
#-------getValidcode-------#
200,OK
#---------validcode:,5A5T
#------getTeacherExcel get teacher class table-------#
#---------validcode:,XRJS
#------getTeacherExcel get teacher class table-------#
200,OK
2017045-
#------getCourse session_header-------#
200,OK
#-------getValidcode-------#
200,OK
2017035-
#------getCourse session_header-------#
200,OK
#---------validcode:,7 KZE
#------getTeacherExcel get teacher class table-------#
200,OK
2017036-obtain validcode fail
1
obtain validcode fail
#------getCourse session_header-------#
200,OK
#-------getValidcode-------#
200,OK
200,OK
#-------getValidcode-------#
200,OK
#---------validcode:,V4G3
#------getTeacherExcel get teacher class table-------#
200,OK
2017036-obtain validcode fail
1
obtain validcode fail
#------getCourse session_header-------#
#---------validcode:,
#------getTeacherExcel get teacher class table-------#
200,OK
#-------getValidcode-------#
200,OK
2017046-obtain validcode fail
1
obtain validcode fail
#------getCourse session_header-------#
200,OK
200,OK
#-------getValidcode-------#
#---------validcode:,FI5VF
#------getTeacherExcel get teacher class table-------#
200,OK
2017036-obtain validcode fail
1
obtain validcode fail
#------getCourse session_header-------#
200,OK
#-------getValidcode-------#
200,OK
200,OK
#---------validcode:,65M3
#------getTeacherExcel get teacher class table-------#
#---------validcode:,V43G
#------getTeacherExcel get teacher class table-------#
200,OK
2017036-
#------getCourse session_header-------#
200,OK
#-------getValidcode-------#
200,OK
2017046-
200,OK
#---------validcode:,JMHA
#------getTeacherExcel get teacher class table-------#
200,OK
2017042-
#------getCourse session_header-------#
200,OK
#-------getValidcode-------#
200,OK
#---------validcode:,8P3P
#------getTeacherExcel get teacher class table-------#
200,OK
2017043-
#------getCourse session_header-------#
200,OK
#-------getValidcode-------#
200,OK
#---------validcode:,3C5V
#------getTeacherExcel get teacher class table-------#
200,OK
2017040-
#------getCourse session_header-------#
200,OK
#-------getValidcode-------#
200,OK
#---------validcode:,3962
#------getTeacherExcel get teacher class table-------#
200,OK
2017035-obtain validcode fail
1
obtain validcode fail
#------getCourse session_header-------#
200,OK
#-------getValidcode-------#
200,OK
#---------validcode:,7VGE
#------getTeacherExcel get teacher class table-------#
200,OK
2017035-
#------getCourse session_header-------#
200,OK
#-------getValidcode-------#
200,OK
#---------validcode:,PVC7
#------getTeacherExcel get teacher class table-------#
200,OK
2017046-
2017-08-30_22-01-13
