#Sync---Grade:20170---Teachers:1
#------getCourse session_header-------#
#Sync---Grade:20161---Teachers:1
#------getCourse session_header-------#
#Sync---Grade:20160---Teachers:1
#------getCourse session_header-------#
#Sync---Grade:20151---Teachers:1
#------getCourse session_header-------#
200,OK
#-------getValidcode-------#
200,OK
#-------getValidcode-------#
200,OK
200,OK
#---------validcode:,62MB
#------getTeacherExcel get teacher class table-------#
#---------validcode:,GQYU
#------getTeacherExcel get teacher class table-------#
200,OK
2017047-obtain validcode fail
1
obtain validcode fail
#------getCourse session_header-------#
200,OK
#-------getValidcode-------#
200,OK
#---------validcode:,
#------getTeacherExcel get teacher class table-------#
200,OK
#-------getValidcode-------#
200,OK
#-------getValidcode-------#
200,OK
2017047-
200,OK
2017047-obtain validcode fail
1
obtain validcode fail
#------getCourse session_header-------#
200,OK
#-------getValidcode-------#
200,OK
#---------validcode:,BMCT
#------getTeacherExcel get teacher class table-------#
200,OK
200,OK
#---------validcode:,P062
#------getTeacherExcel get teacher class table-------#
#---------validcode:,V62
#------getTeacherExcel get teacher class table-------#
200,OK
2017047-obtain validcode fail
1
obtain validcode fail
#------getCourse session_header-------#
200,OK
2017047-
200,OK
2017047-obtain validcode fail
1
obtain validcode fail
#------getCourse session_header-------#
200,OK
#-------getValidcode-------#
200,OK
#-------getValidcode-------#
200,OK
200,OK
#---------validcode:,
#------getTeacherExcel get teacher class table-------#
#---------validcode:,3XPA
#------getTeacherExcel get teacher class table-------#
200,OK
2017047-
200,OK
2017047-obtain validcode fail
1
obtain validcode fail
#------getCourse session_header-------#
200,OK
#-------getValidcode-------#
200,OK
#---------validcode:,CYQM
#------getTeacherExcel get teacher class table-------#
200,OK
2017047-
2017-09-08_22-01-10
