#Sync---Grade:20170---Teachers:8
#------getCourse session_header-------#
#Sync---Grade:20161---Teachers:3
#------getCourse session_header-------#
#Sync---Grade:20160---Teachers:7
#------getCourse session_header-------#
#Sync---Grade:20151---Teachers:4
#------getCourse session_header-------#
200,OK
#-------getValidcode-------#
200,OK
#-------getValidcode-------#
200,OK
#-------getValidcode-------#
200,OK
200,OK
200,OK
#---------validcode:,
#------getTeacherExcel get teacher class table-------#
#---------validcode:,
#------getTeacherExcel get teacher class table-------#
#---------validcode:,FG5J
#------getTeacherExcel get teacher class table-------#
200,OK
WP00025-obtain validcode fail
1
obtain validcode fail
#------getCourse session_header-------#
200,OK
WP00015-obtain validcode fail
1
obtain validcode fail
#------getCourse session_header-------#
200,OK
0000629-<table  width='100%' BORDER=0 align=center CELLPADDING=0 CELLSPACING=0 ><tr><td style='text-align:center;font-weight:bold;font-size:16pt'>遵义师范学院教师课表</td></tr><tr><td style='text-align:center;font-size:13px'>2015-2016学年第二学期</td></tr></table><br><table width=99% BORDER=0 align=center CELLPADDING=0 CELLSPACING=0><tr><td  width=80% align=left >部门：网络信息与现代教育技术管理中心&ensp;&ensp;教师：黄刚&ensp;&ensp;性别：男&ensp;&ensp;职称：教师</td></tr></table><TABLE WIDTH=99% BORDER=1 align=center  CELLPADDING=0 CELLSPACING=0 bordercolorlight=#000000 bordercolordark=#FFFFFF><tr><td width='5%' align=center >序号</td><td width='25%' align=center >课程</td><td width='5%' align=center >学分</td><td width='9%' align=center >授课方式</td><td width='10%' align=center >课程类别</td><td width='5%' align=center >上课<br>班号</td><td width='9%' align=center >上课班级</td><td width='5%' align=center >上课<br>人数</td><td width='12%' align=center >时间</td><td width='15%' align=center >地点</td></tr><td width='5%' align='center' >1<br></td><td width='25%' align='left' >[090165]WEB程序设计<br></td><td width='5%' align='right' >3.0<br></td><td width='9%' align='left' >讲授<br></td><td width='10%' align='left' >专业课/任选课<br></td><td width='5%' align='center' >001<br></td><td width='9%' align='left' >2013级计科本科(1)班<br></td><td width='5%' align='right' >44<br></td><td width='12%' align='left' >1-18周&ensp;一[5-7节]<br></td><td width='15%' align='left' >综合楼一楼机房<br></td></tr><td width='5%' align='center' >2<br></td><td width='25%' align='left' ><br></td><td width='5%' align='right' ><br></td><td width='9%' align='left' >讲授<br></td><td width='10%' align='left' >专业课/任选课<br></td><td width='5%' align='center' >002<br></td><td width='9%' align='left' >2013级计科本科(2)班<br></td><td width='5%' align='right' >47<br></td><td width='12%' align='left' >1-18周&ensp;四[5-7节]<br></td><td width='15%' align='left' >综合楼一楼机房<br></td></tr><td width='5%' align='center' >3<br></td><td width='25%' align='left' >[320005]计算机三维动画设计<br></td><td width='5%' align='right' >2.0<br></td><td width='9%' align='left' >讲授<br></td><td width='10%' align='left' >公共课/任选课<br></td><td width='5%' align='center' >001<br></td><td width='9%' align='left' >2013级中文本科(1)班 2013级中文本科(4)班 2014级中文本科(4)班 2014级播音与主持本科班 2013级历史学本科班 2014级酒店管理本科班 2014级旅管(规划)本科班 2014级英语本科(2)班 2014级英语本科(4)班 2013级数学本科(1)班 2013级数学本科(2)班 2013级电子技术本科(1)班 2013<br></td><td width='5%' align='right' >52<br></td><td width='12%' align='left' >1-16周&ensp;二[9-10节]<br></td><td width='15%' align='left' >综合实验楼二楼机房<br></td></tr></table><TABLE name=theExportData WIDTH=100% BORDER=0 align=center CELLPADDING=0 CELLSPACING=0 ><tr><td width=100% ><b>注1：</b></td></tr><tr><td width=100% ><b>注2：</b></td></tr></table>
#------getCourse session_header-------#
200,OK
#-------getValidcode-------#
200,OK
#-------getValidcode-------#
200,OK
#-------getValidcode-------#
200,OK
200,OK
200,OK
#---------validcode:,HPAP
#------getTeacherExcel get teacher class table-------#
#---------validcode:,HPAP
#------getTeacherExcel get teacher class table-------#
#---------validcode:,UBRK
#------getTeacherExcel get teacher class table-------#
200,OK
WP00015-
200,OK
#------getCourse session_header-------#
200,OK
WP00025-<table  width='100%' BORDER=0 align=center CELLPADDING=0 CELLSPACING=0 ><tr><td style='text-align:center;font-weight:bold;font-size:16pt'>遵义师范学院教师课表</td></tr><tr><td style='text-align:center;font-size:13px'>2017-2018学年第一学期</td></tr></table><br><table width=99% BORDER=0 align=center CELLPADDING=0 CELLSPACING=0><tr><td  width=80% align=left >部门：教师教育学院&ensp;&ensp;教师：华珊&ensp;&ensp;性别：女&ensp;&ensp;职称：</td></tr></table><TABLE WIDTH=99% BORDER=1 align=center  CELLPADDING=0 CELLSPACING=0 bordercolorlight=#000000 bordercolordark=#FFFFFF><tr><td width='5%' align=center >序号</td><td width='25%' align=center >课程</td><td width='5%' align=center >学分</td><td width='9%' align=center >授课方式</td><td width='10%' align=center >课程类别</td><td width='5%' align=center >上课<br>班号</td><td width='9%' align=center >上课班级</td><td width='5%' align=center >上课<br>人数</td><td width='12%' align=center >时间</td><td width='15%' align=center >地点</td></tr><td width='5%' align='center' >1<br></td><td width='25%' align='left' >[280208]小学数学课程与教学论（专）<br></td><td width='5%' align='right' >2.0<br></td><td width='9%' align='left' >讲授<br></td><td width='10%' align='left' >专业课/必修课<br></td><td width='5%' align='center' >002<br></td><td width='9%' align='left' >16级数学教育专科(1)班<br></td><td width='5%' align='right' >0<br></td><td width='12%' align='left' >1-18周&ensp;三[3-4节]<br></td><td width='15%' align='left' >执毓楼401<br></td></tr><td width='5%' align='center' >2<br></td><td width='25%' align='left' ><br></td><td width='5%' align='right' ><br></td><td width='9%' align='left' >讲授<br></td><td width='10%' align='left' >专业课/必修课<br></td><td width='5%' align='center' >005<br></td><td width='9%' align='left' >16级数学教育专科(2)班<br></td><td width='5%' align='right' >0<br></td><td width='12%' align='left' >1-18周&ensp;二[1-2节]<br></td><td width='15%' align='left' >执文楼102<br></td></tr><td width='5%' align='center' >3<br></td><td width='25%' align='left' ><br></td><td width='5%' align='right' ><br></td><td width='9%' align='left' >讲授<br></td><td width='10%' align='left' >专业课/必修课<br></td><td width='5%' align='center' >006<br></td><td width='9%' align='left' >16级数学教育专科(3)班<br></td><td width='5%' align='right' >0<br></td><td width='12%' align='left' >1-18周&ensp;二[3-4节]<br></td><td width='15%' align='left' >执毓楼225<br></td></tr></table><TABLE name=theExportData WIDTH=100% BORDER=0 align=center CELLPADDING=0 CELLSPACING=0 ><tr><td width=100% ><b>注1：</b></td></tr><tr><td width=100% ><b>注2：</b></td></tr></table>
#------getCourse session_header-------#
200,OK
#-------getValidcode-------#
0001042-<table  width='100%' BORDER=0 align=center CELLPADDING=0 CELLSPACING=0 ><tr><td style='text-align:center;font-weight:bold;font-size:16pt'>遵义师范学院教师课表</td></tr><tr><td style='text-align:center;font-size:13px'>2015-2016学年第二学期</td></tr></table><br><table width=99% BORDER=0 align=center CELLPADDING=0 CELLSPACING=0><tr><td  width=80% align=left >部门：生物与农业科技学院&ensp;&ensp;教师：李小霞&ensp;&ensp;性别：女&ensp;&ensp;职称：助教</td></tr></table><TABLE WIDTH=99% BORDER=1 align=center  CELLPADDING=0 CELLSPACING=0 bordercolorlight=#000000 bordercolordark=#FFFFFF><tr><td width='5%' align=center >序号</td><td width='25%' align=center >课程</td><td width='5%' align=center >学分</td><td width='9%' align=center >授课方式</td><td width='10%' align=center >课程类别</td><td width='5%' align=center >上课<br>班号</td><td width='9%' align=center >上课班级</td><td width='5%' align=center >上课<br>人数</td><td width='12%' align=center >时间</td><td width='15%' align=center >地点</td></tr><td width='5%' align='center' >1<br></td><td width='25%' align='left' >[080156]植物生理学<br></td><td width='5%' align='right' >3.0<br></td><td width='9%' align='left' >讲授<br></td><td width='10%' align='left' >专业课/必修课<br></td><td width='5%' align='center' >003<br></td><td width='9%' align='left' >2014级植物科学本科班<br></td><td width='5%' align='right' >39<br></td><td width='12%' align='left' >13-18双周&ensp;一[1-2节]<br></td><td width='15%' align='left' >教学楼309教室<br></td></tr><td width='5%' align='center' >2<br></td><td width='25%' align='left' ><br></td><td width='5%' align='right' ><br></td><td width='9%' align='left' ><br></td><td width='10%' align='left' ><br></td><td width='5%' align='center' ><br></td><td width='9%' align='left' ><br></td><td width='5%' align='right' ><br></td><td width='12%' align='left' >1-18周&ensp;三[1-2节]<br></td><td width='15%' align='left' >教学楼309教室<br></td></tr><td width='5%' align='center' >3<br></td><td width='25%' align='left' ><br></td><td width='5%' align='right' ><br></td><td width='9%' align='left' ><br></td><td width='10%' align='left' ><br></td><td width='5%' align='center' ><br></td><td width='9%' align='left' ><br></td><td width='5%' align='right' ><br></td><td width='12%' align='left' >1-12双周&ensp;五[1-2节]<br></td><td width='15%' align='left' >教学楼801教室<br></td></tr><td width='5%' align='center' >4<br></td><td width='25%' align='left' >[080157]植物生理学实验<br></td><td width='5%' align='right' >1.5<br></td><td width='9%' align='left' >讲授<br></td><td width='10%' align='left' >必修课/专业课<br></td><td width='5%' align='center' >001<br></td><td width='9%' align='left' >2014级植物科学本科班<br></td><td width='5%' align='right' >19<br></td><td width='12%' align='left' >2-10周&ensp;日[1-3节]<br></td><td width='15%' align='left' >生物化学·植物生理学实验室<br></td></tr><td width='5%' align='center' >5<br></td><td width='25%' align='left' ><br></td><td width='5%' align='right' ><br></td><td width='9%' align='left' ><br></td><td width='10%' align='left' ><br></td><td width='5%' align='center' ><br></td><td width='9%' align='left' ><br></td><td width='5%' align='right' ><br></td><td width='12%' align='left' >2-10周&ensp;日[1-3节]<br></td><td width='15%' align='left' >生物化学·植物生理学实验室<br></td></tr><td width='5%' align='center' >6<br></td><td width='25%' align='left' ><br></td><td width='5%' align='right' ><br></td><td width='9%' align='left' >讲授<br></td><td width='10%' align='left' >必修课/专业课<br></td><td width='5%' align='center' >002<br></td><td width='9%' align='left' >2014级植物科学本科班<br></td><td width='5%' align='right' >20<br></td><td width='12%' align='left' >2-10周&ensp;日[5-7节]<br></td><td width='15%' align='left' >生物化学·植物生理学实验室<br></td></tr><td width='5%' align='center' >7<br></td><td width='25%' align='left' ><br></td><td width='5%' align='right' ><br></td><td width='9%' align='left' ><br></td><td width='10%' align='left' ><br></td><td width='5%' align='center' ><br></td><td width='9%' align='left' ><br></td><td width='5%' align='right' ><br></td><td width='12%' align='left' >2-10周&ensp;日[5-7节]<br></td><td width='15%' align='left' >生物化学·植物生理学实验室<br></td></tr><td width='5%' align='center' >8<br></td><td width='25%' align='left' >[080244]植物生理学实验<br></td><td width='5%' align='right' >1.0<br></td><td width='9%' align='left' >讲授<br></td><td width='10%' align='left' >必修课/专业基础课<br></td><td width='5%' align='center' >001<br></td><td width='9%' align='left' >2013级生物本科(1)班<br></td><td width='5%' align='right' >25<br></td><td width='12%' align='left' >2-10周&ensp;四[5-7节]<br></td><td width='15%' align='left' >生物化学·植物生理学实验室<br></td></tr><td width='5%' align='center' >9<br></td><td width='25%' align='left' ><br></td><td width='5%' align='right' ><br></td><td width='9%' align='left' ><br></td><td width='10%' align='left' ><br></td><td width='5%' align='center' ><br></td><td width='9%' align='left' ><br></td><td width='5%' align='right' ><br></td><td width='12%' align='left' >2-10周&ensp;四[5-7节]<br></td><td width='15%' align='left' >生物化学·植物生理学实验室<br></td></tr><td width='5%' align='center' >10<br></td><td width='25%' align='left' ><br></td><td width='5%' align='right' ><br></td><td width='9%' align='left' >讲授<br></td><td width='10%' align='left' >必修课/专业基础课<br></td><td width='5%' align='center' >002<br></td><td width='9%' align='left' >2013级生物本科(1)班<br></td><td width='5%' align='right' >26<br></td><td width='12%' align='left' >2-10周&ensp;二[5-7节]<br></td><td width='15%' align='left' >生物化学·植物生理学实验室<br></td></tr><td width='5%' align='center' >11<br></td><td width='25%' align='left' ><br></td><td width='5%' align='right' ><br></td><td width='9%' align='left' ><br></td><td width='10%' align='left' ><br></td><td width='5%' align='center' ><br></td><td width='9%' align='left' ><br></td><td width='5%' align='right' ><br></td><td width='12%' align='left' >2-10周&ensp;二[5-7节]<br></td><td width='15%' align='left' >生物化学·植物生理学实验室<br></td></tr><td width='5%' align='center' >12<br></td><td width='25%' align='left' ><br></td><td width='5%' align='right' ><br></td><td width='9%' align='left' >讲授<br></td><td width='10%' align='left' >专业基础课/必修课<br></td><td width='5%' align='center' >003<br></td><td width='9%' align='left' >2013级生物本科(2)班<br></td><td width='5%' align='right' >24<br></td><td width='12%' align='left' >2-10周&ensp;一[1-3节]<br></td><td width='15%' align='left' >生物化学·植物生理学实验室<br></td></tr><td width='5%' align='center' >13<br></td><td width='25%' align='left' ><br></td><td width='5%' align='right' ><br></td><td width='9%' align='left' >讲授<br></td><td width='10%' align='left' >专业基础课/必修课<br></td><td width='5%' align='center' >004<br></td><td width='9%' align='left' >2013级生物本科(2)班<br></td><td width='5%' align='right' >25<br></td><td width='12%' align='left' >2-10周&ensp;一[5-7节]<br></td><td width='15%' align='left' >生物化学·植物生理学实验室<br></td></tr><td width='5%' align='center' >14<br></td><td width='25%' align='left' >[310109]植物保护学技能训练<br></td><td width='5%' align='right' >0.5<br></td><td width='9%' align='left' >讲授<br></td><td width='10%' align='left' >限选课/专业课<br></td><td width='5%' align='center' >001<br></td><td width='9%' align='left' >2013级植物科学本科班<br></td><td width='5%' align='right' >16<br></td><td width='12%' align='left' >2-8周&ensp;三[5-6节]<br></td><td width='15%' align='left' >植物学实验室<br></td></tr><td width='5%' align='center' >15<br></td><td width='25%' align='left' ><br></td><td width='5%' align='right' ><br></td><td width='9%' align='left' ><br></td><td width='10%' align='left' ><br></td><td width='5%' align='center' ><br></td><td width='9%' align='left' ><br></td><td width='5%' align='right' ><br></td><td width='12%' align='left' >2-8周&ensp;三[5-6节]<br></td><td width='15%' align='left' >植物学实验室<br></td></tr><td width='5%' align='center' >16<br></td><td width='25%' align='left' ><br></td><td width='5%' align='right' ><br></td><td width='9%' align='left' >讲授<br></td><td width='10%' align='left' >限选课/专业课<br></td><td width='5%' align='center' >002<br></td><td width='9%' align='left' >2013级植物科学本科班<br></td><td width='5%' align='right' >17<br></td><td width='12%' align='left' >2-8周&ensp;三[7-8节]<br></td><td width='15%' align='left' >植物学实验室<br></td></tr><td width='5%' align='center' >17<br></td><td width='25%' align='left' ><br></td><td width='5%' align='right' ><br></td><td width='9%' align='left' ><br></td><td width='10%' align='left' ><br></td><td width='5%' align='center' ><br></td><td width='9%' align='left' ><br></td><td width='5%' align='right' ><br></td><td width='12%' align='left' >2-8周&ensp;三[7-8节]<br></td><td width='15%' align='left' >植物学实验室<br></td></tr></table><TABLE name=theExportData WIDTH=100% BORDER=0 align=center CELLPADDING=0 CELLSPACING=0 ><tr><td width=100% ><b>注1：</b></td></tr><tr><td width=100% ><b>注2：</b></td></tr></table>
#------getCourse session_header-------#
200,OK
#-------getValidcode-------#
200,OK
200,OK
#-------getValidcode-------#
200,OK
200,OK
#---------validcode:,
#------getTeacherExcel get teacher class table-------#
200,OK
2010131-obtain validcode fail
1
obtain validcode fail
#------getCourse session_header-------#
#---------validcode:,F RN7
#------getTeacherExcel get teacher class table-------#
#---------validcode:,
#------getTeacherExcel get teacher class table-------#
200,OK
#-------getValidcode-------#
200,OK
#-------getValidcode-------#
200,OK
0001489-obtain validcode fail
1
obtain validcode fail
#------getCourse session_header-------#
200,OK
2010772-obtain validcode fail
1
obtain validcode fail
#------getCourse session_header-------#
200,OK
200,OK
200,OK
#-------getValidcode-------#
200,OK
#-------getValidcode-------#
200,OK
200,OK
#---------validcode:,
#------getTeacherExcel get teacher class table-------#
#---------validcode:,V73C
#------getTeacherExcel get teacher class table-------#
200,OK
2010073-obtain validcode fail
1
obtain validcode fail
#------getCourse session_header-------#
200,OK
2010131-
#------getCourse session_header-------#
#---------validcode:,4837
#------getTeacherExcel get teacher class table-------#
#---------validcode:,4837
#------getTeacherExcel get teacher class table-------#
200,OK
#-------getValidcode-------#
200,OK
#-------getValidcode-------#
200,OK
2010772-obtain validcode fail
1
obtain validcode fail
#------getCourse session_header-------#
200,OK
0001489-obtain validcode fail
1
obtain validcode fail
#------getCourse session_header-------#
200,OK
200,OK
200,OK
#-------getValidcode-------#
200,OK
#-------getValidcode-------#
200,OK
200,OK
#---------validcode:,DKCG
#------getTeacherExcel get teacher class table-------#
#---------validcode:,G4 32
#------getTeacherExcel get teacher class table-------#
200,OK
2010073-
#------getCourse session_header-------#
#---------validcode:,
#------getTeacherExcel get teacher class table-------#
#---------validcode:,EJE
#------getTeacherExcel get teacher class table-------#
200,OK
2010012-obtain validcode fail
1
obtain validcode fail
#------getCourse session_header-------#
200,OK
#-------getValidcode-------#
200,OK
2010772-obtain validcode fail
1
obtain validcode fail
#------getCourse session_header-------#
200,OK
0001489-obtain validcode fail
1
obtain validcode fail
#------getCourse session_header-------#
200,OK
#-------getValidcode-------#
200,OK
200,OK
#-------getValidcode-------#
200,OK
#-------getValidcode-------#
200,OK
200,OK
200,OK
#---------validcode:,HRCK
#------getTeacherExcel get teacher class table-------#
200,OK
0001309-<table  width='100%' BORDER=0 align=center CELLPADDING=0 CELLSPACING=0 ><tr><td style='text-align:center;font-weight:bold;font-size:16pt'>遵义师范学院教师课表</td></tr><tr><td style='text-align:center;font-size:13px'>2016-2017学年第二学期</td></tr></table><br><table width=99% BORDER=0 align=center CELLPADDING=0 CELLSPACING=0><tr><td  width=80% align=left >部门：学生资助管理中心&ensp;&ensp;教师：杨静&ensp;&ensp;性别：男&ensp;&ensp;职称：讲师</td></tr></table><TABLE WIDTH=99% BORDER=1 align=center  CELLPADDING=0 CELLSPACING=0 bordercolorlight=#000000 bordercolordark=#FFFFFF><tr><td width='5%' align=center >序号</td><td width='25%' align=center >课程</td><td width='5%' align=center >学分</td><td width='9%' align=center >授课方式</td><td width='10%' align=center >课程类别</td><td width='5%' align=center >上课<br>班号</td><td width='9%' align=center >上课班级</td><td width='5%' align=center >上课<br>人数</td><td width='12%' align=center >时间</td><td width='15%' align=center >地点</td></tr><td width='5%' align='center' >1<br></td><td width='25%' align='left' >[280101]工程数学I<br></td><td width='5%' align='right' >4.0<br></td><td width='9%' align='left' >讲授<br></td><td width='10%' align='left' >专业基础课/必修课<br></td><td width='5%' align='center' >001<br></td><td width='9%' align='left' >16级通信工程本科班<br></td><td width='5%' align='right' >46<br></td><td width='12%' align='left' >1-16周&ensp;一[1-2节]<br></td><td width='15%' align='left' >执文楼334<br></td></tr><td width='5%' align='center' >2<br></td><td width='25%' align='left' ><br></td><td width='5%' align='right' ><br></td><td width='9%' align='left' ><br></td><td width='10%' align='left' ><br></td><td width='5%' align='center' ><br></td><td width='9%' align='left' ><br></td><td width='5%' align='right' ><br></td><td width='12%' align='left' >1-16周&ensp;二[3-4节]<br></td><td width='15%' align='left' >执文楼334<br></td></tr></table><TABLE name=theExportData WIDTH=100% BORDER=0 align=center CELLPADDING=0 CELLSPACING=0 ><tr><td width=100% ><b>注1：</b></td></tr><tr><td width=100% ><b>注2：</b></td></tr></table>
#------getCourse session_header-------#
#---------validcode:,EBPH
#------getTeacherExcel get teacher class table-------#
#---------validcode:,PABV
#------getTeacherExcel get teacher class table-------#
200,OK
#-------getValidcode-------#
#---------validcode:,G7 G9
#------getTeacherExcel get teacher class table-------#
200,OK
2010012-obtain validcode fail
1
obtain validcode fail
#------getCourse session_header-------#
200,OK
2010772-obtain validcode fail
1
obtain validcode fail
#------getCourse session_header-------#
200,OK
0001489-obtain validcode fail
1
obtain validcode fail
#------getCourse session_header-------#
200,OK
200,OK
#-------getValidcode-------#
200,OK
#-------getValidcode-------#
200,OK
#-------getValidcode-------#
200,OK
200,OK
200,OK
#---------validcode:,PFGA
#------getTeacherExcel get teacher class table-------#
200,OK
2015076-<table  width='100%' BORDER=0 align=center CELLPADDING=0 CELLSPACING=0 ><tr><td style='text-align:center;font-weight:bold;font-size:16pt'>遵义师范学院教师课表</td></tr><tr><td style='text-align:center;font-size:13px'>2016-2017学年第二学期</td></tr></table><br><table width=99% BORDER=0 align=center CELLPADDING=0 CELLSPACING=0><tr><td  width=80% align=left >部门：美术学院&ensp;&ensp;教师：张显飞&ensp;&ensp;性别：男&ensp;&ensp;职称：</td></tr></table><TABLE WIDTH=99% BORDER=1 align=center  CELLPADDING=0 CELLSPACING=0 bordercolorlight=#000000 bordercolordark=#FFFFFF><tr><td width='5%' align=center >序号</td><td width='25%' align=center >课程</td><td width='5%' align=center >学分</td><td width='9%' align=center >授课方式</td><td width='10%' align=center >课程类别</td><td width='5%' align=center >上课<br>班号</td><td width='9%' align=center >上课班级</td><td width='5%' align=center >上课<br>人数</td><td width='12%' align=center >时间</td><td width='15%' align=center >地点</td></tr><td width='5%' align='center' >1<br></td><td width='25%' align='left' >[370174]素描风景·场景<br></td><td width='5%' align='right' >2.0<br></td><td width='9%' align='left' >讲授<br></td><td width='10%' align='left' >专业课/限选课<br></td><td width='5%' align='center' >002<br></td><td width='9%' align='left' >2015级美术学本科(1)班 2015级美术学本科(2)班<br></td><td width='5%' align='right' >9<br></td><td width='12%' align='left' >9-12周&ensp;三[1-4节]<br></td><td width='15%' align='left' >执艺楼A408<br></td></tr><td width='5%' align='center' >2<br></td><td width='25%' align='left' ><br></td><td width='5%' align='right' ><br></td><td width='9%' align='left' ><br></td><td width='10%' align='left' ><br></td><td width='5%' align='center' ><br></td><td width='9%' align='left' ><br></td><td width='5%' align='right' ><br></td><td width='12%' align='left' >9-12周&ensp;三[5-8节]<br></td><td width='15%' align='left' >执艺楼A408<br></td></tr><td width='5%' align='center' >3<br></td><td width='25%' align='left' ><br></td><td width='5%' align='right' ><br></td><td width='9%' align='left' ><br></td><td width='10%' align='left' ><br></td><td width='5%' align='center' ><br></td><td width='9%' align='left' ><br></td><td width='5%' align='right' ><br></td><td width='12%' align='left' >9-12周&ensp;四[1-4节]<br></td><td width='15%' align='left' >执艺楼A408<br></td></tr><td width='5%' align='center' >4<br></td><td width='25%' align='left' ><br></td><td width='5%' align='right' ><br></td><td width='9%' align='left' ><br></td><td width='10%' align='left' ><br></td><td width='5%' align='center' ><br></td><td width='9%' align='left' ><br></td><td width='5%' align='right' ><br></td><td width='12%' align='left' >9-12周&ensp;四[5-8节]<br></td><td width='15%' align='left' >执艺楼A408<br></td></tr><td width='5%' align='center' >5<br></td><td width='25%' align='left' >[370175]油画风景·场景<br></td><td width='5%' align='right' >2.5<br></td><td width='9%' align='left' >讲授<br></td><td width='10%' align='left' >专业课/限选课<br></td><td width='5%' align='center' >001<br></td><td width='9%' align='left' >2015级美术学本科(1)班 2015级美术学本科(2)班<br></td><td width='5%' align='right' >11<br></td><td width='12%' align='left' >13-16周&ensp;三[1-4节]<br></td><td width='15%' align='left' >执艺楼A409<br></td></tr><td width='5%' align='center' >6<br></td><td width='25%' align='left' ><br></td><td width='5%' align='right' ><br></td><td width='9%' align='left' ><br></td><td width='10%' align='left' ><br></td><td width='5%' align='center' ><br></td><td width='9%' align='left' ><br></td><td width='5%' align='right' ><br></td><td width='12%' align='left' >13-16周&ensp;三[5-8节]<br></td><td width='15%' align='left' >执艺楼A409<br></td></tr><td width='5%' align='center' >7<br></td><td width='25%' align='left' ><br></td><td width='5%' align='right' ><br></td><td width='9%' align='left' ><br></td><td width='10%' align='left' ><br></td><td width='5%' align='center' ><br></td><td width='9%' align='left' ><br></td><td width='5%' align='right' ><br></td><td width='12%' align='left' >13-16周&ensp;四[1-4节]<br></td><td width='15%' align='left' >执艺楼A409<br></td></tr><td width='5%' align='center' >8<br></td><td width='25%' align='left' ><br></td><td width='5%' align='right' ><br></td><td width='9%' align='left' ><br></td><td width='10%' align='left' ><br></td><td width='5%' align='center' ><br></td><td width='9%' align='left' ><br></td><td width='5%' align='right' ><br></td><td width='12%' align='left' >13-16周&ensp;四[5-8节]<br></td><td width='15%' align='left' >执艺楼A409<br></td></tr></table><TABLE name=theExportData WIDTH=100% BORDER=0 align=center CELLPADDING=0 CELLSPACING=0 ><tr><td width=100% ><b>注1：</b></td></tr><tr><td width=100% ><b>注2：</b></td></tr></table>
#---------validcode:,8Q9R
#------getTeacherExcel get teacher class table-------#
#---------validcode:,B37A
#------getTeacherExcel get teacher class table-------#
#---------validcode:,B37A
#------getTeacherExcel get teacher class table-------#
200,OK
2010772-obtain validcode fail
1
obtain validcode fail
#------getCourse session_header-------#
200,OK
0001489-obtain validcode fail
1
obtain validcode fail
#------getCourse session_header-------#
200,OK
2010012-<table  width='100%' BORDER=0 align=center CELLPADDING=0 CELLSPACING=0 ><tr><td style='text-align:center;font-weight:bold;font-size:16pt'>遵义师范学院教师课表</td></tr><tr><td style='text-align:center;font-size:13px'>2016-2017学年第一学期</td></tr></table><br><table width=99% BORDER=0 align=center CELLPADDING=0 CELLSPACING=0><tr><td  width=80% align=left >部门：历史文化与旅游学院&ensp;&ensp;教师：洪圣达&ensp;&ensp;性别：男&ensp;&ensp;职称：</td></tr></table><TABLE WIDTH=99% BORDER=1 align=center  CELLPADDING=0 CELLSPACING=0 bordercolorlight=#000000 bordercolordark=#FFFFFF><tr><td width='5%' align=center >序号</td><td width='25%' align=center >课程</td><td width='5%' align=center >学分</td><td width='9%' align=center >授课方式</td><td width='10%' align=center >课程类别</td><td width='5%' align=center >上课<br>班号</td><td width='9%' align=center >上课班级</td><td width='5%' align=center >上课<br>人数</td><td width='12%' align=center >时间</td><td width='15%' align=center >地点</td></tr><td width='5%' align='center' >1<br></td><td width='25%' align='left' >[170402]大学体育Ⅲ<br></td><td width='5%' align='right' >1.5<br></td><td width='9%' align='left' >讲授<br></td><td width='10%' align='left' >公共课/必修课<br></td><td width='5%' align='center' >048<br></td><td width='9%' align='left' >2015级英语本科(3)班 2015级翻译本科班 2015级数学本科(1)班 2015级数学本科(2)班 2015级统计学本科班 2015级数学(模仿)本科班 2015级物理本科班 2015级网络本科班<br></td><td width='5%' align='right' >35<br></td><td width='12%' align='left' >1-8周&ensp;二[3-4节]<br></td><td width='15%' align='left' ><br></td></tr><td width='5%' align='center' >2<br></td><td width='25%' align='left' ><br></td><td width='5%' align='right' ><br></td><td width='9%' align='left' >讲授<br></td><td width='10%' align='left' >公共课/必修课<br></td><td width='5%' align='center' >057<br></td><td width='9%' align='left' >2015级科学教育本科班 2015级应用电子技术专科班 2015级电子本科班 2015级材化(无机)本科班 2015级材化(有机)本科班 2015级生物本科(1)班 2015级生物本科(2)班 2015级植物科学本科班 2015级物联网本科班<br></td><td width='5%' align='right' >34<br></td><td width='12%' align='left' >9-16周&ensp;二[3-4节]<br></td><td width='15%' align='left' ><br></td></tr><td width='5%' align='center' >3<br></td><td width='25%' align='left' ><br></td><td width='5%' align='right' ><br></td><td width='9%' align='left' >讲授<br></td><td width='10%' align='left' >公共课/必修课<br></td><td width='5%' align='center' >066<br></td><td width='9%' align='left' >2015级计科本科班 2015级土木本科(1)班 2015级土木本科(2)班 2015级应用心理学本科班 2015级学前教育本科班 2015级小学教育本科班<br></td><td width='5%' align='right' >34<br></td><td width='12%' align='left' >1-8周&ensp;二[5-6节]<br></td><td width='15%' align='left' ><br></td></tr><td width='5%' align='center' >4<br></td><td width='25%' align='left' ><br></td><td width='5%' align='right' ><br></td><td width='9%' align='left' >讲授<br></td><td width='10%' align='left' >公共课/必修课<br></td><td width='5%' align='center' >075<br></td><td width='9%' align='left' >2015级化学本科班 2015级应化(检测)本科班 2015级应化(精化)本科班 2015级生科(养殖)本科班 2015级植科(栽培)本科班 2015级机械设计制造本科班 2015级环境工程本科(1)班 2015级环境工程本科(2)班 2015级社工(养老)本科班<br></td><td width='5%' align='right' >36<br></td><td width='12%' align='left' >9-16周&ensp;二[5-6节]<br></td><td width='15%' align='left' ><br></td></tr><td width='5%' align='center' >5<br></td><td width='25%' align='left' >[430015]规范字书写Ⅰ（专）<br></td><td width='5%' align='right' >1.0<br></td><td width='9%' align='left' >讲授<br></td><td width='10%' align='left' >公共课/必修课<br></td><td width='5%' align='center' >012<br></td><td width='9%' align='left' >16级学前教育专科(1)班<br></td><td width='5%' align='right' >55<br></td><td width='12%' align='left' >5-18周&ensp;三[6节]<br></td><td width='15%' align='left' >执毓楼114<br></td></tr><td width='5%' align='center' >6<br></td><td width='25%' align='left' ><br></td><td width='5%' align='right' ><br></td><td width='9%' align='left' >讲授<br></td><td width='10%' align='left' >公共课/必修课<br></td><td width='5%' align='center' >013<br></td><td width='9%' align='left' >16级学前教育专科(2)班<br></td><td width='5%' align='right' >56<br></td><td width='12%' align='left' >5-18周&ensp;三[7节]<br></td><td width='15%' align='left' >执毓楼115<br></td></tr><td width='5%' align='center' >7<br></td><td width='25%' align='left' ><br></td><td width='5%' align='right' ><br></td><td width='9%' align='left' >讲授<br></td><td width='10%' align='left' >公共课/必修课<br></td><td width='5%' align='center' >015<br></td><td width='9%' align='left' >16级学前教育专科(4)班<br></td><td width='5%' align='right' >56<br></td><td width='12%' align='left' >5-18周&ensp;三[8节]<br></td><td width='15%' align='left' >执毓楼204<br></td></tr><td width='5%' align='center' >8<br></td><td width='25%' align='left' ><br></td><td width='5%' align='right' ><br></td><td width='9%' align='left' >讲授<br></td><td width='10%' align='left' >公共课/必修课<br></td><td width='5%' align='center' >016<br></td><td width='9%' align='left' >16级学前教育专科(5)班<br></td><td width='5%' align='right' >53<br></td><td width='12%' align='left' >5-18周&ensp;三[5节]<br></td><td width='15%' align='left' >执毓楼206<br></td></tr></table><TABLE name=theExportData WIDTH=100% BORDER=0 align=center CELLPADDING=0 CELLSPACING=0 ><tr><td width=100% ><b>注1：</b></td></tr><tr><td width=100% ><b>注2：</b></td></tr></table>
#------getCourse session_header-------#
200,OK
#-------getValidcode-------#
200,OK
#-------getValidcode-------#
200,OK
200,OK
#---------validcode:,ZBZB
#------getTeacherExcel get teacher class table-------#
#---------validcode:,NJ 111
#------getTeacherExcel get teacher class table-------#
200,OK
2010772-obtain validcode fail
1
obtain validcode fail
#------getCourse session_header-------#
200,OK
0001489-obtain validcode fail
1
obtain validcode fail
#------getCourse session_header-------#
200,OK
#-------getValidcode-------#
200,OK
#-------getValidcode-------#
200,OK
200,OK
#---------validcode:,TVSM
#------getTeacherExcel get teacher class table-------#
#---------validcode:,
#------getTeacherExcel get teacher class table-------#
200,OK
0001489-obtain validcode fail
1
obtain validcode fail
#------getCourse session_header-------#
200,OK
2010772-
#------getCourse session_header-------#
200,OK
#-------getValidcode-------#
200,OK
#-------getValidcode-------#
200,OK
200,OK
200,OK
#-------getValidcode-------#
200,OK
#---------validcode:,5888
#------getTeacherExcel get teacher class table-------#
#---------validcode:,
#------getTeacherExcel get teacher class table-------#
200,OK
0001489-obtain validcode fail
1
obtain validcode fail
#------getCourse session_header-------#
200,OK
2010895-obtain validcode fail
1
obtain validcode fail
#------getCourse session_header-------#
#---------validcode:,FVKH
#------getTeacherExcel get teacher class table-------#
200,OK
#-------getValidcode-------#
200,OK
#-------getValidcode-------#
200,OK
200,OK
200,OK
0001264-<table  width='100%' BORDER=0 align=center CELLPADDING=0 CELLSPACING=0 ><tr><td style='text-align:center;font-weight:bold;font-size:16pt'>遵义师范学院教师课表</td></tr><tr><td style='text-align:center;font-size:13px'>2016-2017学年第一学期</td></tr></table><br><table width=99% BORDER=0 align=center CELLPADDING=0 CELLSPACING=0><tr><td  width=80% align=left >部门：音乐与舞蹈学院&ensp;&ensp;教师：黄静&ensp;&ensp;性别：女&ensp;&ensp;职称：讲师</td></tr></table><TABLE WIDTH=99% BORDER=1 align=center  CELLPADDING=0 CELLSPACING=0 bordercolorlight=#000000 bordercolordark=#FFFFFF><tr><td width='5%' align=center >序号</td><td width='25%' align=center >课程</td><td width='5%' align=center >学分</td><td width='9%' align=center >授课方式</td><td width='10%' align=center >课程类别</td><td width='5%' align=center >上课<br>班号</td><td width='9%' align=center >上课班级</td><td width='5%' align=center >上课<br>人数</td><td width='12%' align=center >时间</td><td width='15%' align=center >地点</td></tr><td width='5%' align='center' >1<br></td><td width='25%' align='left' >[360159]贵州少数民族民间舞蹈素材<br></td><td width='5%' align='right' >2.0<br></td><td width='9%' align='left' >讲授<br></td><td width='10%' align='left' >专业课/必修课<br></td><td width='5%' align='center' >001<br></td><td width='9%' align='left' >16级舞蹈编导本科班<br></td><td width='5%' align='right' >60<br></td><td width='12%' align='left' >9-16周&ensp;四[5-8节]<br></td><td width='15%' align='left' >执韵楼B201<br></td></tr><td width='5%' align='center' >2<br></td><td width='25%' align='left' ><br></td><td width='5%' align='right' ><br></td><td width='9%' align='left' >讲授<br></td><td width='10%' align='left' >专业课/必修课<br></td><td width='5%' align='center' >002<br></td><td width='9%' align='left' >16级舞蹈编导本科班<br></td><td width='5%' align='right' >0<br></td><td width='12%' align='left' >9-16周&ensp;三[5-8节]<br></td><td width='15%' align='left' >执韵楼B201<br></td></tr><td width='5%' align='center' >3<br></td><td width='25%' align='left' ><br></td><td width='5%' align='right' ><br></td><td width='9%' align='left' >讲授<br></td><td width='10%' align='left' >专业课/必修课<br></td><td width='5%' align='center' >003<br></td><td width='9%' align='left' >16级舞蹈编导本科班<br></td><td width='5%' align='right' >0<br></td><td width='12%' align='left' >9-16周&ensp;四[1-4节]<br></td><td width='15%' align='left' >执韵楼B201<br></td></tr></table><TABLE name=theExportData WIDTH=100% BORDER=0 align=center CELLPADDING=0 CELLSPACING=0 ><tr><td width=100% ><b>注1：</b></td></tr><tr><td width=100% ><b>注2：</b></td></tr></table>
#------getCourse session_header-------#
200,OK
#-------getValidcode-------#
200,OK
#---------validcode:,ENXB
#------getTeacherExcel get teacher class table-------#
#---------validcode:,ENXB
#------getTeacherExcel get teacher class table-------#
#---------validcode:,
#------getTeacherExcel get teacher class table-------#
200,OK
2010895-
200,OK
0001489-
#------getCourse session_header-------#
200,OK
2012025-obtain validcode fail
1
obtain validcode fail
#------getCourse session_header-------#
200,OK
#-------getValidcode-------#
200,OK
#-------getValidcode-------#
200,OK
200,OK
#---------validcode:,67W
#------getTeacherExcel get teacher class table-------#
#---------validcode:,
#------getTeacherExcel get teacher class table-------#
200,OK
2014059-obtain validcode fail
1
obtain validcode fail
#------getCourse session_header-------#
200,OK
2012025-obtain validcode fail
1
obtain validcode fail
#------getCourse session_header-------#
200,OK
#-------getValidcode-------#
200,OK
#-------getValidcode-------#
200,OK
200,OK
#---------validcode:,HWZ
#------getTeacherExcel get teacher class table-------#
#---------validcode:,
#------getTeacherExcel get teacher class table-------#
200,OK
2014059-obtain validcode fail
1
obtain validcode fail
#------getCourse session_header-------#
200,OK
2012025-obtain validcode fail
1
obtain validcode fail
#------getCourse session_header-------#
200,OK
#-------getValidcode-------#
200,OK
#-------getValidcode-------#
200,OK
200,OK
#---------validcode:,K1379
#------getTeacherExcel get teacher class table-------#
#---------validcode:,7 V2
#------getTeacherExcel get teacher class table-------#
200,OK
2014059-obtain validcode fail
1
obtain validcode fail
#------getCourse session_header-------#
200,OK
2012025-obtain validcode fail
1
obtain validcode fail
#------getCourse session_header-------#
200,OK
#-------getValidcode-------#
200,OK
#-------getValidcode-------#
200,OK
200,OK
#---------validcode:,
#------getTeacherExcel get teacher class table-------#
#---------validcode:,
#------getTeacherExcel get teacher class table-------#
200,OK
2014059-obtain validcode fail
1
obtain validcode fail
#------getCourse session_header-------#
200,OK
2012025-obtain validcode fail
1
obtain validcode fail
#------getCourse session_header-------#
200,OK
#-------getValidcode-------#
200,OK
#-------getValidcode-------#
200,OK
200,OK
#---------validcode:,
#------getTeacherExcel get teacher class table-------#
#---------validcode:,
#------getTeacherExcel get teacher class table-------#
200,OK
2014059-obtain validcode fail
1
obtain validcode fail
#------getCourse session_header-------#
200,OK
2012025-obtain validcode fail
1
obtain validcode fail
#------getCourse session_header-------#
200,OK
#-------getValidcode-------#
200,OK
#-------getValidcode-------#
200,OK
200,OK
#---------validcode:,
#------getTeacherExcel get teacher class table-------#
#---------validcode:,GGJX
#------getTeacherExcel get teacher class table-------#
200,OK
2012025-obtain validcode fail
1
obtain validcode fail
#------getCourse session_header-------#
200,OK
2014059-obtain validcode fail
1
obtain validcode fail
#------getCourse session_header-------#
200,OK
#-------getValidcode-------#
200,OK
#-------getValidcode-------#
200,OK
200,OK
#---------validcode:,31 GS
#------getTeacherExcel get teacher class table-------#
#---------validcode:,5QT5
#------getTeacherExcel get teacher class table-------#
200,OK
2012025-obtain validcode fail
1
obtain validcode fail
#------getCourse session_header-------#
200,OK
2014059-
#------getCourse session_header-------#
200,OK
#-------getValidcode-------#
200,OK
#-------getValidcode-------#
200,OK
200,OK
#---------validcode:,NQXC
#------getTeacherExcel get teacher class table-------#
#---------validcode:,4 X313
#------getTeacherExcel get teacher class table-------#
200,OK
2012025-
#------getCourse session_header-------#
200,OK
2010863-obtain validcode fail
1
obtain validcode fail
#------getCourse session_header-------#
200,OK
#-------getValidcode-------#
200,OK
#-------getValidcode-------#
200,OK
200,OK
#---------validcode:,QF65
#------getTeacherExcel get teacher class table-------#
#---------validcode:,QF65
#------getTeacherExcel get teacher class table-------#
200,OK
200,OK
0001333-<table  width='100%' BORDER=0 align=center CELLPADDING=0 CELLSPACING=0 ><tr><td style='text-align:center;font-weight:bold;font-size:16pt'>遵义师范学院教师课表</td></tr><tr><td style='text-align:center;font-size:13px'>2016-2017学年第一学期</td></tr></table><br><table width=99% BORDER=0 align=center CELLPADDING=0 CELLSPACING=0><tr><td  width=80% align=left >部门：外国语学院&ensp;&ensp;教师：岳筑&ensp;&ensp;性别：女&ensp;&ensp;职称：</td></tr></table><TABLE WIDTH=99% BORDER=1 align=center  CELLPADDING=0 CELLSPACING=0 bordercolorlight=#000000 bordercolordark=#FFFFFF><tr><td width='5%' align=center >序号</td><td width='25%' align=center >课程</td><td width='5%' align=center >学分</td><td width='9%' align=center >授课方式</td><td width='10%' align=center >课程类别</td><td width='5%' align=center >上课<br>班号</td><td width='9%' align=center >上课班级</td><td width='5%' align=center >上课<br>人数</td><td width='12%' align=center >时间</td><td width='15%' align=center >地点</td></tr><td width='5%' align='center' >1<br></td><td width='25%' align='left' >[040105]英语写作Ⅲ<br></td><td width='5%' align='right' >2.0<br></td><td width='9%' align='left' >讲授<br></td><td width='10%' align='left' >专业课/必修课<br></td><td width='5%' align='center' >001<br></td><td width='9%' align='left' >2014级英语本科(1)班<br></td><td width='5%' align='right' >42<br></td><td width='12%' align='left' >1-18周&ensp;三[1-2节]<br></td><td width='15%' align='left' >执文楼304<br></td></tr><td width='5%' align='center' >2<br></td><td width='25%' align='left' ><br></td><td width='5%' align='right' ><br></td><td width='9%' align='left' >讲授<br></td><td width='10%' align='left' >专业课/必修课<br></td><td width='5%' align='center' >002<br></td><td width='9%' align='left' >2014级英语本科(2)班<br></td><td width='5%' align='right' >44<br></td><td width='12%' align='left' >1-18周&ensp;三[3-4节]<br></td><td width='15%' align='left' >执文楼305<br></td></tr><td width='5%' align='center' >3<br></td><td width='25%' align='left' ><br></td><td width='5%' align='right' ><br></td><td width='9%' align='left' >讲授<br></td><td width='10%' align='left' >专业课/必修课<br></td><td width='5%' align='center' >003<br></td><td width='9%' align='left' >2014级英语本科(3)班<br></td><td width='5%' align='right' >45<br></td><td width='12%' align='left' >1-18周&ensp;四[5-6节]<br></td><td width='15%' align='left' >执文楼306<br></td></tr><td width='5%' align='center' >4<br></td><td width='25%' align='left' ><br></td><td width='5%' align='right' ><br></td><td width='9%' align='left' >讲授<br></td><td width='10%' align='left' >专业课/必修课<br></td><td width='5%' align='center' >004<br></td><td width='9%' align='left' >2014级英语本科(4)班<br></td><td width='5%' align='right' >44<br></td><td width='12%' align='left' >1-18周&ensp;四[7-8节]<br></td><td width='15%' align='left' >执文楼307<br></td></tr></table><TABLE name=theExportData WIDTH=100% BORDER=0 align=center CELLPADDING=0 CELLSPACING=0 ><tr><td width=100% ><b>注1：</b></td></tr><tr><td width=100% ><b>注2：</b></td></tr></table>
#------getCourse session_header-------#
2010863-<table  width='100%' BORDER=0 align=center CELLPADDING=0 CELLSPACING=0 ><tr><td style='text-align:center;font-weight:bold;font-size:16pt'>遵义师范学院教师课表</td></tr><tr><td style='text-align:center;font-size:13px'>2017-2018学年第一学期</td></tr></table><br><table width=99% BORDER=0 align=center CELLPADDING=0 CELLSPACING=0><tr><td  width=80% align=left >部门：音乐与舞蹈学院&ensp;&ensp;教师：李应波&ensp;&ensp;性别：男&ensp;&ensp;职称：</td></tr></table><TABLE WIDTH=99% BORDER=1 align=center  CELLPADDING=0 CELLSPACING=0 bordercolorlight=#000000 bordercolordark=#FFFFFF><tr><td width='5%' align=center >序号</td><td width='25%' align=center >课程</td><td width='5%' align=center >学分</td><td width='9%' align=center >授课方式</td><td width='10%' align=center >课程类别</td><td width='5%' align=center >上课<br>班号</td><td width='9%' align=center >上课班级</td><td width='5%' align=center >上课<br>人数</td><td width='12%' align=center >时间</td><td width='15%' align=center >地点</td></tr><td width='5%' align='center' >1<br></td><td width='25%' align='left' >[360329]声乐主修Ⅴ<br></td><td width='5%' align='right' >1.0<br></td><td width='9%' align='left' >讲授<br></td><td width='10%' align='left' >专业基础课/限选课<br></td><td width='5%' align='center' >022<br></td><td width='9%' align='left' >2015级音乐表演本科班<br></td><td width='5%' align='right' >1<br></td><td width='12%' align='left' >1-16周&ensp;三[3节]<br></td><td width='15%' align='left' >执韵楼D202<br></td></tr><td width='5%' align='center' >2<br></td><td width='25%' align='left' ><br></td><td width='5%' align='right' ><br></td><td width='9%' align='left' >讲授<br></td><td width='10%' align='left' >专业基础课/限选课<br></td><td width='5%' align='center' >023<br></td><td width='9%' align='left' >2015级音乐表演本科班<br></td><td width='5%' align='right' >1<br></td><td width='12%' align='left' >1-16周&ensp;三[4节]<br></td><td width='15%' align='left' >执韵楼D202<br></td></tr></table><TABLE name=theExportData WIDTH=100% BORDER=0 align=center CELLPADDING=0 CELLSPACING=0 ><tr><td width=100% ><b>注1：</b></td></tr><tr><td width=100% ><b>注2：</b></td></tr></table>
#------getCourse session_header-------#
200,OK
#-------getValidcode-------#
200,OK
#-------getValidcode-------#
200,OK
200,OK
#---------validcode:,T87M
#------getTeacherExcel get teacher class table-------#
#---------validcode:,YTQD
#------getTeacherExcel get teacher class table-------#
200,OK
0000777-
200,OK
0001806-<table  width='100%' BORDER=0 align=center CELLPADDING=0 CELLSPACING=0 ><tr><td style='text-align:center;font-weight:bold;font-size:16pt'>遵义师范学院教师课表</td></tr><tr><td style='text-align:center;font-size:13px'>2017-2018学年第一学期</td></tr></table><br><table width=99% BORDER=0 align=center CELLPADDING=0 CELLSPACING=0><tr><td  width=80% align=left >部门：物理与电子科学学院&ensp;&ensp;教师：任重丹&ensp;&ensp;性别：男&ensp;&ensp;职称：</td></tr></table><TABLE WIDTH=99% BORDER=1 align=center  CELLPADDING=0 CELLSPACING=0 bordercolorlight=#000000 bordercolordark=#FFFFFF><tr><td width='5%' align=center >序号</td><td width='25%' align=center >课程</td><td width='5%' align=center >学分</td><td width='9%' align=center >授课方式</td><td width='10%' align=center >课程类别</td><td width='5%' align=center >上课<br>班号</td><td width='9%' align=center >上课班级</td><td width='5%' align=center >上课<br>人数</td><td width='12%' align=center >时间</td><td width='15%' align=center >地点</td></tr><td width='5%' align='center' >1<br></td><td width='25%' align='left' >[290151]力学<br></td><td width='5%' align='right' >3.0<br></td><td width='9%' align='left' >讲授<br></td><td width='10%' align='left' >专业基础课/必修课<br></td><td width='5%' align='center' >001<br></td><td width='9%' align='left' >17级材料物理本科班<br></td><td width='5%' align='right' >0<br></td><td width='12%' align='left' >5-18周&ensp;二[3-4节]<br></td><td width='15%' align='left' >执矩楼420<br></td></tr><td width='5%' align='center' >2<br></td><td width='25%' align='left' ><br></td><td width='5%' align='right' ><br></td><td width='9%' align='left' ><br></td><td width='10%' align='left' ><br></td><td width='5%' align='center' ><br></td><td width='9%' align='left' ><br></td><td width='5%' align='right' ><br></td><td width='12%' align='left' >5-18周&ensp;四[1-2节]<br></td><td width='15%' align='left' >执矩楼420<br></td></tr><td width='5%' align='center' >3<br></td><td width='25%' align='left' ><br></td><td width='5%' align='right' ><br></td><td width='9%' align='left' >讲授<br></td><td width='10%' align='left' >专业基础课/必修课<br></td><td width='5%' align='center' >002<br></td><td width='9%' align='left' >17级物理本科班<br></td><td width='5%' align='right' >0<br></td><td width='12%' align='left' >5-18周&ensp;二[1-2节]<br></td><td width='15%' align='left' >执矩楼434<br></td></tr><td width='5%' align='center' >4<br></td><td width='25%' align='left' ><br></td><td width='5%' align='right' ><br></td><td width='9%' align='left' ><br></td><td width='10%' align='left' ><br></td><td width='5%' align='center' ><br></td><td width='9%' align='left' ><br></td><td width='5%' align='right' ><br></td><td width='12%' align='left' >5-18周&ensp;四[3-4节]<br></td><td width='15%' align='left' >执矩楼434<br></td></tr><td width='5%' align='center' >5<br></td><td width='25%' align='left' >[290264]数学综合训练I<br></td><td width='5%' align='right' >2.0<br></td><td width='9%' align='left' >讲授<br></td><td width='10%' align='left' >专业课/任选课<br></td><td width='5%' align='center' >001<br></td><td width='9%' align='left' >2015级电子本科班<br></td><td width='5%' align='right' >35<br></td><td width='12%' align='left' >1-16周&ensp;三[5-6节]<br></td><td width='15%' align='left' >执矩楼434<br></td></tr><td width='5%' align='center' >6<br></td><td width='25%' align='left' >[290375]物理学史<br></td><td width='5%' align='right' >1.5<br></td><td width='9%' align='left' >讲授<br></td><td width='10%' align='left' >专业课/限选课<br></td><td width='5%' align='center' >001<br></td><td width='9%' align='left' >16级科学教育本科班<br></td><td width='5%' align='right' >27<br></td><td width='12%' align='left' >1-16周&ensp;二[5-6节]<br></td><td width='15%' align='left' >执矩楼425<br></td></tr></table><TABLE name=theExportData WIDTH=100% BORDER=0 align=center CELLPADDING=0 CELLSPACING=0 ><tr><td width=100% ><b>注1：</b></td></tr><tr><td width=100% ><b>注2：</b></td></tr></table>
#------getCourse session_header-------#
200,OK
#-------getValidcode-------#
200,OK
#---------validcode:,2JX6
#------getTeacherExcel get teacher class table-------#
200,OK
0001116-<table  width='100%' BORDER=0 align=center CELLPADDING=0 CELLSPACING=0 ><tr><td style='text-align:center;font-weight:bold;font-size:16pt'>遵义师范学院教师课表</td></tr><tr><td style='text-align:center;font-size:13px'>2017-2018学年第一学期</td></tr></table><br><table width=99% BORDER=0 align=center CELLPADDING=0 CELLSPACING=0><tr><td  width=80% align=left >部门：数学学院&ensp;&ensp;教师：汤小燕&ensp;&ensp;性别：女&ensp;&ensp;职称：讲师</td></tr></table><TABLE WIDTH=99% BORDER=1 align=center  CELLPADDING=0 CELLSPACING=0 bordercolorlight=#000000 bordercolordark=#FFFFFF><tr><td width='5%' align=center >序号</td><td width='25%' align=center >课程</td><td width='5%' align=center >学分</td><td width='9%' align=center >授课方式</td><td width='10%' align=center >课程类别</td><td width='5%' align=center >上课<br>班号</td><td width='9%' align=center >上课班级</td><td width='5%' align=center >上课<br>人数</td><td width='12%' align=center >时间</td><td width='15%' align=center >地点</td></tr><td width='5%' align='center' >1<br></td><td width='25%' align='left' >[280061]数学分析Ⅰ<br></td><td width='5%' align='right' >5.0<br></td><td width='9%' align='left' >讲授<br></td><td width='10%' align='left' >专业基础课/必修课<br></td><td width='5%' align='center' >003<br></td><td width='9%' align='left' >17级数学本科(3)班<br></td><td width='5%' align='right' >0<br></td><td width='12%' align='left' >4-18周&ensp;一[1-2节]<br></td><td width='15%' align='left' >执理楼308<br></td></tr><td width='5%' align='center' >2<br></td><td width='25%' align='left' ><br></td><td width='5%' align='right' ><br></td><td width='9%' align='left' ><br></td><td width='10%' align='left' ><br></td><td width='5%' align='center' ><br></td><td width='9%' align='left' ><br></td><td width='5%' align='right' ><br></td><td width='12%' align='left' >4-18周&ensp;三[1-2节]<br></td><td width='15%' align='left' >执理楼308<br></td></tr><td width='5%' align='center' >3<br></td><td width='25%' align='left' ><br></td><td width='5%' align='right' ><br></td><td width='9%' align='left' ><br></td><td width='10%' align='left' ><br></td><td width='5%' align='center' ><br></td><td width='9%' align='left' ><br></td><td width='5%' align='right' ><br></td><td width='12%' align='left' >4-18周&ensp;四[3-4节]<br></td><td width='15%' align='left' >执理楼308<br></td></tr><td width='5%' align='center' >4<br></td><td width='25%' align='left' ><br></td><td width='5%' align='right' ><br></td><td width='9%' align='left' >讲授<br></td><td width='10%' align='left' >专业基础课/必修课<br></td><td width='5%' align='center' >004<br></td><td width='9%' align='left' >17级计信本科班<br></td><td width='5%' align='right' >0<br></td><td width='12%' align='left' >4-18周&ensp;一[3-4节]<br></td><td width='15%' align='left' >执理楼304<br></td></tr><td width='5%' align='center' >5<br></td><td width='25%' align='left' ><br></td><td width='5%' align='right' ><br></td><td width='9%' align='left' ><br></td><td width='10%' align='left' ><br></td><td width='5%' align='center' ><br></td><td width='9%' align='left' ><br></td><td width='5%' align='right' ><br></td><td width='12%' align='left' >4-18周&ensp;三[3-4节]<br></td><td width='15%' align='left' >执理楼304<br></td></tr><td width='5%' align='center' >6<br></td><td width='25%' align='left' ><br></td><td width='5%' align='right' ><br></td><td width='9%' align='left' ><br></td><td width='10%' align='left' ><br></td><td width='5%' align='center' ><br></td><td width='9%' align='left' ><br></td><td width='5%' align='right' ><br></td><td width='12%' align='left' >4-18周&ensp;四[1-2节]<br></td><td width='15%' align='left' >执理楼304<br></td></tr></table><TABLE name=theExportData WIDTH=100% BORDER=0 align=center CELLPADDING=0 CELLSPACING=0 ><tr><td width=100% ><b>注1：</b></td></tr><tr><td width=100% ><b>注2：</b></td></tr></table>
#------getCourse session_header-------#
200,OK
#-------getValidcode-------#
200,OK
#---------validcode:,
#------getTeacherExcel get teacher class table-------#
200,OK
2010786-obtain validcode fail
1
obtain validcode fail
#------getCourse session_header-------#
200,OK
#-------getValidcode-------#
200,OK
#---------validcode:,47ZQ
#------getTeacherExcel get teacher class table-------#
200,OK
2010786-
#------getCourse session_header-------#
200,OK
#-------getValidcode-------#
200,OK
#---------validcode:,3YCH
#------getTeacherExcel get teacher class table-------#
200,OK
0001126-<table  width='100%' BORDER=0 align=center CELLPADDING=0 CELLSPACING=0 ><tr><td style='text-align:center;font-weight:bold;font-size:16pt'>遵义师范学院教师课表</td></tr><tr><td style='text-align:center;font-size:13px'>2017-2018学年第一学期</td></tr></table><br><table width=99% BORDER=0 align=center CELLPADDING=0 CELLSPACING=0><tr><td  width=80% align=left >部门：国际教育学院（国际交流合作处）&ensp;&ensp;教师：张以&ensp;&ensp;性别：女&ensp;&ensp;职称：助教</td></tr></table><TABLE WIDTH=99% BORDER=1 align=center  CELLPADDING=0 CELLSPACING=0 bordercolorlight=#000000 bordercolordark=#FFFFFF><tr><td width='5%' align=center >序号</td><td width='25%' align=center >课程</td><td width='5%' align=center >学分</td><td width='9%' align=center >授课方式</td><td width='10%' align=center >课程类别</td><td width='5%' align=center >上课<br>班号</td><td width='9%' align=center >上课班级</td><td width='5%' align=center >上课<br>人数</td><td width='12%' align=center >时间</td><td width='15%' align=center >地点</td></tr><td width='5%' align='center' >1<br></td><td width='25%' align='left' >[150012]大学英语Ⅰ<br></td><td width='5%' align='right' >3.5<br></td><td width='9%' align='left' >讲授<br></td><td width='10%' align='left' >公共课/必修课<br></td><td width='5%' align='center' >040<br></td><td width='9%' align='left' >17级思政本科(1)班<br></td><td width='5%' align='right' >0<br></td><td width='12%' align='left' >4-18周&ensp;三[1-2节]<br></td><td width='15%' align='left' >执治楼407<br></td></tr><td width='5%' align='center' >2<br></td><td width='25%' align='left' ><br></td><td width='5%' align='right' ><br></td><td width='9%' align='left' ><br></td><td width='10%' align='left' ><br></td><td width='5%' align='center' ><br></td><td width='9%' align='left' ><br></td><td width='5%' align='right' ><br></td><td width='12%' align='left' >4-18单周&ensp;五[3-4节]<br></td><td width='15%' align='left' >执治楼407<br></td></tr><td width='5%' align='center' >3<br></td><td width='25%' align='left' ><br></td><td width='5%' align='right' ><br></td><td width='9%' align='left' >讲授<br></td><td width='10%' align='left' >公共课/必修课<br></td><td width='5%' align='center' >058<br></td><td width='9%' align='left' >17级教育学本科班<br></td><td width='5%' align='right' >0<br></td><td width='12%' align='left' >4-18周&ensp;三[3-4节]<br></td><td width='15%' align='left' >执毓楼206<br></td></tr><td width='5%' align='center' >4<br></td><td width='25%' align='left' ><br></td><td width='5%' align='right' ><br></td><td width='9%' align='left' ><br></td><td width='10%' align='left' ><br></td><td width='5%' align='center' ><br></td><td width='9%' align='left' ><br></td><td width='5%' align='right' ><br></td><td width='12%' align='left' >4-18单周&ensp;五[1-2节]<br></td><td width='15%' align='left' >执毓楼206<br></td></tr></table><TABLE name=theExportData WIDTH=100% BORDER=0 align=center CELLPADDING=0 CELLSPACING=0 ><tr><td width=100% ><b>注1：</b></td></tr><tr><td width=100% ><b>注2：</b></td></tr></table>
