2018-01-02_14-00-01
#Sync---Grade:20171---Teachers:10
#------getCourse session_header-------#
200,OK
#-------getValidcode-------#
200,OK
#---------validcode:,
#------getTeacherExcel get teacher class table-------#
200,OK
0001281-obtain validcode fail
1
obtain validcode fail
#------getCourse session_header-------#
200,OK
#-------getValidcode-------#
200,OK
#---------validcode:,EYYU
#------getTeacherExcel get teacher class table-------#
200,OK
0001281-
#------getCourse session_header-------#
200,OK
#-------getValidcode-------#
200,OK
#---------validcode:,WDMH
#------getTeacherExcel get teacher class table-------#
200,OK
2010156-obtain validcode fail
1
obtain validcode fail
#------getCourse session_header-------#
200,OK
#-------getValidcode-------#
200,OK
#---------validcode:,
#------getTeacherExcel get teacher class table-------#
200,OK
2010156-obtain validcode fail
1
obtain validcode fail
#------getCourse session_header-------#
200,OK
#-------getValidcode-------#
200,OK
#---------validcode:,3TEF
#------getTeacherExcel get teacher class table-------#
200,OK
2010156-
#------getCourse session_header-------#
200,OK
#-------getValidcode-------#
200,OK
#---------validcode:,9SKH
#------getTeacherExcel get teacher class table-------#
200,OK
0000604-obtain validcode fail
1
obtain validcode fail
#------getCourse session_header-------#
200,OK
#-------getValidcode-------#
200,OK
#---------validcode:,GYXR
#------getTeacherExcel get teacher class table-------#
200,OK
0000604-obtain validcode fail
1
obtain validcode fail
#------getCourse session_header-------#
200,OK
#-------getValidcode-------#
200,OK
#---------validcode:,
#------getTeacherExcel get teacher class table-------#
200,OK
0000604-obtain validcode fail
1
obtain validcode fail
#------getCourse session_header-------#
200,OK
#-------getValidcode-------#
200,OK
#---------validcode:,N7 KP
#------getTeacherExcel get teacher class table-------#
200,OK
0000604-obtain validcode fail
1
obtain validcode fail
#------getCourse session_header-------#
200,OK
#-------getValidcode-------#
200,OK
#---------validcode:,
#------getTeacherExcel get teacher class table-------#
200,OK
0000604-obtain validcode fail
1
obtain validcode fail
#------getCourse session_header-------#
200,OK
#-------getValidcode-------#
200,OK
#---------validcode:,
#------getTeacherExcel get teacher class table-------#
200,OK
0000604-obtain validcode fail
1
obtain validcode fail
#------getCourse session_header-------#
200,OK
#-------getValidcode-------#
200,OK
#---------validcode:,VMUY
#------getTeacherExcel get teacher class table-------#
200,OK
0000604-
#------getCourse session_header-------#
200,OK
#-------getValidcode-------#
200,OK
#---------validcode:,S65Y
#------getTeacherExcel get teacher class table-------#
200,OK
0001304-obtain validcode fail
1
obtain validcode fail
#------getCourse session_header-------#
200,OK
#-------getValidcode-------#
200,OK
#---------validcode:,Q4GT
#------getTeacherExcel get teacher class table-------#
200,OK
0001304-obtain validcode fail
1
obtain validcode fail
#------getCourse session_header-------#
200,OK
#-------getValidcode-------#
200,OK
#---------validcode:,95NZ
#------getTeacherExcel get teacher class table-------#
200,OK
0001304-<table  width='100%' BORDER=0 align=center CELLPADDING=0 CELLSPACING=0 ><tr><td style='text-align:center;font-weight:bold;font-size:16pt'>遵义师范学院教师课表</td></tr><tr><td style='text-align:center;font-size:13px'>2017-2018学年第二学期</td></tr></table><br><table width=99% BORDER=0 align=center CELLPADDING=0 CELLSPACING=0><tr><td  width=80% align=left >部门：美术学院&ensp;&ensp;教师：沈宁波&ensp;&ensp;性别：男&ensp;&ensp;职称：</td></tr></table><TABLE WIDTH=99% BORDER=1 align=center  CELLPADDING=0 CELLSPACING=0 bordercolorlight=#000000 bordercolordark=#FFFFFF><tr><td width='5%' align=center >序号</td><td width='25%' align=center >课程</td><td width='5%' align=center >学分</td><td width='9%' align=center >授课方式</td><td width='10%' align=center >课程类别</td><td width='5%' align=center >上课<br>班号</td><td width='9%' align=center >上课班级</td><td width='5%' align=center >上课<br>人数</td><td width='12%' align=center >时间</td><td width='15%' align=center >地点</td></tr><td width='5%' align='center' >1<br></td><td width='25%' align='left' >[370416]写意山水临摹与技法研究<br></td><td width='5%' align='right' >1.5<br></td><td width='9%' align='left' >讲授<br></td><td width='10%' align='left' >专业课/限选课<br></td><td width='5%' align='center' >001<br></td><td width='9%' align='left' >2015级美术学本科(1)班 2015级美术学本科(2)班<br></td><td width='5%' align='right' >0<br></td><td width='12%' align='left' >1-3周&ensp;三[1-4节]<br></td><td width='15%' align='left' ><br></td></tr><td width='5%' align='center' >2<br></td><td width='25%' align='left' ><br></td><td width='5%' align='right' ><br></td><td width='9%' align='left' ><br></td><td width='10%' align='left' ><br></td><td width='5%' align='center' ><br></td><td width='9%' align='left' ><br></td><td width='5%' align='right' ><br></td><td width='12%' align='left' >1-3周&ensp;三[5-8节]<br></td><td width='15%' align='left' ><br></td></tr><td width='5%' align='center' >3<br></td><td width='25%' align='left' ><br></td><td width='5%' align='right' ><br></td><td width='9%' align='left' ><br></td><td width='10%' align='left' ><br></td><td width='5%' align='center' ><br></td><td width='9%' align='left' ><br></td><td width='5%' align='right' ><br></td><td width='12%' align='left' >1-3周&ensp;四[1-4节]<br></td><td width='15%' align='left' ><br></td></tr><td width='5%' align='center' >4<br></td><td width='25%' align='left' >[370417]写意山水语言表达与创作<br></td><td width='5%' align='right' >2.0<br></td><td width='9%' align='left' >讲授<br></td><td width='10%' align='left' >专业课/限选课<br></td><td width='5%' align='center' >001<br></td><td width='9%' align='left' >2015级美术学本科(1)班 2015级美术学本科(2)班<br></td><td width='5%' align='right' >0<br></td><td width='12%' align='left' >4-7周&ensp;三[1-4节]<br></td><td width='15%' align='left' ><br></td></tr><td width='5%' align='center' >5<br></td><td width='25%' align='left' ><br></td><td width='5%' align='right' ><br></td><td width='9%' align='left' ><br></td><td width='10%' align='left' ><br></td><td width='5%' align='center' ><br></td><td width='9%' align='left' ><br></td><td width='5%' align='right' ><br></td><td width='12%' align='left' >4-7周&ensp;三[5-8节]<br></td><td width='15%' align='left' ><br></td></tr><td width='5%' align='center' >6<br></td><td width='25%' align='left' ><br></td><td width='5%' align='right' ><br></td><td width='9%' align='left' ><br></td><td width='10%' align='left' ><br></td><td width='5%' align='center' ><br></td><td width='9%' align='left' ><br></td><td width='5%' align='right' ><br></td><td width='12%' align='left' >4-7周&ensp;四[1-4节]<br></td><td width='15%' align='left' ><br></td></tr><td width='5%' align='center' >7<br></td><td width='25%' align='left' >[370418]写意人物临摹与技法研究<br></td><td width='5%' align='right' >2.0<br></td><td width='9%' align='left' >讲授<br></td><td width='10%' align='left' >专业课/限选课<br></td><td width='5%' align='center' >001<br></td><td width='9%' align='left' >2015级美术学本科(1)班 2015级美术学本科(2)班<br></td><td width='5%' align='right' >0<br></td><td width='12%' align='left' >8-11周&ensp;三[1-4节]<br></td><td width='15%' align='left' ><br></td></tr><td width='5%' align='center' >8<br></td><td width='25%' align='left' ><br></td><td width='5%' align='right' ><br></td><td width='9%' align='left' ><br></td><td width='10%' align='left' ><br></td><td width='5%' align='center' ><br></td><td width='9%' align='left' ><br></td><td width='5%' align='right' ><br></td><td width='12%' align='left' >8-11周&ensp;三[5-8节]<br></td><td width='15%' align='left' ><br></td></tr><td width='5%' align='center' >9<br></td><td width='25%' align='left' ><br></td><td width='5%' align='right' ><br></td><td width='9%' align='left' ><br></td><td width='10%' align='left' ><br></td><td width='5%' align='center' ><br></td><td width='9%' align='left' ><br></td><td width='5%' align='right' ><br></td><td width='12%' align='left' >8-11周&ensp;四[1-4节]<br></td><td width='15%' align='left' ><br></td></tr><td width='5%' align='center' >10<br></td><td width='25%' align='left' >[370419]写意人物语言表达与主题创作<br></td><td width='5%' align='right' >2.0<br></td><td width='9%' align='left' >讲授<br></td><td width='10%' align='left' >专业课/限选课<br></td><td width='5%' align='center' >001<br></td><td width='9%' align='left' >2015级美术学本科(1)班 2015级美术学本科(2)班<br></td><td width='5%' align='right' >0<br></td><td width='12%' align='left' >12-16周&ensp;三[1-4节]<br></td><td width='15%' align='left' ><br></td></tr><td width='5%' align='center' >11<br></td><td width='25%' align='left' ><br></td><td width='5%' align='right' ><br></td><td width='9%' align='left' ><br></td><td width='10%' align='left' ><br></td><td width='5%' align='center' ><br></td><td width='9%' align='left' ><br></td><td width='5%' align='right' ><br></td><td width='12%' align='left' >12-16周&ensp;三[5-8节]<br></td><td width='15%' align='left' ><br></td></tr><td width='5%' align='center' >12<br></td><td width='25%' align='left' ><br></td><td width='5%' align='right' ><br></td><td width='9%' align='left' ><br></td><td width='10%' align='left' ><br></td><td width='5%' align='center' ><br></td><td width='9%' align='left' ><br></td><td width='5%' align='right' ><br></td><td width='12%' align='left' >12-16周&ensp;四[1-4节]<br></td><td width='15%' align='left' ><br></td></tr></table><TABLE name=theExportData WIDTH=100% BORDER=0 align=center CELLPADDING=0 CELLSPACING=0 ><tr><td width=100% ><b>注1：</b></td></tr><tr><td width=100% ><b>注2：</b></td></tr></table>
#------getCourse session_header-------#
200,OK
#-------getValidcode-------#
200,OK
#---------validcode:,
#------getTeacherExcel get teacher class table-------#
200,OK
0001861-obtain validcode fail
1
obtain validcode fail
#------getCourse session_header-------#
200,OK
#-------getValidcode-------#
200,OK
#---------validcode:,KDY4
#------getTeacherExcel get teacher class table-------#
200,OK
0001861-<table  width='100%' BORDER=0 align=center CELLPADDING=0 CELLSPACING=0 ><tr><td style='text-align:center;font-weight:bold;font-size:16pt'>遵义师范学院教师课表</td></tr><tr><td style='text-align:center;font-size:13px'>2017-2018学年第二学期</td></tr></table><br><table width=99% BORDER=0 align=center CELLPADDING=0 CELLSPACING=0><tr><td  width=80% align=left >部门：体育学院&ensp;&ensp;教师：外聘教师A&ensp;&ensp;性别：男&ensp;&ensp;职称：</td></tr></table><TABLE WIDTH=99% BORDER=1 align=center  CELLPADDING=0 CELLSPACING=0 bordercolorlight=#000000 bordercolordark=#FFFFFF><tr><td width='5%' align=center >序号</td><td width='25%' align=center >课程</td><td width='5%' align=center >学分</td><td width='9%' align=center >授课方式</td><td width='10%' align=center >课程类别</td><td width='5%' align=center >上课<br>班号</td><td width='9%' align=center >上课班级</td><td width='5%' align=center >上课<br>人数</td><td width='12%' align=center >时间</td><td width='15%' align=center >地点</td></tr><td width='5%' align='center' >1<br></td><td width='25%' align='left' >[100135]足球(主项提高)Ⅰ<br></td><td width='5%' align='right' >4.0<br></td><td width='9%' align='left' >讲授<br></td><td width='10%' align='left' >专业课/限选课<br></td><td width='5%' align='center' >001<br></td><td width='9%' align='left' >17级体育专科班<br></td><td width='5%' align='right' >0<br></td><td width='12%' align='left' >1-18周&ensp;一[5-6节]<br></td><td width='15%' align='left' >西区足球场<br></td></tr><td width='5%' align='center' >2<br></td><td width='25%' align='left' ><br></td><td width='5%' align='right' ><br></td><td width='9%' align='left' ><br></td><td width='10%' align='left' ><br></td><td width='5%' align='center' ><br></td><td width='9%' align='left' ><br></td><td width='5%' align='right' ><br></td><td width='12%' align='left' >1-18周&ensp;三[5-6节]<br></td><td width='15%' align='left' >西区足球场<br></td></tr><td width='5%' align='center' >3<br></td><td width='25%' align='left' >[350207]足球<br></td><td width='5%' align='right' >3.0<br></td><td width='9%' align='left' >讲授<br></td><td width='10%' align='left' >专业课/必修课<br></td><td width='5%' align='center' >001<br></td><td width='9%' align='left' >16级体育本科(1)班<br></td><td width='5%' align='right' >0<br></td><td width='12%' align='left' >1-18周&ensp;二[5-6节]<br></td><td width='15%' align='left' >西区足球场<br></td></tr><td width='5%' align='center' >4<br></td><td width='25%' align='left' ><br></td><td width='5%' align='right' ><br></td><td width='9%' align='left' ><br></td><td width='10%' align='left' ><br></td><td width='5%' align='center' ><br></td><td width='9%' align='left' ><br></td><td width='5%' align='right' ><br></td><td width='12%' align='left' >1-18周&ensp;四[5-6节]<br></td><td width='15%' align='left' >西区足球场<br></td></tr><td width='5%' align='center' >5<br></td><td width='25%' align='left' ><br></td><td width='5%' align='right' ><br></td><td width='9%' align='left' >讲授<br></td><td width='10%' align='left' >专业课/必修课<br></td><td width='5%' align='center' >002<br></td><td width='9%' align='left' >16级体育本科(2)班<br></td><td width='5%' align='right' >0<br></td><td width='12%' align='left' >1-18周&ensp;二[3-4节]<br></td><td width='15%' align='left' >西区足球场<br></td></tr><td width='5%' align='center' >6<br></td><td width='25%' align='left' ><br></td><td width='5%' align='right' ><br></td><td width='9%' align='left' ><br></td><td width='10%' align='left' ><br></td><td width='5%' align='center' ><br></td><td width='9%' align='left' ><br></td><td width='5%' align='right' ><br></td><td width='12%' align='left' >1-18周&ensp;四[3-4节]<br></td><td width='15%' align='left' >西区足球场<br></td></tr><td width='5%' align='center' >7<br></td><td width='25%' align='left' ><br></td><td width='5%' align='right' ><br></td><td width='9%' align='left' >讲授<br></td><td width='10%' align='left' >专业课/必修课<br></td><td width='5%' align='center' >003<br></td><td width='9%' align='left' >16级体育本科(3)班<br></td><td width='5%' align='right' >0<br></td><td width='12%' align='left' >1-18周&ensp;二[1-2节]<br></td><td width='15%' align='left' >西区足球场<br></td></tr><td width='5%' align='center' >8<br></td><td width='25%' align='left' ><br></td><td width='5%' align='right' ><br></td><td width='9%' align='left' ><br></td><td width='10%' align='left' ><br></td><td width='5%' align='center' ><br></td><td width='9%' align='left' ><br></td><td width='5%' align='right' ><br></td><td width='12%' align='left' >1-18周&ensp;四[1-2节]<br></td><td width='15%' align='left' >西区足球场<br></td></tr><td width='5%' align='center' >9<br></td><td width='25%' align='left' >[170401]大学体育Ⅱ<br></td><td width='5%' align='right' >1.5<br></td><td width='9%' align='left' >讲授<br></td><td width='10%' align='left' >公共课/必修课<br></td><td width='5%' align='center' >020<br></td><td width='9%' align='left' >17级生物本科(1)班 17级生物本科(2)班 17级植科本科班 17级食检本科班 17级通信本科班 17级计算机类本科(1)班 17级计算机类本科(2)班 17级计科企订本科(1)班<br></td><td width='5%' align='right' >34<br></td><td width='12%' align='left' >9-16周&ensp;一[5-6节]<br></td><td width='15%' align='left' >西区体育馆0105<br></td></tr><td width='5%' align='center' >10<br></td><td width='25%' align='left' ><br></td><td width='5%' align='right' ><br></td><td width='9%' align='left' >讲授<br></td><td width='10%' align='left' >公共课/必修课<br></td><td width='5%' align='center' >030<br></td><td width='9%' align='left' >17级环境本科(2)班 17级农业资源本科班 17级社工本科班 17级物流本科(1)班 17级物流本科(2)班 17级财务本科(1)班 17级财务本科(2)班 17级心理学本科班 17级学前本科(1)班<br></td><td width='5%' align='right' >36<br></td><td width='12%' align='left' >1-8周&ensp;一[7-8节]<br></td><td width='15%' align='left' >西区体育馆0102<br></td></tr><td width='5%' align='center' >11<br></td><td width='25%' align='left' ><br></td><td width='5%' align='right' ><br></td><td width='9%' align='left' >讲授<br></td><td width='10%' align='left' >公共课/必修课<br></td><td width='5%' align='center' >041<br></td><td width='9%' align='left' >17级思政本科(1)班 17级思政本科(2)班 17级电气本科班 17级土木本科(1)班 17级土木本科(2)班 17级机械本科班 17级造价本科班 17级环境本科(1)班<br></td><td width='5%' align='right' >35<br></td><td width='12%' align='left' >9-16周&ensp;二[5-6节]<br></td><td width='15%' align='left' >西区体育馆0102<br></td></tr><td width='5%' align='center' >12<br></td><td width='25%' align='left' ><br></td><td width='5%' align='right' ><br></td><td width='9%' align='left' >讲授<br></td><td width='10%' align='left' >公共课/必修课<br></td><td width='5%' align='center' >052<br></td><td width='9%' align='left' >17级旅游专科(1)班 17级旅游专科(2)班 17级英语专科(1)班 17级英语专科(2)班 17级英语专科(3)班 17级电子专科班 17级音乐专科班 17级美术专科班<br></td><td width='5%' align='right' >28<br></td><td width='12%' align='left' >1-8周&ensp;二[5-6节]<br></td><td width='15%' align='left' >西区体育馆主馆篮球场<br></td></tr><td width='5%' align='center' >13<br></td><td width='25%' align='left' ><br></td><td width='5%' align='right' ><br></td><td width='9%' align='left' >讲授<br></td><td width='10%' align='left' >公共课/必修课<br></td><td width='5%' align='center' >060<br></td><td width='9%' align='left' >17级学前本科(2)班 17级学前本科(3)班 17级教育学本科班 17级小教本科(1)班 17级小教本科(2)班<br></td><td width='5%' align='right' >40<br></td><td width='12%' align='left' >9-16周&ensp;二[7-8节]<br></td><td width='15%' align='left' >西区体育馆主馆篮球场<br></td></tr><td width='5%' align='center' >14<br></td><td width='25%' align='left' >[170403]大学体育Ⅳ<br></td><td width='5%' align='right' >1.5<br></td><td width='9%' align='left' >讲授<br></td><td width='10%' align='left' >公共课/必修课<br></td><td width='5%' align='center' >020<br></td><td width='9%' align='left' >16级电子专科(2)班 16级音乐教育专科班 16级美术教育专科班 16级语文教育专科(1)班 16级语文教育专科(2)班 16级语文教育专科(3)班 16级数学教育专科(1)班<br></td><td width='5%' align='right' >24<br></td><td width='12%' align='left' >1-8周&ensp;一[5-6节]<br></td><td width='15%' align='left' >西区体育馆0105<br></td></tr><td width='5%' align='center' >15<br></td><td width='25%' align='left' ><br></td><td width='5%' align='right' ><br></td><td width='9%' align='left' >讲授<br></td><td width='10%' align='left' >公共课/必修课<br></td><td width='5%' align='center' >030<br></td><td width='9%' align='left' >16级生物本科(1)班 16级生物本科(2)班 16级植物科学本科班 16级食品检验本科班 16级计科本科(1)班 16级计科本科(2)班 16级通信工程本科班 16级物联网本科班 16级网络本科班<br></td><td width='5%' align='right' >38<br></td><td width='12%' align='left' >9-16周&ensp;一[7-8节]<br></td><td width='15%' align='left' >西区体育馆0102<br></td></tr><td width='5%' align='center' >16<br></td><td width='25%' align='left' ><br></td><td width='5%' align='right' ><br></td><td width='9%' align='left' >讲授<br></td><td width='10%' align='left' >公共课/必修课<br></td><td width='5%' align='center' >039<br></td><td width='9%' align='left' >16级物流管理本科班 16级财务管理本科班 16级应用心理本科班 16级学前本科(1)班 16级学前本科(2)班 16级学前本科(3)班 16级教育学本科班 16级小教本科(1)班<br></td><td width='5%' align='right' >36<br></td><td width='12%' align='left' >1-8周&ensp;二[7-8节]<br></td><td width='15%' align='left' >西区体育馆大厅篮球场<br></td></tr></table><TABLE name=theExportData WIDTH=100% BORDER=0 align=center CELLPADDING=0 CELLSPACING=0 ><tr><td width=100% ><b>注1：</b></td></tr><tr><td width=100% ><b>注2：</b></td></tr></table>
#------getCourse session_header-------#
200,OK
#-------getValidcode-------#
200,OK
#---------validcode:,2 2 G7
#------getTeacherExcel get teacher class table-------#
200,OK
2012028-obtain validcode fail
1
obtain validcode fail
#------getCourse session_header-------#
200,OK
#-------getValidcode-------#
200,OK
#---------validcode:,21328
#------getTeacherExcel get teacher class table-------#
200,OK
2012028-obtain validcode fail
1
obtain validcode fail
#------getCourse session_header-------#
200,OK
#-------getValidcode-------#
200,OK
#---------validcode:,KW 2
#------getTeacherExcel get teacher class table-------#
200,OK
2012028-obtain validcode fail
1
obtain validcode fail
#------getCourse session_header-------#
200,OK
#-------getValidcode-------#
200,OK
#---------validcode:,
#------getTeacherExcel get teacher class table-------#
200,OK
2012028-obtain validcode fail
1
obtain validcode fail
#------getCourse session_header-------#
200,OK
#-------getValidcode-------#
200,OK
#---------validcode:,7UJ S
#------getTeacherExcel get teacher class table-------#
200,OK
2012028-obtain validcode fail
1
obtain validcode fail
#------getCourse session_header-------#
200,OK
#-------getValidcode-------#
200,OK
#---------validcode:,
#------getTeacherExcel get teacher class table-------#
200,OK
2012028-obtain validcode fail
1
obtain validcode fail
#------getCourse session_header-------#
200,OK
#-------getValidcode-------#
200,OK
#---------validcode:,QK3T
#------getTeacherExcel get teacher class table-------#
200,OK
2012028-
#------getCourse session_header-------#
200,OK
#-------getValidcode-------#
200,OK
#---------validcode:,HES
#------getTeacherExcel get teacher class table-------#
200,OK
0000508-obtain validcode fail
1
obtain validcode fail
#------getCourse session_header-------#
200,OK
#-------getValidcode-------#
200,OK
#---------validcode:,7VNF
#------getTeacherExcel get teacher class table-------#
200,OK
0000508-<table  width='100%' BORDER=0 align=center CELLPADDING=0 CELLSPACING=0 ><tr><td style='text-align:center;font-weight:bold;font-size:16pt'>遵义师范学院教师课表</td></tr><tr><td style='text-align:center;font-size:13px'>2017-2018学年第二学期</td></tr></table><br><table width=99% BORDER=0 align=center CELLPADDING=0 CELLSPACING=0><tr><td  width=80% align=left >部门：数学学院&ensp;&ensp;教师：王丹&ensp;&ensp;性别：男&ensp;&ensp;职称：</td></tr></table><TABLE WIDTH=99% BORDER=1 align=center  CELLPADDING=0 CELLSPACING=0 bordercolorlight=#000000 bordercolordark=#FFFFFF><tr><td width='5%' align=center >序号</td><td width='25%' align=center >课程</td><td width='5%' align=center >学分</td><td width='9%' align=center >授课方式</td><td width='10%' align=center >课程类别</td><td width='5%' align=center >上课<br>班号</td><td width='9%' align=center >上课班级</td><td width='5%' align=center >上课<br>人数</td><td width='12%' align=center >时间</td><td width='15%' align=center >地点</td></tr><td width='5%' align='center' >1<br></td><td width='25%' align='left' >[280075]高等数学Ⅱ<br></td><td width='5%' align='right' >3.0<br></td><td width='9%' align='left' >讲授<br></td><td width='10%' align='left' >专业基础课/必修课<br></td><td width='5%' align='center' >005<br></td><td width='9%' align='left' >17级环境本科(2)班<br></td><td width='5%' align='right' >35<br></td><td width='12%' align='left' >1-16周&ensp;二[3-4节]<br></td><td width='15%' align='left' >执理楼307<br></td></tr><td width='5%' align='center' >2<br></td><td width='25%' align='left' ><br></td><td width='5%' align='right' ><br></td><td width='9%' align='left' ><br></td><td width='10%' align='left' ><br></td><td width='5%' align='center' ><br></td><td width='9%' align='left' ><br></td><td width='5%' align='right' ><br></td><td width='12%' align='left' >1-16单周&ensp;四[3-4节]<br></td><td width='15%' align='left' >执理楼305<br></td></tr><td width='5%' align='center' >3<br></td><td width='25%' align='left' ><br></td><td width='5%' align='right' ><br></td><td width='9%' align='left' >讲授<br></td><td width='10%' align='left' >专业基础课/必修课<br></td><td width='5%' align='center' >007<br></td><td width='9%' align='left' >17级环境本科(1)班<br></td><td width='5%' align='right' >38<br></td><td width='12%' align='left' >1-16周&ensp;一[3-4节]<br></td><td width='15%' align='left' >执理楼407<br></td></tr><td width='5%' align='center' >4<br></td><td width='25%' align='left' ><br></td><td width='5%' align='right' ><br></td><td width='9%' align='left' ><br></td><td width='10%' align='left' ><br></td><td width='5%' align='center' ><br></td><td width='9%' align='left' ><br></td><td width='5%' align='right' ><br></td><td width='12%' align='left' >1-16单周&ensp;三[3-4节]<br></td><td width='15%' align='left' >执理楼305<br></td></tr></table><TABLE name=theExportData WIDTH=100% BORDER=0 align=center CELLPADDING=0 CELLSPACING=0 ><tr><td width=100% ><b>注1：</b></td></tr><tr><td width=100% ><b>注2：</b></td></tr></table>
#------getCourse session_header-------#
200,OK
#-------getValidcode-------#
200,OK
#---------validcode:,X2113
#------getTeacherExcel get teacher class table-------#
200,OK
0001141-obtain validcode fail
1
obtain validcode fail
#------getCourse session_header-------#
200,OK
#-------getValidcode-------#
200,OK
#---------validcode:,
#------getTeacherExcel get teacher class table-------#
200,OK
0001141-obtain validcode fail
1
obtain validcode fail
#------getCourse session_header-------#
200,OK
#-------getValidcode-------#
200,OK
#---------validcode:,
#------getTeacherExcel get teacher class table-------#
200,OK
0001141-obtain validcode fail
1
obtain validcode fail
#------getCourse session_header-------#
200,OK
#-------getValidcode-------#
200,OK
#---------validcode:,VVC7
#------getTeacherExcel get teacher class table-------#
200,OK
0001141-<table  width='100%' BORDER=0 align=center CELLPADDING=0 CELLSPACING=0 ><tr><td style='text-align:center;font-weight:bold;font-size:16pt'>遵义师范学院教师课表</td></tr><tr><td style='text-align:center;font-size:13px'>2017-2018学年第二学期</td></tr></table><br><table width=99% BORDER=0 align=center CELLPADDING=0 CELLSPACING=0><tr><td  width=80% align=left >部门：美术学院&ensp;&ensp;教师：王娇艳&ensp;&ensp;性别：女&ensp;&ensp;职称：</td></tr></table><TABLE WIDTH=99% BORDER=1 align=center  CELLPADDING=0 CELLSPACING=0 bordercolorlight=#000000 bordercolordark=#FFFFFF><tr><td width='5%' align=center >序号</td><td width='25%' align=center >课程</td><td width='5%' align=center >学分</td><td width='9%' align=center >授课方式</td><td width='10%' align=center >课程类别</td><td width='5%' align=center >上课<br>班号</td><td width='9%' align=center >上课班级</td><td width='5%' align=center >上课<br>人数</td><td width='12%' align=center >时间</td><td width='15%' align=center >地点</td></tr><td width='5%' align='center' >1<br></td><td width='25%' align='left' >[370416]写意山水临摹与技法研究<br></td><td width='5%' align='right' >1.5<br></td><td width='9%' align='left' >讲授<br></td><td width='10%' align='left' >专业课/限选课<br></td><td width='5%' align='center' >002<br></td><td width='9%' align='left' >2015级美术学本科(1)班 2015级美术学本科(2)班<br></td><td width='5%' align='right' >0<br></td><td width='12%' align='left' >1-3周&ensp;三[1-4节]<br></td><td width='15%' align='left' >执艺楼A209<br></td></tr><td width='5%' align='center' >2<br></td><td width='25%' align='left' ><br></td><td width='5%' align='right' ><br></td><td width='9%' align='left' ><br></td><td width='10%' align='left' ><br></td><td width='5%' align='center' ><br></td><td width='9%' align='left' ><br></td><td width='5%' align='right' ><br></td><td width='12%' align='left' >1-3周&ensp;三[5-8节]<br></td><td width='15%' align='left' >执艺楼A209<br></td></tr><td width='5%' align='center' >3<br></td><td width='25%' align='left' ><br></td><td width='5%' align='right' ><br></td><td width='9%' align='left' ><br></td><td width='10%' align='left' ><br></td><td width='5%' align='center' ><br></td><td width='9%' align='left' ><br></td><td width='5%' align='right' ><br></td><td width='12%' align='left' >1-3周&ensp;四[1-4节]<br></td><td width='15%' align='left' >执艺楼A209<br></td></tr><td width='5%' align='center' >4<br></td><td width='25%' align='left' >[370417]写意山水语言表达与创作<br></td><td width='5%' align='right' >2.0<br></td><td width='9%' align='left' >讲授<br></td><td width='10%' align='left' >专业课/限选课<br></td><td width='5%' align='center' >002<br></td><td width='9%' align='left' >2015级美术学本科(1)班 2015级美术学本科(2)班<br></td><td width='5%' align='right' >0<br></td><td width='12%' align='left' >4-7周&ensp;三[1-4节]<br></td><td width='15%' align='left' >执艺楼A209<br></td></tr><td width='5%' align='center' >5<br></td><td width='25%' align='left' ><br></td><td width='5%' align='right' ><br></td><td width='9%' align='left' ><br></td><td width='10%' align='left' ><br></td><td width='5%' align='center' ><br></td><td width='9%' align='left' ><br></td><td width='5%' align='right' ><br></td><td width='12%' align='left' >4-7周&ensp;三[5-8节]<br></td><td width='15%' align='left' >执艺楼A209<br></td></tr><td width='5%' align='center' >6<br></td><td width='25%' align='left' ><br></td><td width='5%' align='right' ><br></td><td width='9%' align='left' ><br></td><td width='10%' align='left' ><br></td><td width='5%' align='center' ><br></td><td width='9%' align='left' ><br></td><td width='5%' align='right' ><br></td><td width='12%' align='left' >4-7周&ensp;四[1-4节]<br></td><td width='15%' align='left' >执艺楼A209<br></td></tr><td width='5%' align='center' >7<br></td><td width='25%' align='left' >[370418]写意人物临摹与技法研究<br></td><td width='5%' align='right' >2.0<br></td><td width='9%' align='left' >讲授<br></td><td width='10%' align='left' >专业课/限选课<br></td><td width='5%' align='center' >002<br></td><td width='9%' align='left' >2015级美术学本科(1)班 2015级美术学本科(2)班<br></td><td width='5%' align='right' >0<br></td><td width='12%' align='left' >8-11周&ensp;三[1-4节]<br></td><td width='15%' align='left' >执艺楼A209<br></td></tr><td width='5%' align='center' >8<br></td><td width='25%' align='left' ><br></td><td width='5%' align='right' ><br></td><td width='9%' align='left' ><br></td><td width='10%' align='left' ><br></td><td width='5%' align='center' ><br></td><td width='9%' align='left' ><br></td><td width='5%' align='right' ><br></td><td width='12%' align='left' >8-11周&ensp;三[5-8节]<br></td><td width='15%' align='left' >执艺楼A209<br></td></tr><td width='5%' align='center' >9<br></td><td width='25%' align='left' ><br></td><td width='5%' align='right' ><br></td><td width='9%' align='left' ><br></td><td width='10%' align='left' ><br></td><td width='5%' align='center' ><br></td><td width='9%' align='left' ><br></td><td width='5%' align='right' ><br></td><td width='12%' align='left' >8-11周&ensp;四[1-4节]<br></td><td width='15%' align='left' >执艺楼A209<br></td></tr><td width='5%' align='center' >10<br></td><td width='25%' align='left' >[370419]写意人物语言表达与主题创作<br></td><td width='5%' align='right' >2.0<br></td><td width='9%' align='left' >讲授<br></td><td width='10%' align='left' >专业课/限选课<br></td><td width='5%' align='center' >002<br></td><td width='9%' align='left' >2015级美术学本科(1)班 2015级美术学本科(2)班<br></td><td width='5%' align='right' >0<br></td><td width='12%' align='left' >12-16周&ensp;三[1-4节]<br></td><td width='15%' align='left' >执艺楼A209<br></td></tr><td width='5%' align='center' >11<br></td><td width='25%' align='left' ><br></td><td width='5%' align='right' ><br></td><td width='9%' align='left' ><br></td><td width='10%' align='left' ><br></td><td width='5%' align='center' ><br></td><td width='9%' align='left' ><br></td><td width='5%' align='right' ><br></td><td width='12%' align='left' >12-16周&ensp;三[5-8节]<br></td><td width='15%' align='left' >执艺楼A209<br></td></tr><td width='5%' align='center' >12<br></td><td width='25%' align='left' ><br></td><td width='5%' align='right' ><br></td><td width='9%' align='left' ><br></td><td width='10%' align='left' ><br></td><td width='5%' align='center' ><br></td><td width='9%' align='left' ><br></td><td width='5%' align='right' ><br></td><td width='12%' align='left' >12-16周&ensp;四[1-4节]<br></td><td width='15%' align='left' >执艺楼A209<br></td></tr></table><TABLE name=theExportData WIDTH=100% BORDER=0 align=center CELLPADDING=0 CELLSPACING=0 ><tr><td width=100% ><b>注1：</b></td></tr><tr><td width=100% ><b>注2：</b></td></tr></table>
#------getCourse session_header-------#
200,OK
#-------getValidcode-------#
200,OK
#---------validcode:,4RSM
#------getTeacherExcel get teacher class table-------#
200,OK
2010810-<table  width='100%' BORDER=0 align=center CELLPADDING=0 CELLSPACING=0 ><tr><td style='text-align:center;font-weight:bold;font-size:16pt'>遵义师范学院教师课表</td></tr><tr><td style='text-align:center;font-size:13px'>2017-2018学年第二学期</td></tr></table><br><table width=99% BORDER=0 align=center CELLPADDING=0 CELLSPACING=0><tr><td  width=80% align=left >部门：统战部&ensp;&ensp;教师：王正江&ensp;&ensp;性别：男&ensp;&ensp;职称：</td></tr></table><TABLE WIDTH=99% BORDER=1 align=center  CELLPADDING=0 CELLSPACING=0 bordercolorlight=#000000 bordercolordark=#FFFFFF><tr><td width='5%' align=center >序号</td><td width='25%' align=center >课程</td><td width='5%' align=center >学分</td><td width='9%' align=center >授课方式</td><td width='10%' align=center >课程类别</td><td width='5%' align=center >上课<br>班号</td><td width='9%' align=center >上课班级</td><td width='5%' align=center >上课<br>人数</td><td width='12%' align=center >时间</td><td width='15%' align=center >地点</td></tr><td width='5%' align='center' >1<br></td><td width='25%' align='left' >[480003]科研论文撰写（专）<br></td><td width='5%' align='right' >2.0<br></td><td width='9%' align='left' >讲授<br></td><td width='10%' align='left' >公共课/必修课<br></td><td width='5%' align='center' >001<br></td><td width='9%' align='left' >16级语文教育专科(1)班<br></td><td width='5%' align='right' >0<br></td><td width='12%' align='left' >1-18周&ensp;一[1-2节]<br></td><td width='15%' align='left' >执毓楼206<br></td></tr><td width='5%' align='center' >2<br></td><td width='25%' align='left' ><br></td><td width='5%' align='right' ><br></td><td width='9%' align='left' >讲授<br></td><td width='10%' align='left' >公共课/必修课<br></td><td width='5%' align='center' >002<br></td><td width='9%' align='left' >16级语文教育专科(2)班<br></td><td width='5%' align='right' >0<br></td><td width='12%' align='left' >1-18周&ensp;一[3-4节]<br></td><td width='15%' align='left' >执毓楼410<br></td></tr></table><TABLE name=theExportData WIDTH=100% BORDER=0 align=center CELLPADDING=0 CELLSPACING=0 ><tr><td width=100% ><b>注1：</b></td></tr><tr><td width=100% ><b>注2：</b></td></tr></table>
#------getCourse session_header-------#
200,OK
#-------getValidcode-------#
200,OK
#---------validcode:,
#------getTeacherExcel get teacher class table-------#
200,OK
0001228-obtain validcode fail
1
obtain validcode fail
#------getCourse session_header-------#
200,OK
#-------getValidcode-------#
200,OK
#---------validcode:,SSP7
#------getTeacherExcel get teacher class table-------#
200,OK
0001228-<table  width='100%' BORDER=0 align=center CELLPADDING=0 CELLSPACING=0 ><tr><td style='text-align:center;font-weight:bold;font-size:16pt'>遵义师范学院教师课表</td></tr><tr><td style='text-align:center;font-size:13px'>2017-2018学年第二学期</td></tr></table><br><table width=99% BORDER=0 align=center CELLPADDING=0 CELLSPACING=0><tr><td  width=80% align=left >部门：教务处&ensp;&ensp;教师：袁廷香&ensp;&ensp;性别：女&ensp;&ensp;职称：</td></tr></table><TABLE WIDTH=99% BORDER=1 align=center  CELLPADDING=0 CELLSPACING=0 bordercolorlight=#000000 bordercolordark=#FFFFFF><tr><td width='5%' align=center >序号</td><td width='25%' align=center >课程</td><td width='5%' align=center >学分</td><td width='9%' align=center >授课方式</td><td width='10%' align=center >课程类别</td><td width='5%' align=center >上课<br>班号</td><td width='9%' align=center >上课班级</td><td width='5%' align=center >上课<br>人数</td><td width='12%' align=center >时间</td><td width='15%' align=center >地点</td></tr><td width='5%' align='center' >1<br></td><td width='25%' align='left' >[300057]有机化学实验Ⅰ<br></td><td width='5%' align='right' >1.0<br></td><td width='9%' align='left' >讲授<br></td><td width='10%' align='left' >专业基础课/必修课<br></td><td width='5%' align='center' >007<br></td><td width='9%' align='left' >17级化学类本科(3)班<br></td><td width='5%' align='right' >21<br></td><td width='12%' align='left' >2-12周&ensp;二[5-7节]<br></td><td width='15%' align='left' >综合实验楼337<br></td></tr><td width='5%' align='center' >2<br></td><td width='25%' align='left' ><br></td><td width='5%' align='right' ><br></td><td width='9%' align='left' >讲授<br></td><td width='10%' align='left' >专业基础课/必修课<br></td><td width='5%' align='center' >008<br></td><td width='9%' align='left' >17级化学类本科(3)班<br></td><td width='5%' align='right' >21<br></td><td width='12%' align='left' >2-12周&ensp;二[1-3节]<br></td><td width='15%' align='left' >综合实验楼337<br></td></tr></table><TABLE name=theExportData WIDTH=100% BORDER=0 align=center CELLPADDING=0 CELLSPACING=0 ><tr><td width=100% ><b>注1：</b></td></tr><tr><td width=100% ><b>注2：</b></td></tr></table>
#---updated:10, saved:0----#
2018-01-02_14-09-03
