#Sync---Grade:20170---Teachers:10
#------getCourse session_header-------#
#Sync---Grade:20161---Teachers:10#Sync---Grade:20160---Teachers:10
#------getCourse session_header-------#

#------getCourse session_header-------#
#Sync---Grade:20151---Teachers:10
#------getCourse session_header-------#
200,OK
#-------getValidcode-------#
200,OK
#-------getValidcode-------#
200,OK
#-------getValidcode-------#
200,OK
#-------getValidcode-------#
200,OK
200,OK
200,OK
200,OK
#---------validcode:,4957
#------getTeacherExcel get teacher class table-------#
#---------validcode:,4957
#------getTeacherExcel get teacher class table-------#
#---------validcode:,4957
#------getTeacherExcel get teacher class table-------#
#---------validcode:,FXC
#------getTeacherExcel get teacher class table-------#
200,OK
0001400-obtain validcode fail
1
obtain validcode fail
#------getCourse session_header-------#
200,OK
0001400-obtain validcode fail
1
obtain validcode fail
#------getCourse session_header-------#
200,OK
0001400-obtain validcode fail
1
obtain validcode fail
#------getCourse session_header-------#
200,OK
0001400-obtain validcode fail
1
obtain validcode fail
#------getCourse session_header-------#
200,OK
#-------getValidcode-------#
200,OK
#-------getValidcode-------#
200,OK
#-------getValidcode-------#
200,OK
#-------getValidcode-------#
200,OK
200,OK
200,OK
200,OK
#---------validcode:,8E7A
#------getTeacherExcel get teacher class table-------#
#---------validcode:,ZBHP
#------getTeacherExcel get teacher class table-------#
#---------validcode:,U3U3
#------getTeacherExcel get teacher class table-------#
#---------validcode:,PMBA
#------getTeacherExcel get teacher class table-------#
200,OK
0001400-obtain validcode fail
1
obtain validcode fail
#------getCourse session_header-------#
200,OK
200,OK
0001400-obtain validcode fail
1
obtain validcode fail
#------getCourse session_header-------#
0001400
200,OK
200,OK
#-------getValidcode-------#
0001400
200,OK
#-------getValidcode-------#
200,OK
200,OK
#---------validcode:,XD3F
#------getTeacherExcel get teacher class table-------#
#---------validcode:,
#------getTeacherExcel get teacher class table-------#
200,OK
0001400-obtain validcode fail
1
obtain validcode fail
#------getCourse session_header-------#
200,OK
0001400
200,OK
#-------getValidcode-------#
200,OK
#---------validcode:,4QZ9
#------getTeacherExcel get teacher class table-------#
200,OK
0001400
