#Sync---Grade:20170---Teachers:10
#------getCourse session_header-------#
#Sync---Grade:20161---Teachers:10
#------getCourse session_header-------#
#Sync---Grade:20160---Teachers:10
#------getCourse session_header-------#
#Sync---Grade:20151---Teachers:10
#------getCourse session_header-------#
200,OK
#-------getValidcode-------#
200,OK
#-------getValidcode-------#
200,OK
#-------getValidcode-------#
200,OK
#-------getValidcode-------#
200,OK
200,OK
200,OK
200,OK
#---------validcode:,PHX8
#------getTeacherExcel get teacher class table-------#
#---------validcode:,ATRT
#------getTeacherExcel get teacher class table-------#
#---------validcode:,ATRT
#------getTeacherExcel get teacher class table-------#
#---------validcode:,ATRT
#------getTeacherExcel get teacher class table-------#
200,OK
0001151-
0

#------getCourse session_header-------#
200,OK
0001151-
0

200,OK
0001151-
0

#------getCourse session_header-------#
#------getCourse session_header-------#
200,OK
0001151-
0

#------getCourse session_header-------#
200,OK
#-------getValidcode-------#
200,OK
#-------getValidcode-------#
200,OK
#-------getValidcode-------#
200,OK
#-------getValidcode-------#
200,OK
200,OK
200,OK
200,OK
#---------validcode:,
#------getTeacherExcel get teacher class table-------#
#---------validcode:,Q49A
#------getTeacherExcel get teacher class table-------#
#---------validcode:,
#------getTeacherExcel get teacher class table-------#
#---------validcode:,KHJB
#------getTeacherExcel get teacher class table-------#
200,OK
0001342-obtain validcode fail
1
obtain validcode fail
#------getCourse session_header-------#
200,OK
0001342-obtain validcode fail
1
obtain validcode fail
#------getCourse session_header-------#
200,OK
0001342-obtain validcode fail
1
obtain validcode fail
#------getCourse session_header-------#
200,OK
0001342-
0

#------getCourse session_header-------#
200,OK
#-------getValidcode-------#
200,OK
#-------getValidcode-------#
200,OK
#-------getValidcode-------#
200,OK
#-------getValidcode-------#
200,OK
200,OK
200,OK
200,OK
#---------validcode:,GJ4Z
#------getTeacherExcel get teacher class table-------#
#---------validcode:,GJ4Z
#------getTeacherExcel get teacher class table-------#
#---------validcode:,AF EC
#------getTeacherExcel get teacher class table-------#
#---------validcode:,FI  X6
#------getTeacherExcel get teacher class table-------#
200,OK
0001342-obtain validcode fail
1
obtain validcode fail
#------getCourse session_header-------#
200,OK
0001288-obtain validcode fail
1
obtain validcode fail
#------getCourse session_header-------#
200,OK
0001342-
0

#------getCourse session_header-------#
200,OK
0001342-
0

#------getCourse session_header-------#
200,OK
#-------getValidcode-------#
200,OK
#-------getValidcode-------#
200,OK
#-------getValidcode-------#
200,OK
#-------getValidcode-------#
200,OK
200,OK
200,OK
200,OK
#---------validcode:,
#------getTeacherExcel get teacher class table-------#
#---------validcode:,9HSV
#------getTeacherExcel get teacher class table-------#
#---------validcode:,
#------getTeacherExcel get teacher class table-------#
#---------validcode:,
#------getTeacherExcel get teacher class table-------#
200,OK
0001288-obtain validcode fail
1
obtain validcode fail
#------getCourse session_header-------#
200,OK
0001342-obtain validcode fail
1
obtain validcode fail
#------getCourse session_header-------#
200,OK
0001288-obtain validcode fail
1
obtain validcode fail
#------getCourse session_header-------#
200,OK
0001288-
0

#------getCourse session_header-------#
200,OK
#-------getValidcode-------#
200,OK
#-------getValidcode-------#
200,OK
#-------getValidcode-------#
200,OK
#-------getValidcode-------#
200,OK
200,OK
200,OK
200,OK
#---------validcode:,3363
#------getTeacherExcel get teacher class table-------#
200,OK
0001288-obtain validcode fail
1
obtain validcode fail
#------getCourse session_header-------#
#---------validcode:,SKBN
#------getTeacherExcel get teacher class table-------#
#---------validcode:,HAH2
#------getTeacherExcel get teacher class table-------#
#---------validcode:,HAH2
#------getTeacherExcel get teacher class table-------#
200,OK
0001400-obtain validcode fail
1
obtain validcode fail
#------getCourse session_header-------#
200,OK
#-------getValidcode-------#
200,OK
0001288-
0

#------getCourse session_header-------#
200,OK
0001342-
0

#------getCourse session_header-------#
200,OK
#-------getValidcode-------#
200,OK
200,OK
#-------getValidcode-------#
200,OK
#-------getValidcode-------#
200,OK
200,OK
200,OK
#---------validcode:,W44
#------getTeacherExcel get teacher class table-------#
200,OK
0001288-obtain validcode fail
1
obtain validcode fail
#------getCourse session_header-------#
200,OK
#-------getValidcode-------#
200,OK
#---------validcode:,
#------getTeacherExcel get teacher class table-------#
200,OK
0001400-obtain validcode fail
1
obtain validcode fail
#------getCourse session_header-------#
#---------validcode:,19436 R
#------getTeacherExcel get teacher class table-------#
#---------validcode:,19436 R
#------getTeacherExcel get teacher class table-------#
200,OK
#-------getValidcode-------#
200,OK
0001400-obtain validcode fail
1
obtain validcode fail
#------getCourse session_header-------#
200,OK
0001288-obtain validcode fail
1
obtain validcode fail
#------getCourse session_header-------#
200,OK
#---------validcode:,
#------getTeacherExcel get teacher class table-------#
200,OK
#-------getValidcode-------#
200,OK
#-------getValidcode-------#
200,OK
0001288-obtain validcode fail
1
obtain validcode fail
#------getCourse session_header-------#
200,OK
200,OK
200,OK
#-------getValidcode-------#
200,OK
#---------validcode:,
#------getTeacherExcel get teacher class table-------#
200,OK
0001400-obtain validcode fail
1
obtain validcode fail
#------getCourse session_header-------#
200,OK
#-------getValidcode-------#
200,OK
#---------validcode:,4AXY
#------getTeacherExcel get teacher class table-------#
#---------validcode:,4AXY
#------getTeacherExcel get teacher class table-------#
#---------validcode:,
#------getTeacherExcel get teacher class table-------#
200,OK
0001288-
0

200,OK
#------getCourse session_header-------#
2
Traceback (most recent call last):
  File "/data/hongxi_ziyi/life/shelter/work/management/commands/source/list.py", line 286, in getCourse
    print_msg(str(teacher_id) + "-" + ret["data"])
  File "/data/hongxi_ziyi/life/shelter/work/management/commands/source/list.py", line 34, in print_msg
    sys.stdout.write(msg)
UnicodeEncodeError: 'ascii' codec can't encode characters in position 146-155: ordinal not in range(128)

#------getCourse session_header-------#
200,OK
0001288-obtain validcode fail
1
obtain validcode fail
#------getCourse session_header-------#
#---------validcode:,UXTD
#------getTeacherExcel get teacher class table-------#
200,OK
#-------getValidcode-------#
200,OK
#-------getValidcode-------#
200,OK
#-------getValidcode-------#
200,OK
200,OK
2
Traceback (most recent call last):
  File "/data/hongxi_ziyi/life/shelter/work/management/commands/source/list.py", line 286, in getCourse
    print_msg(str(teacher_id) + "-" + ret["data"])
  File "/data/hongxi_ziyi/life/shelter/work/management/commands/source/list.py", line 34, in print_msg
    sys.stdout.write(msg)
UnicodeEncodeError: 'ascii' codec can't encode characters in position 146-155: ordinal not in range(128)

#------getCourse session_header-------#
200,OK
200,OK
200,OK
#-------getValidcode-------#
200,OK
#---------validcode:,H4HZ
#------getTeacherExcel get teacher class table-------#
#---------validcode:,SSZE
#------getTeacherExcel get teacher class table-------#
#---------validcode:,SSZE
#------getTeacherExcel get teacher class table-------#
200,OK
#---------validcode:,8D8J
#------getTeacherExcel get teacher class table-------#
2
Traceback (most recent call last):
  File "/data/hongxi_ziyi/life/shelter/work/management/commands/source/list.py", line 286, in getCourse
    print_msg(str(teacher_id) + "-" + ret["data"])
  File "/data/hongxi_ziyi/life/shelter/work/management/commands/source/list.py", line 34, in print_msg
    sys.stdout.write(msg)
UnicodeEncodeError: 'ascii' codec can't encode characters in position 146-155: ordinal not in range(128)

#------getCourse session_header-------#
200,OK
0001288-obtain validcode fail
1
obtain validcode fail
#------getCourse session_header-------#
200,OK
0001400-obtain validcode fail
1
obtain validcode fail
#------getCourse session_header-------#
200,OK
200,OK
#-------getValidcode-------#
200,OK
#-------getValidcode-------#
200,OK
#-------getValidcode-------#
2
Traceback (most recent call last):
  File "/data/hongxi_ziyi/life/shelter/work/management/commands/source/list.py", line 286, in getCourse
    print_msg(str(teacher_id) + "-" + ret["data"])
  File "/data/hongxi_ziyi/life/shelter/work/management/commands/source/list.py", line 34, in print_msg
    sys.stdout.write(msg)
UnicodeEncodeError: 'ascii' codec can't encode characters in position 146-155: ordinal not in range(128)

#------getCourse session_header-------#
200,OK
200,OK
200,OK
200,OK
#-------getValidcode-------#
200,OK
#---------validcode:,
#------getTeacherExcel get teacher class table-------#
#---------validcode:,SU97
#------getTeacherExcel get teacher class table-------#
#---------validcode:,E635
#------getTeacherExcel get teacher class table-------#
200,OK
0001400-obtain validcode fail
1
obtain validcode fail
#------getCourse session_header-------#
#---------validcode:,QACV
#------getTeacherExcel get teacher class table-------#
200,OK
200,OK
0001288-obtain validcode fail
1
obtain validcode fail
#------getCourse session_header-------#
2
Traceback (most recent call last):
  File "/data/hongxi_ziyi/life/shelter/work/management/commands/source/list.py", line 286, in getCourse
    print_msg(str(teacher_id) + "-" + ret["data"])
  File "/data/hongxi_ziyi/life/shelter/work/management/commands/source/list.py", line 34, in print_msg
    sys.stdout.write(msg)
UnicodeEncodeError: 'ascii' codec can't encode characters in position 146-155: ordinal not in range(128)

#------getCourse session_header-------#
200,OK
#-------getValidcode-------#
200,OK
2
Traceback (most recent call last):
  File "/data/hongxi_ziyi/life/shelter/work/management/commands/source/list.py", line 286, in getCourse
    print_msg(str(teacher_id) + "-" + ret["data"])
  File "/data/hongxi_ziyi/life/shelter/work/management/commands/source/list.py", line 34, in print_msg
    sys.stdout.write(msg)
UnicodeEncodeError: 'ascii' codec can't encode characters in position 146-155: ordinal not in range(128)

#------getCourse session_header-------#
200,OK
#-------getValidcode-------#
200,OK
#-------getValidcode-------#
200,OK
200,OK
#-------getValidcode-------#
200,OK
200,OK
200,OK
#---------validcode:,3457
#------getTeacherExcel get teacher class table-------#
200,OK
2
Traceback (most recent call last):
  File "/data/hongxi_ziyi/life/shelter/work/management/commands/source/list.py", line 286, in getCourse
    print_msg(str(teacher_id) + "-" + ret["data"])
  File "/data/hongxi_ziyi/life/shelter/work/management/commands/source/list.py", line 34, in print_msg
    sys.stdout.write(msg)
UnicodeEncodeError: 'ascii' codec can't encode characters in position 146-155: ordinal not in range(128)

#------getCourse session_header-------#
#---------validcode:,4I4XX
#------getTeacherExcel get teacher class table-------#
#---------validcode:,
#------getTeacherExcel get teacher class table-------#
200,OK
#-------getValidcode-------#
#---------validcode:,FRDU
#------getTeacherExcel get teacher class table-------#
200,OK
0001288-obtain validcode fail
1
obtain validcode fail
#------getCourse session_header-------#
200,OK
0001400-obtain validcode fail
1
obtain validcode fail
#------getCourse session_header-------#
200,OK
200,OK
200,OK
#-------getValidcode-------#
2
Traceback (most recent call last):
  File "/data/hongxi_ziyi/life/shelter/work/management/commands/source/list.py", line 286, in getCourse
    print_msg(str(teacher_id) + "-" + ret["data"])
  File "/data/hongxi_ziyi/life/shelter/work/management/commands/source/list.py", line 34, in print_msg
    sys.stdout.write(msg)
UnicodeEncodeError: 'ascii' codec can't encode characters in position 146-155: ordinal not in range(128)

#------getCourse session_header-------#
200,OK
#-------getValidcode-------#
200,OK
200,OK
#-------getValidcode-------#
200,OK
200,OK
#---------validcode:,GY FIR
#------getTeacherExcel get teacher class table-------#
200,OK
0001400-obtain validcode fail
1
obtain validcode fail
#------getCourse session_header-------#
200,OK
#-------getValidcode-------#
200,OK
#---------validcode:,VMQ
#------getTeacherExcel get teacher class table-------#
#---------validcode:,GEC6
#------getTeacherExcel get teacher class table-------#
#---------validcode:,
#------getTeacherExcel get teacher class table-------#
200,OK
0001288-obtain validcode fail
1
obtain validcode fail
#------getCourse session_header-------#
200,OK
200,OK
0001400-obtain validcode fail
1
obtain validcode fail
#------getCourse session_header-------#
200,OK
#-------getValidcode-------#
2
Traceback (most recent call last):
  File "/data/hongxi_ziyi/life/shelter/work/management/commands/source/list.py", line 286, in getCourse
    print_msg(str(teacher_id) + "-" + ret["data"])
  File "/data/hongxi_ziyi/life/shelter/work/management/commands/source/list.py", line 34, in print_msg
    sys.stdout.write(msg)
UnicodeEncodeError: 'ascii' codec can't encode characters in position 146-155: ordinal not in range(128)

#------getCourse session_header-------#
#---------validcode:,NADK
#------getTeacherExcel get teacher class table-------#
200,OK
#-------getValidcode-------#
200,OK
200,OK
#-------getValidcode-------#
200,OK
200,OK
2
Traceback (most recent call last):
  File "/data/hongxi_ziyi/life/shelter/work/management/commands/source/list.py", line 286, in getCourse
    print_msg(str(teacher_id) + "-" + ret["data"])
  File "/data/hongxi_ziyi/life/shelter/work/management/commands/source/list.py", line 34, in print_msg
    sys.stdout.write(msg)
UnicodeEncodeError: 'ascii' codec can't encode characters in position 146-155: ordinal not in range(128)

#------getCourse session_header-------#
200,OK
200,OK
#-------getValidcode-------#
200,OK
#---------validcode:,9 FAF
#------getTeacherExcel get teacher class table-------#
200,OK
0001288-obtain validcode fail
1
obtain validcode fail
#------getCourse session_header-------#
200,OK
#-------getValidcode-------#
#---------validcode:,
#------getTeacherExcel get teacher class table-------#
#---------validcode:,
#------getTeacherExcel get teacher class table-------#
200,OK
200,OK
0001400-obtain validcode fail
1
obtain validcode fail
#------getCourse session_header-------#
200,OK
0001400-obtain validcode fail
1
obtain validcode fail
#------getCourse session_header-------#
#---------validcode:,3 RTR
#------getTeacherExcel get teacher class table-------#
200,OK
#-------getValidcode-------#
200,OK
0001400-obtain validcode fail
1
obtain validcode fail
#------getCourse session_header-------#
200,OK
#-------getValidcode-------#
200,OK
#---------validcode:,
#------getTeacherExcel get teacher class table-------#
200,OK
200,OK
#-------getValidcode-------#
200,OK
0001288-obtain validcode fail
1
obtain validcode fail
#------getCourse session_header-------#
200,OK
200,OK
#-------getValidcode-------#
200,OK
#---------validcode:,ZFWS
#------getTeacherExcel get teacher class table-------#
#---------validcode:,SYVP
#------getTeacherExcel get teacher class table-------#
200,OK
0001400-obtain validcode fail
1
obtain validcode fail
#------getCourse session_header-------#
200,OK
0001400-obtain validcode fail
1
obtain validcode fail
#------getCourse session_header-------#
200,OK
#-------getValidcode-------#
#---------validcode:,SHNY
#------getTeacherExcel get teacher class table-------#
#---------validcode:,E38Y
#------getTeacherExcel get teacher class table-------#
200,OK
#-------getValidcode-------#
200,OK
200,OK
0001400-obtain validcode fail
1
obtain validcode fail
#------getCourse session_header-------#
200,OK
200,OK
200,OK
#-------getValidcode-------#
2
Traceback (most recent call last):
  File "/data/hongxi_ziyi/life/shelter/work/management/commands/source/list.py", line 286, in getCourse
    print_msg(str(teacher_id) + "-" + ret["data"])
  File "/data/hongxi_ziyi/life/shelter/work/management/commands/source/list.py", line 34, in print_msg
    sys.stdout.write(msg)
UnicodeEncodeError: 'ascii' codec can't encode characters in position 146-155: ordinal not in range(128)

#------getCourse session_header-------#
200,OK
200,OK
#-------getValidcode-------#
200,OK
#---------validcode:,TJK
#------getTeacherExcel get teacher class table-------#
200,OK
0001400-obtain validcode fail
1
obtain validcode fail
#------getCourse session_header-------#
#---------validcode:,PYVU
#------getTeacherExcel get teacher class table-------#
200,OK
#-------getValidcode-------#
200,OK
2
Traceback (most recent call last):
  File "/data/hongxi_ziyi/life/shelter/work/management/commands/source/list.py", line 286, in getCourse
    print_msg(str(teacher_id) + "-" + ret["data"])
  File "/data/hongxi_ziyi/life/shelter/work/management/commands/source/list.py", line 34, in print_msg
    sys.stdout.write(msg)
UnicodeEncodeError: 'ascii' codec can't encode characters in position 146-155: ordinal not in range(128)

#------getCourse session_header-------#
200,OK
#---------validcode:,4M5G
#------getTeacherExcel get teacher class table-------#
#---------validcode:,85M
#------getTeacherExcel get teacher class table-------#
200,OK
#-------getValidcode-------#
200,OK
200,OK
0001400-obtain validcode fail
1
obtain validcode fail
#------getCourse session_header-------#
2
Traceback (most recent call last):
  File "/data/hongxi_ziyi/life/shelter/work/management/commands/source/list.py", line 286, in getCourse
    print_msg(str(teacher_id) + "-" + ret["data"])
  File "/data/hongxi_ziyi/life/shelter/work/management/commands/source/list.py", line 34, in print_msg
    sys.stdout.write(msg)
UnicodeEncodeError: 'ascii' codec can't encode characters in position 146-155: ordinal not in range(128)

#------getCourse session_header-------#
200,OK
200,OK
#-------getValidcode-------#
200,OK
#-------getValidcode-------#
#---------validcode:,4 DA2
#------getTeacherExcel get teacher class table-------#
200,OK
200,OK
200,OK
0001401-obtain validcode fail
1
obtain validcode fail
#------getCourse session_header-------#
200,OK
#-------getValidcode-------#
200,OK
#---------validcode:,4U7E
#------getTeacherExcel get teacher class table-------#
200,OK
2
Traceback (most recent call last):
  File "/data/hongxi_ziyi/life/shelter/work/management/commands/source/list.py", line 286, in getCourse
    print_msg(str(teacher_id) + "-" + ret["data"])
  File "/data/hongxi_ziyi/life/shelter/work/management/commands/source/list.py", line 34, in print_msg
    sys.stdout.write(msg)
UnicodeEncodeError: 'ascii' codec can't encode characters in position 146-155: ordinal not in range(128)

#------getCourse session_header-------#
200,OK
#-------getValidcode-------#
#---------validcode:,BWX9
#------getTeacherExcel get teacher class table-------#
#---------validcode:,
#------getTeacherExcel get teacher class table-------#
200,OK
200,OK
0001400-obtain validcode fail
1
obtain validcode fail
#------getCourse session_header-------#
200,OK
#---------validcode:,PY AK
#------getTeacherExcel get teacher class table-------#
2
Traceback (most recent call last):
  File "/data/hongxi_ziyi/life/shelter/work/management/commands/source/list.py", line 286, in getCourse
    print_msg(str(teacher_id) + "-" + ret["data"])
  File "/data/hongxi_ziyi/life/shelter/work/management/commands/source/list.py", line 34, in print_msg
    sys.stdout.write(msg)
UnicodeEncodeError: 'ascii' codec can't encode characters in position 146-155: ordinal not in range(128)

#------getCourse session_header-------#
200,OK
#-------getValidcode-------#
200,OK
0001401-obtain validcode fail
1
obtain validcode fail
#------getCourse session_header-------#
200,OK
#-------getValidcode-------#
200,OK
#---------validcode:,3 Z Q4
#------getTeacherExcel get teacher class table-------#
200,OK
#-------getValidcode-------#
200,OK
200,OK
0001400-obtain validcode fail
1
obtain validcode fail
#------getCourse session_header-------#
200,OK
200,OK
#-------getValidcode-------#
200,OK
#---------validcode:,D44E
#------getTeacherExcel get teacher class table-------#
200,OK
2
Traceback (most recent call last):
  File "/data/hongxi_ziyi/life/shelter/work/management/commands/source/list.py", line 286, in getCourse
    print_msg(str(teacher_id) + "-" + ret["data"])
  File "/data/hongxi_ziyi/life/shelter/work/management/commands/source/list.py", line 34, in print_msg
    sys.stdout.write(msg)
UnicodeEncodeError: 'ascii' codec can't encode characters in position 146-155: ordinal not in range(128)

#------getCourse session_header-------#
200,OK
#-------getValidcode-------#
#---------validcode:,4EQR
#------getTeacherExcel get teacher class table-------#
#---------validcode:,YUZP
#------getTeacherExcel get teacher class table-------#
200,OK
200,OK
#---------validcode:,7 DKQ
#------getTeacherExcel get teacher class table-------#
2
Traceback (most recent call last):
  File "/data/hongxi_ziyi/life/shelter/work/management/commands/source/list.py", line 286, in getCourse
    print_msg(str(teacher_id) + "-" + ret["data"])
  File "/data/hongxi_ziyi/life/shelter/work/management/commands/source/list.py", line 34, in print_msg
    sys.stdout.write(msg)
UnicodeEncodeError: 'ascii' codec can't encode characters in position 146-155: ordinal not in range(128)

#------getCourse session_header-------#
200,OK
2
Traceback (most recent call last):
  File "/data/hongxi_ziyi/life/shelter/work/management/commands/source/list.py", line 286, in getCourse
    print_msg(str(teacher_id) + "-" + ret["data"])
  File "/data/hongxi_ziyi/life/shelter/work/management/commands/source/list.py", line 34, in print_msg
    sys.stdout.write(msg)
UnicodeEncodeError: 'ascii' codec can't encode characters in position 146-155: ordinal not in range(128)

#------getCourse session_header-------#
200,OK
0001401-obtain validcode fail
1
obtain validcode fail
#------getCourse session_header-------#
200,OK
#-------getValidcode-------#
200,OK
#-------getValidcode-------#
200,OK
#-------getValidcode-------#
#---------validcode:,BRFA
#------getTeacherExcel get teacher class table-------#
200,OK
200,OK
200,OK
200,OK
2
Traceback (most recent call last):
  File "/data/hongxi_ziyi/life/shelter/work/management/commands/source/list.py", line 286, in getCourse
    print_msg(str(teacher_id) + "-" + ret["data"])
  File "/data/hongxi_ziyi/life/shelter/work/management/commands/source/list.py", line 34, in print_msg
    sys.stdout.write(msg)
UnicodeEncodeError: 'ascii' codec can't encode characters in position 146-155: ordinal not in range(128)

#------getCourse session_header-------#
200,OK
#-------getValidcode-------#
200,OK
#---------validcode:,UXG8
#------getTeacherExcel get teacher class table-------#
200,OK
#---------validcode:,R066
#------getTeacherExcel get teacher class table-------#
#---------validcode:,R066
#------getTeacherExcel get teacher class table-------#
2
Traceback (most recent call last):
  File "/data/hongxi_ziyi/life/shelter/work/management/commands/source/list.py", line 286, in getCourse
    print_msg(str(teacher_id) + "-" + ret["data"])
  File "/data/hongxi_ziyi/life/shelter/work/management/commands/source/list.py", line 34, in print_msg
    sys.stdout.write(msg)
UnicodeEncodeError: 'ascii' codec can't encode characters in position 146-155: ordinal not in range(128)

#------getCourse session_header-------#
200,OK
0001401-obtain validcode fail
1
obtain validcode fail
#------getCourse session_header-------#
200,OK
0001401-obtain validcode fail
1
obtain validcode fail
#------getCourse session_header-------#
#---------validcode:,VBFU
#------getTeacherExcel get teacher class table-------#
200,OK
#-------getValidcode-------#
200,OK
#-------getValidcode-------#
200,OK
#-------getValidcode-------#
200,OK
200,OK
2
Traceback (most recent call last):
  File "/data/hongxi_ziyi/life/shelter/work/management/commands/source/list.py", line 286, in getCourse
    print_msg(str(teacher_id) + "-" + ret["data"])
  File "/data/hongxi_ziyi/life/shelter/work/management/commands/source/list.py", line 34, in print_msg
    sys.stdout.write(msg)
UnicodeEncodeError: 'ascii' codec can't encode characters in position 146-155: ordinal not in range(128)

#------getCourse session_header-------#
200,OK
200,OK
200,OK
#-------getValidcode-------#
200,OK
#---------validcode:,CBS B
#------getTeacherExcel get teacher class table-------#
200,OK
0001400-obtain validcode fail
1
obtain validcode fail
#------getCourse session_header-------#
200,OK
#-------getValidcode-------#
200,OK
#---------validcode:,ASVZ
#------getTeacherExcel get teacher class table-------#
#---------validcode:,N63 E
#------getTeacherExcel get teacher class table-------#
#---------validcode:,9 8113
#------getTeacherExcel get teacher class table-------#
200,OK
200,OK
0001401-obtain validcode fail
1
obtain validcode fail
#------getCourse session_header-------#
2
Traceback (most recent call last):
  File "/data/hongxi_ziyi/life/shelter/work/management/commands/source/list.py", line 286, in getCourse
    print_msg(str(teacher_id) + "-" + ret["data"])
  File "/data/hongxi_ziyi/life/shelter/work/management/commands/source/list.py", line 34, in print_msg
    sys.stdout.write(msg)
UnicodeEncodeError: 'ascii' codec can't encode characters in position 146-155: ordinal not in range(128)

#------getCourse session_header-------#
200,OK
0001401-obtain validcode fail
1
obtain validcode fail
#------getCourse session_header-------#
200,OK
#-------getValidcode-------#
200,OK
#-------getValidcode-------#
#---------validcode:,SS7H
#------getTeacherExcel get teacher class table-------#
200,OK
#-------getValidcode-------#
200,OK
200,OK
200,OK
200,OK
2
Traceback (most recent call last):
  File "/data/hongxi_ziyi/life/shelter/work/management/commands/source/list.py", line 286, in getCourse
    print_msg(str(teacher_id) + "-" + ret["data"])
  File "/data/hongxi_ziyi/life/shelter/work/management/commands/source/list.py", line 34, in print_msg
    sys.stdout.write(msg)
UnicodeEncodeError: 'ascii' codec can't encode characters in position 146-155: ordinal not in range(128)

#------getCourse session_header-------#
200,OK
#-------getValidcode-------#
200,OK
#---------validcode:,HHFF
#------getTeacherExcel get teacher class table-------#
#---------validcode:,HHFF
#------getTeacherExcel get teacher class table-------#
#---------validcode:,4 353
#------getTeacherExcel get teacher class table-------#
200,OK
0001401-obtain validcode fail
1
obtain validcode fail
#------getCourse session_header-------#
200,OK
0001401-obtain validcode fail
1
obtain validcode fail
#------getCourse session_header-------#
#---------validcode:,UK6S
#------getTeacherExcel get teacher class table-------#
200,OK
0001401-obtain validcode fail
1
obtain validcode fail
#------getCourse session_header-------#
200,OK
#-------getValidcode-------#
200,OK
#-------getValidcode-------#
200,OK
200,OK
#-------getValidcode-------#
2
Traceback (most recent call last):
  File "/data/hongxi_ziyi/life/shelter/work/management/commands/source/list.py", line 286, in getCourse
    print_msg(str(teacher_id) + "-" + ret["data"])
  File "/data/hongxi_ziyi/life/shelter/work/management/commands/source/list.py", line 34, in print_msg
    sys.stdout.write(msg)
UnicodeEncodeError: 'ascii' codec can't encode characters in position 146-155: ordinal not in range(128)

#------getCourse session_header-------#
200,OK
200,OK
200,OK
200,OK
#-------getValidcode-------#
200,OK
#---------validcode:,32 DP
#------getTeacherExcel get teacher class table-------#
#---------validcode:,32 DP
#------getTeacherExcel get teacher class table-------#
#---------validcode:,J6VZ
#------getTeacherExcel get teacher class table-------#
200,OK
0001401-obtain validcode fail
1
obtain validcode fail
#------getCourse session_header-------#
#---------validcode:,HKYP
#------getTeacherExcel get teacher class table-------#
200,OK
0001401-obtain validcode fail
1
obtain validcode fail
#------getCourse session_header-------#
200,OK
200,OK
#-------getValidcode-------#
200,OK
2
Traceback (most recent call last):
  File "/data/hongxi_ziyi/life/shelter/work/management/commands/source/list.py", line 286, in getCourse
    print_msg(str(teacher_id) + "-" + ret["data"])
  File "/data/hongxi_ziyi/life/shelter/work/management/commands/source/list.py", line 34, in print_msg
    sys.stdout.write(msg)
UnicodeEncodeError: 'ascii' codec can't encode characters in position 146-155: ordinal not in range(128)

#------getCourse session_header-------#
200,OK
#-------getValidcode-------#
2
Traceback (most recent call last):
  File "/data/hongxi_ziyi/life/shelter/work/management/commands/source/list.py", line 286, in getCourse
    print_msg(str(teacher_id) + "-" + ret["data"])
  File "/data/hongxi_ziyi/life/shelter/work/management/commands/source/list.py", line 34, in print_msg
    sys.stdout.write(msg)
UnicodeEncodeError: 'ascii' codec can't encode characters in position 146-155: ordinal not in range(128)

#------getCourse session_header-------#
200,OK
200,OK
#-------getValidcode-------#
200,OK
200,OK
#-------getValidcode-------#
200,OK
200,OK
#---------validcode:,BPNE
#------getTeacherExcel get teacher class table-------#
#---------validcode:,KS4U
#------getTeacherExcel get teacher class table-------#
200,OK
0001401-obtain validcode fail
1
obtain validcode fail
#------getCourse session_header-------#
200,OK
#---------validcode:,WEJR
#------getTeacherExcel get teacher class table-------#
#---------validcode:,C MQ
#------getTeacherExcel get teacher class table-------#
2
Traceback (most recent call last):
  File "/data/hongxi_ziyi/life/shelter/work/management/commands/source/list.py", line 286, in getCourse
    print_msg(str(teacher_id) + "-" + ret["data"])
  File "/data/hongxi_ziyi/life/shelter/work/management/commands/source/list.py", line 34, in print_msg
    sys.stdout.write(msg)
UnicodeEncodeError: 'ascii' codec can't encode characters in position 146-155: ordinal not in range(128)

#------getCourse session_header-------#
200,OK
#-------getValidcode-------#
200,OK
0001400-obtain validcode fail
1
obtain validcode fail
#------getCourse session_header-------#
200,OK
200,OK
#-------getValidcode-------#
200,OK
2
Traceback (most recent call last):
  File "/data/hongxi_ziyi/life/shelter/work/management/commands/source/list.py", line 286, in getCourse
    print_msg(str(teacher_id) + "-" + ret["data"])
  File "/data/hongxi_ziyi/life/shelter/work/management/commands/source/list.py", line 34, in print_msg
    sys.stdout.write(msg)
UnicodeEncodeError: 'ascii' codec can't encode characters in position 146-155: ordinal not in range(128)

#------getCourse session_header-------#
200,OK
#-------getValidcode-------#
200,OK
200,OK
#-------getValidcode-------#
200,OK
200,OK
#---------validcode:,9A3K
#------getTeacherExcel get teacher class table-------#
200,OK
2
Traceback (most recent call last):
  File "/data/hongxi_ziyi/life/shelter/work/management/commands/source/list.py", line 286, in getCourse
    print_msg(str(teacher_id) + "-" + ret["data"])
  File "/data/hongxi_ziyi/life/shelter/work/management/commands/source/list.py", line 34, in print_msg
    sys.stdout.write(msg)
UnicodeEncodeError: 'ascii' codec can't encode characters in position 146-155: ordinal not in range(128)

#------getCourse session_header-------#
200,OK
#-------getValidcode-------#
#---------validcode:,SH2A
#------getTeacherExcel get teacher class table-------#
200,OK
#---------validcode:,4567
#------getTeacherExcel get teacher class table-------#
200,OK
#---------validcode:,CSXJ
#------getTeacherExcel get teacher class table-------#
2
Traceback (most recent call last):
  File "/data/hongxi_ziyi/life/shelter/work/management/commands/source/list.py", line 286, in getCourse
    print_msg(str(teacher_id) + "-" + ret["data"])
  File "/data/hongxi_ziyi/life/shelter/work/management/commands/source/list.py", line 34, in print_msg
    sys.stdout.write(msg)
UnicodeEncodeError: 'ascii' codec can't encode characters in position 146-155: ordinal not in range(128)

#------getCourse session_header-------#
200,OK
0001400-obtain validcode fail
1
obtain validcode fail
#------getCourse session_header-------#
200,OK
0001401-obtain validcode fail
1
obtain validcode fail
#------getCourse session_header-------#
200,OK
#-------getValidcode-------#
200,OK
#-------getValidcode-------#
#---------validcode:,AHEH
#------getTeacherExcel get teacher class table-------#
200,OK
#-------getValidcode-------#
200,OK
200,OK
200,OK
0001401-obtain validcode fail
1
obtain validcode fail
#------getCourse session_header-------#
200,OK
200,OK
#-------getValidcode-------#
200,OK
#---------validcode:,GBMC
#------getTeacherExcel get teacher class table-------#
#---------validcode:,YBXQ
#------getTeacherExcel get teacher class table-------#
200,OK
0001401-obtain validcode fail
1
obtain validcode fail
#------getCourse session_header-------#
#---------validcode:,VNSP
#------getTeacherExcel get teacher class table-------#
200,OK
0001401-obtain validcode fail
1
obtain validcode fail
#------getCourse session_header-------#
#---------validcode:,QHN9
#------getTeacherExcel get teacher class table-------#
200,OK
#-------getValidcode-------#
200,OK
0001401-obtain validcode fail
1
obtain validcode fail
#------getCourse session_header-------#
200,OK
#-------getValidcode-------#
200,OK
200,OK
200,OK
#-------getValidcode-------#
2
Traceback (most recent call last):
  File "/data/hongxi_ziyi/life/shelter/work/management/commands/source/list.py", line 286, in getCourse
    print_msg(str(teacher_id) + "-" + ret["data"])
  File "/data/hongxi_ziyi/life/shelter/work/management/commands/source/list.py", line 34, in print_msg
    sys.stdout.write(msg)
UnicodeEncodeError: 'ascii' codec can't encode characters in position 146-155: ordinal not in range(128)

#------getCourse session_header-------#
200,OK
200,OK
200,OK
#-------getValidcode-------#
200,OK
#---------validcode:,PZRWF
#------getTeacherExcel get teacher class table-------#
200,OK
0001401-obtain validcode fail
1
obtain validcode fail
#------getCourse session_header-------#
200,OK
#-------getValidcode-------#
#---------validcode:,RRQ7
#------getTeacherExcel get teacher class table-------#
#---------validcode:,
#------getTeacherExcel get teacher class table-------#
200,OK
#---------validcode:,KM5T
#------getTeacherExcel get teacher class table-------#
200,OK
200,OK
0001401-obtain validcode fail
1
obtain validcode fail
#------getCourse session_header-------#
2
Traceback (most recent call last):
  File "/data/hongxi_ziyi/life/shelter/work/management/commands/source/list.py", line 286, in getCourse
    print_msg(str(teacher_id) + "-" + ret["data"])
  File "/data/hongxi_ziyi/life/shelter/work/management/commands/source/list.py", line 34, in print_msg
    sys.stdout.write(msg)
UnicodeEncodeError: 'ascii' codec can't encode characters in position 146-155: ordinal not in range(128)

#------getCourse session_header-------#
200,OK
0001104-
0

#------getCourse session_header-------#
200,OK
#-------getValidcode-------#
200,OK
#-------getValidcode-------#
200,OK
#-------getValidcode-------#
200,OK
#---------validcode:,KDAB
#------getTeacherExcel get teacher class table-------#
200,OK
200,OK
200,OK
2
Traceback (most recent call last):
  File "/data/hongxi_ziyi/life/shelter/work/management/commands/source/list.py", line 286, in getCourse
    print_msg(str(teacher_id) + "-" + ret["data"])
  File "/data/hongxi_ziyi/life/shelter/work/management/commands/source/list.py", line 34, in print_msg
    sys.stdout.write(msg)
UnicodeEncodeError: 'ascii' codec can't encode characters in position 146-155: ordinal not in range(128)

#------getCourse session_header-------#
200,OK
#-------getValidcode-------#
200,OK
#---------validcode:,
#------getTeacherExcel get teacher class table-------#
200,OK
0001401-obtain validcode fail
1
obtain validcode fail
#------getCourse session_header-------#
#---------validcode:,XGNN
#------getTeacherExcel get teacher class table-------#
#---------validcode:,7K52
#------getTeacherExcel get teacher class table-------#
200,OK
#-------getValidcode-------#
200,OK
200,OK
0000376-obtain validcode fail
1
obtain validcode fail
#------getCourse session_header-------#
#---------validcode:,H PGA
#------getTeacherExcel get teacher class table-------#
2
Traceback (most recent call last):
  File "/data/hongxi_ziyi/life/shelter/work/management/commands/source/list.py", line 286, in getCourse
    print_msg(str(teacher_id) + "-" + ret["data"])
  File "/data/hongxi_ziyi/life/shelter/work/management/commands/source/list.py", line 34, in print_msg
    sys.stdout.write(msg)
UnicodeEncodeError: 'ascii' codec can't encode characters in position 146-155: ordinal not in range(128)

#------getCourse session_header-------#
200,OK
200,OK
0001401-obtain validcode fail
1
obtain validcode fail
#------getCourse session_header-------#
200,OK
#-------getValidcode-------#
200,OK
#-------getValidcode-------#
200,OK
200,OK
#-------getValidcode-------#
200,OK
200,OK
#---------validcode:,GFT4
#------getTeacherExcel get teacher class table-------#
200,OK
2
Traceback (most recent call last):
  File "/data/hongxi_ziyi/life/shelter/work/management/commands/source/list.py", line 286, in getCourse
    print_msg(str(teacher_id) + "-" + ret["data"])
  File "/data/hongxi_ziyi/life/shelter/work/management/commands/source/list.py", line 34, in print_msg
    sys.stdout.write(msg)
UnicodeEncodeError: 'ascii' codec can't encode characters in position 146-155: ordinal not in range(128)

#------getCourse session_header-------#
200,OK
#-------getValidcode-------#
200,OK
#---------validcode:,V43R
#------getTeacherExcel get teacher class table-------#
#---------validcode:,P E5
#------getTeacherExcel get teacher class table-------#
#---------validcode:,VISICT
#------getTeacherExcel get teacher class table-------#
200,OK
0001401-obtain validcode fail
1
obtain validcode fail
#------getCourse session_header-------#
200,OK
0000376-
0

#------getCourse session_header-------#
200,OK
0001104-obtain validcode fail
1
obtain validcode fail
#------getCourse session_header-------#
200,OK
#-------getValidcode-------#
#---------validcode:,63F5
#------getTeacherExcel get teacher class table-------#
200,OK
#-------getValidcode-------#
200,OK
#-------getValidcode-------#
200,OK
200,OK
200,OK
200,OK
2
Traceback (most recent call last):
  File "/data/hongxi_ziyi/life/shelter/work/management/commands/source/list.py", line 286, in getCourse
    print_msg(str(teacher_id) + "-" + ret["data"])
  File "/data/hongxi_ziyi/life/shelter/work/management/commands/source/list.py", line 34, in print_msg
    sys.stdout.write(msg)
UnicodeEncodeError: 'ascii' codec can't encode characters in position 146-155: ordinal not in range(128)

#------getCourse session_header-------#
200,OK
#-------getValidcode-------#
200,OK
#---------validcode:,6282
#------getTeacherExcel get teacher class table-------#
#---------validcode:,T7CZ
#------getTeacherExcel get teacher class table-------#
200,OK
0001401-obtain validcode fail
1
obtain validcode fail
#------getCourse session_header-------#
#---------validcode:,W23J
#------getTeacherExcel get teacher class table-------#
200,OK
0000997-
0

200,OK
#-------getValidcode-------#
#------getCourse session_header-------#
#---------validcode:,HG3 J
#------getTeacherExcel get teacher class table-------#
200,OK
0001104-obtain validcode fail
1
obtain validcode fail
#------getCourse session_header-------#
200,OK
200,OK
#-------getValidcode-------#
200,OK
0001104-obtain validcode fail
1
obtain validcode fail
#------getCourse session_header-------#
200,OK
#-------getValidcode-------#
200,OK
200,OK
#-------getValidcode-------#
200,OK
200,OK
#---------validcode:,QTZC
#------getTeacherExcel get teacher class table-------#
200,OK
2
Traceback (most recent call last):
  File "/data/hongxi_ziyi/life/shelter/work/management/commands/source/list.py", line 286, in getCourse
    print_msg(str(teacher_id) + "-" + ret["data"])
  File "/data/hongxi_ziyi/life/shelter/work/management/commands/source/list.py", line 34, in print_msg
    sys.stdout.write(msg)
UnicodeEncodeError: 'ascii' codec can't encode characters in position 146-155: ordinal not in range(128)

#------getCourse session_header-------#
200,OK
#-------getValidcode-------#
#---------validcode:,72X3
#------getTeacherExcel get teacher class table-------#
200,OK
#---------validcode:,JNDY
#------getTeacherExcel get teacher class table-------#
#---------validcode:,SSVB
#------getTeacherExcel get teacher class table-------#
200,OK
0000377-
0

#------getCourse session_header-------#
200,OK
0001104-
0

#------getCourse session_header-------#
200,OK
#-------getValidcode-------#
200,OK
0001104-
0

#------getCourse session_header-------#
200,OK
#-------getValidcode-------#
200,OK
#---------validcode:,MFC8
#------getTeacherExcel get teacher class table-------#
200,OK
#-------getValidcode-------#
200,OK
200,OK
200,OK
2
Traceback (most recent call last):
  File "/data/hongxi_ziyi/life/shelter/work/management/commands/source/list.py", line 286, in getCourse
    print_msg(str(teacher_id) + "-" + ret["data"])
  File "/data/hongxi_ziyi/life/shelter/work/management/commands/source/list.py", line 34, in print_msg
    sys.stdout.write(msg)
UnicodeEncodeError: 'ascii' codec can't encode characters in position 146-155: ordinal not in range(128)

#------getCourse session_header-------#
200,OK
#-------getValidcode-------#
200,OK
#---------validcode:,V2R2
#------getTeacherExcel get teacher class table-------#
200,OK
0001124-obtain validcode fail
1
obtain validcode fail
#------getCourse session_header-------#
200,OK
#-------getValidcode-------#
#---------validcode:,7N7
#------getTeacherExcel get teacher class table-------#
200,OK
#---------validcode:,ABGF
#------getTeacherExcel get teacher class table-------#
200,OK
0000376-obtain validcode fail
1
obtain validcode fail
#------getCourse session_header-------#
200,OK
0000376-obtain validcode fail
1
obtain validcode fail
#------getCourse session_header-------#
200,OK
#-------getValidcode-------#
#---------validcode:,JRJ7
#------getTeacherExcel get teacher class table-------#
200,OK
#-------getValidcode-------#
200,OK
200,OK
200,OK
2
Traceback (most recent call last):
  File "/data/hongxi_ziyi/life/shelter/work/management/commands/source/list.py", line 286, in getCourse
    print_msg(str(teacher_id) + "-" + ret["data"])
  File "/data/hongxi_ziyi/life/shelter/work/management/commands/source/list.py", line 34, in print_msg
    sys.stdout.write(msg)
UnicodeEncodeError: 'ascii' codec can't encode characters in position 146-155: ordinal not in range(128)

#------getCourse session_header-------#
#---------validcode:,6W4
#------getTeacherExcel get teacher class table-------#
200,OK
#-------getValidcode-------#
200,OK
0001124-obtain validcode fail
1
obtain validcode fail
#------getCourse session_header-------#
200,OK
200,OK
#-------getValidcode-------#
200,OK
#---------validcode:,3SPE
#------getTeacherExcel get teacher class table-------#
#---------validcode:,
#------getTeacherExcel get teacher class table-------#
200,OK
0000376-
0

#------getCourse session_header-------#
200,OK
0000376-obtain validcode fail
1
obtain validcode fail
#------getCourse session_header-------#
200,OK
#-------getValidcode-------#
200,OK
#-------getValidcode-------#
200,OK
#---------validcode:,3I6UB
#------getTeacherExcel get teacher class table-------#
200,OK
200,OK
0001401-obtain validcode fail
1
obtain validcode fail
#------getCourse session_header-------#
#---------validcode:,WZ9X
#------getTeacherExcel get teacher class table-------#
200,OK
#-------getValidcode-------#
200,OK
0001124-
0

200,OK
#---------validcode:,
#------getTeacherExcel get teacher class table-------#
#---------validcode:,H561
#------getTeacherExcel get teacher class table-------#
200,OK
0000997-obtain validcode fail
1
obtain validcode fail
#------getCourse session_header-------#
200,OK
0000376-obtain validcode fail
1
obtain validcode fail
#------getCourse session_header-------#
#---------validcode:,SXQJ
#------getTeacherExcel get teacher class table-------#
200,OK
#-------getValidcode-------#
200,OK
#-------getValidcode-------#
200,OK
0001401-obtain validcode fail
1
obtain validcode fail
#------getCourse session_header-------#
200,OK
200,OK
200,OK
#-------getValidcode-------#
200,OK
#---------validcode:,
#------getTeacherExcel get teacher class table-------#
#---------validcode:,7023
#------getTeacherExcel get teacher class table-------#
200,OK
0000997-obtain validcode fail
1
obtain validcode fail
#------getCourse session_header-------#
#---------validcode:,S F  Y K
#------getTeacherExcel get teacher class table-------#
200,OK
0000376-obtain validcode fail
1
obtain validcode fail
#------getCourse session_header-------#
200,OK
0001401-obtain validcode fail
1
obtain validcode fail
#------getCourse session_header-------#
200,OK
#-------getValidcode-------#
200,OK
#-------getValidcode-------#
200,OK
#-------getValidcode-------#
200,OK
200,OK
200,OK
#---------validcode:,JKJS
#------getTeacherExcel get teacher class table-------#
#---------validcode:,QGSY
#------getTeacherExcel get teacher class table-------#
#---------validcode:,EGQA
#------getTeacherExcel get teacher class table-------#
200,OK
0000997-obtain validcode fail
1
obtain validcode fail
#------getCourse session_header-------#
200,OK
0000376-obtain validcode fail
1
obtain validcode fail
#------getCourse session_header-------#
200,OK
0001104-
0

#------getCourse session_header-------#
200,OK
#-------getValidcode-------#
200,OK
#-------getValidcode-------#
200,OK
#-------getValidcode-------#
200,OK
200,OK
200,OK
#---------validcode:,QCED
#------getTeacherExcel get teacher class table-------#
#---------validcode:,635C
#------getTeacherExcel get teacher class table-------#
#---------validcode:,8KD4
#------getTeacherExcel get teacher class table-------#
200,OK
0000997-
0

#------getCourse session_header-------#
200,OK
0000376-obtain validcode fail
1
obtain validcode fail
#------getCourse session_header-------#
200,OK
0000376-
0

#------getCourse session_header-------#
200,OK
#-------getValidcode-------#
200,OK
#-------getValidcode-------#
200,OK
#-------getValidcode-------#
200,OK
200,OK
200,OK
#---------validcode:,EUD5
#------getTeacherExcel get teacher class table-------#
#---------validcode:,EUD5
#------getTeacherExcel get teacher class table-------#
#---------validcode:,FVJ7V
#------getTeacherExcel get teacher class table-------#
200,OK
0000377-
0

#------getCourse session_header-------#
200,OK
0000997-obtain validcode fail
1
obtain validcode fail
#------getCourse session_header-------#
200,OK
0000376-
0

#------getCourse session_header-------#
200,OK
#-------getValidcode-------#
200,OK
#-------getValidcode-------#
200,OK
#-------getValidcode-------#
200,OK
200,OK
200,OK
#---------validcode:,
#------getTeacherExcel get teacher class table-------#
#---------validcode:,URQ
#------getTeacherExcel get teacher class table-------#
#---------validcode:,URQ
#------getTeacherExcel get teacher class table-------#
200,OK
0001124-obtain validcode fail
1
obtain validcode fail
#------getCourse session_header-------#
200,OK
0000997-obtain validcode fail
1
obtain validcode fail
#------getCourse session_header-------#
200,OK
0000997-obtain validcode fail
1
obtain validcode fail
#------getCourse session_header-------#
200,OK
#-------getValidcode-------#
200,OK
#-------getValidcode-------#
200,OK
#-------getValidcode-------#
200,OK
200,OK
200,OK
#---------validcode:,
#------getTeacherExcel get teacher class table-------#
#---------validcode:,42HG
#------getTeacherExcel get teacher class table-------#
#---------validcode:,HSPF
#------getTeacherExcel get teacher class table-------#
200,OK
0001124-obtain validcode fail
1
obtain validcode fail
#------getCourse session_header-------#
200,OK
0000997-
0

200,OK
0000997-obtain validcode fail
1
obtain validcode fail
#------getCourse session_header-------#
#------getCourse session_header-------#
200,OK
#-------getValidcode-------#
200,OK
#-------getValidcode-------#
200,OK
#-------getValidcode-------#
200,OK
200,OK
200,OK
#---------validcode:,
#------getTeacherExcel get teacher class table-------#
#---------validcode:,53NN
#------getTeacherExcel get teacher class table-------#
200,OK
0001124-obtain validcode fail
1
obtain validcode fail
#------getCourse session_header-------#
#---------validcode:,53NN
#------getTeacherExcel get teacher class table-------#
200,OK
0000377-obtain validcode fail
1
obtain validcode fail
#------getCourse session_header-------#
200,OK
0000997-obtain validcode fail
1
obtain validcode fail
#------getCourse session_header-------#
200,OK
#-------getValidcode-------#
200,OK
#-------getValidcode-------#
200,OK
#-------getValidcode-------#
200,OK
200,OK
200,OK
#---------validcode:,
#------getTeacherExcel get teacher class table-------#
200,OK
0001124-obtain validcode fail
1
obtain validcode fail
#------getCourse session_header-------#
200,OK
#-------getValidcode-------#
#---------validcode:,P PQ9
#------getTeacherExcel get teacher class table-------#
#---------validcode:,P PQ9
#------getTeacherExcel get teacher class table-------#
200,OK
200,OK
0000377-obtain validcode fail
1
obtain validcode fail
#------getCourse session_header-------#
200,OK
0000997-obtain validcode fail
1
obtain validcode fail
#------getCourse session_header-------#
200,OK
#-------getValidcode-------#
200,OK
#-------getValidcode-------#
200,OK
200,OK
#---------validcode:,5PZR
#------getTeacherExcel get teacher class table-------#
200,OK
0001124-
0

#---------validcode:,
#------getTeacherExcel get teacher class table-------#
#---------validcode:,EIRJ B
#------getTeacherExcel get teacher class table-------#
200,OK
0000997-obtain validcode fail
1
obtain validcode fail
#------getCourse session_header-------#
200,OK
0000377-obtain validcode fail
1
obtain validcode fail
#------getCourse session_header-------#
200,OK
#-------getValidcode-------#
200,OK
#-------getValidcode-------#
200,OK
200,OK
#---------validcode:,
#------getTeacherExcel get teacher class table-------#
#---------validcode:,
#------getTeacherExcel get teacher class table-------#
200,OK
0000377-obtain validcode fail
1
obtain validcode fail
#------getCourse session_header-------#
200,OK
0000997-obtain validcode fail
1
obtain validcode fail
#------getCourse session_header-------#
200,OK
#-------getValidcode-------#
200,OK
#-------getValidcode-------#
200,OK
200,OK
#---------validcode:,
#------getTeacherExcel get teacher class table-------#
#---------validcode:,
#------getTeacherExcel get teacher class table-------#
200,OK
0000997-obtain validcode fail
1
obtain validcode fail
#------getCourse session_header-------#
200,OK
0000377-obtain validcode fail
1
obtain validcode fail
#------getCourse session_header-------#
200,OK
#-------getValidcode-------#
200,OK
#-------getValidcode-------#
200,OK
200,OK
#---------validcode:,3 BVK
#------getTeacherExcel get teacher class table-------#
#---------validcode:,3 BVK
#------getTeacherExcel get teacher class table-------#
200,OK
0000997-obtain validcode fail
1
obtain validcode fail
#------getCourse session_header-------#
200,OK
0000377-obtain validcode fail
1
obtain validcode fail
#------getCourse session_header-------#
200,OK
#-------getValidcode-------#
200,OK
#-------getValidcode-------#
200,OK
200,OK
#---------validcode:,0937
#------getTeacherExcel get teacher class table-------#
#---------validcode:,7 6NK
#------getTeacherExcel get teacher class table-------#
200,OK
0000997-obtain validcode fail
1
obtain validcode fail
#------getCourse session_header-------#
200,OK
0000377-obtain validcode fail
1
obtain validcode fail
#------getCourse session_header-------#
200,OK
#-------getValidcode-------#
200,OK
#-------getValidcode-------#
200,OK
200,OK
#---------validcode:,
#------getTeacherExcel get teacher class table-------#
#---------validcode:,
#------getTeacherExcel get teacher class table-------#
200,OK
0000997-obtain validcode fail
1
obtain validcode fail
#------getCourse session_header-------#
200,OK
0000377-obtain validcode fail
1
obtain validcode fail
#------getCourse session_header-------#
200,OK
#-------getValidcode-------#
200,OK
#-------getValidcode-------#
200,OK
200,OK
#---------validcode:,UGVV
#------getTeacherExcel get teacher class table-------#
#---------validcode:,M211
#------getTeacherExcel get teacher class table-------#
200,OK
0000997-
0

#------getCourse session_header-------#
200,OK
0000377-obtain validcode fail
1
obtain validcode fail
#------getCourse session_header-------#
200,OK
#-------getValidcode-------#
200,OK
#-------getValidcode-------#
200,OK
200,OK
#---------validcode:,GDBG
#------getTeacherExcel get teacher class table-------#
#---------validcode:,GDBG
#------getTeacherExcel get teacher class table-------#
200,OK
0000377-obtain validcode fail
1
obtain validcode fail
#------getCourse session_header-------#
200,OK
0000377-obtain validcode fail
1
obtain validcode fail
#------getCourse session_header-------#
200,OK
#-------getValidcode-------#
200,OK
#-------getValidcode-------#
200,OK
200,OK
#---------validcode:,
#------getTeacherExcel get teacher class table-------#
#---------validcode:,BQ9A
#------getTeacherExcel get teacher class table-------#
200,OK
0000377-obtain validcode fail
1
obtain validcode fail
#------getCourse session_header-------#
200,OK
0000377-
0

#------getCourse session_header-------#
200,OK
#-------getValidcode-------#
200,OK
#-------getValidcode-------#
200,OK
200,OK
#---------validcode:,URDH
#------getTeacherExcel get teacher class table-------#
#---------validcode:,RBPF
#------getTeacherExcel get teacher class table-------#
200,OK
0001124-
0

200,OK
0001124-obtain validcode fail
1
obtain validcode fail
#------getCourse session_header-------#
200,OK
#-------getValidcode-------#
200,OK
#---------validcode:,Z3133
#------getTeacherExcel get teacher class table-------#
200,OK
0001124-obtain validcode fail
1
obtain validcode fail
#------getCourse session_header-------#
200,OK
#-------getValidcode-------#
200,OK
#---------validcode:,
#------getTeacherExcel get teacher class table-------#
200,OK
0001124-obtain validcode fail
1
obtain validcode fail
#------getCourse session_header-------#
200,OK
#-------getValidcode-------#
200,OK
#---------validcode:,59M
#------getTeacherExcel get teacher class table-------#
200,OK
0001124-obtain validcode fail
1
obtain validcode fail
#------getCourse session_header-------#
200,OK
#-------getValidcode-------#
200,OK
#---------validcode:,4
#------getTeacherExcel get teacher class table-------#
200,OK
0001124-obtain validcode fail
1
obtain validcode fail
#------getCourse session_header-------#
200,OK
#-------getValidcode-------#
200,OK
#---------validcode:,YAZQ
#------getTeacherExcel get teacher class table-------#
200,OK
0001124-obtain validcode fail
1
obtain validcode fail
#------getCourse session_header-------#
200,OK
#-------getValidcode-------#
200,OK
#---------validcode:,
#------getTeacherExcel get teacher class table-------#
200,OK
0001124-obtain validcode fail
1
obtain validcode fail
#------getCourse session_header-------#
200,OK
#-------getValidcode-------#
200,OK
#---------validcode:,XMFC
#------getTeacherExcel get teacher class table-------#
200,OK
0001124-obtain validcode fail
1
obtain validcode fail
#------getCourse session_header-------#
200,OK
#-------getValidcode-------#
200,OK
#---------validcode:,6V2Z
#------getTeacherExcel get teacher class table-------#
200,OK
0001124-
0

