2017-12-02_14-00-01
#Sync---Grade:20170---Teachers:4
#------getCourse session_header-------#
200,OK
#-------getValidcode-------#
200,OK
#---------validcode:,
#------getTeacherExcel get teacher class table-------#
200,OK
2010158-obtain validcode fail
1
obtain validcode fail
#------getCourse session_header-------#
200,OK
#-------getValidcode-------#
200,OK
#---------validcode:,
#------getTeacherExcel get teacher class table-------#
200,OK
2010158-obtain validcode fail
1
obtain validcode fail
#------getCourse session_header-------#
200,OK
#-------getValidcode-------#
200,OK
#---------validcode:,Q3AJ
#------getTeacherExcel get teacher class table-------#
200,OK
2010158-obtain validcode fail
1
obtain validcode fail
#------getCourse session_header-------#
200,OK
#-------getValidcode-------#
200,OK
#---------validcode:,Y52N
#------getTeacherExcel get teacher class table-------#
200,OK
2010158-
#------getCourse session_header-------#
200,OK
#-------getValidcode-------#
200,OK
#---------validcode:,65SX
#------getTeacherExcel get teacher class table-------#
200,OK
0001445-<table  width='100%' BORDER=0 align=center CELLPADDING=0 CELLSPACING=0 ><tr><td style='text-align:center;font-weight:bold;font-size:16pt'>遵义师范学院教师课表</td></tr><tr><td style='text-align:center;font-size:13px'>2017-2018学年第一学期</td></tr></table><br><table width=99% BORDER=0 align=center CELLPADDING=0 CELLSPACING=0><tr><td  width=80% align=left >部门：化学化工学院&ensp;&ensp;教师：吕国岭&ensp;&ensp;性别：女&ensp;&ensp;职称：</td></tr></table><TABLE WIDTH=99% BORDER=1 align=center  CELLPADDING=0 CELLSPACING=0 bordercolorlight=#000000 bordercolordark=#FFFFFF><tr><td width='5%' align=center >序号</td><td width='25%' align=center >课程</td><td width='5%' align=center >学分</td><td width='9%' align=center >授课方式</td><td width='10%' align=center >课程类别</td><td width='5%' align=center >上课<br>班号</td><td width='9%' align=center >上课班级</td><td width='5%' align=center >上课<br>人数</td><td width='12%' align=center >时间</td><td width='15%' align=center >地点</td></tr><td width='5%' align='center' >1<br></td><td width='25%' align='left' >[300048]无机化学实验<br></td><td width='5%' align='right' >0.5<br></td><td width='9%' align='left' >讲授<br></td><td width='10%' align='left' >专业基础课/必修课<br></td><td width='5%' align='center' >001<br></td><td width='9%' align='left' >16级科学教育本科班<br></td><td width='5%' align='right' >25<br></td><td width='12%' align='left' >2-6周&ensp;四[1-3节]<br></td><td width='15%' align='left' >综合实验楼307<br></td></tr><td width='5%' align='center' >2<br></td><td width='25%' align='left' ><br></td><td width='5%' align='right' ><br></td><td width='9%' align='left' >讲授<br></td><td width='10%' align='left' >专业基础课/必修课<br></td><td width='5%' align='center' >002<br></td><td width='9%' align='left' >16级科学教育本科班<br></td><td width='5%' align='right' >26<br></td><td width='12%' align='left' >2-6周&ensp;四[5-7节]<br></td><td width='15%' align='left' >综合实验楼307<br></td></tr></table><TABLE name=theExportData WIDTH=100% BORDER=0 align=center CELLPADDING=0 CELLSPACING=0 ><tr><td width=100% ><b>注1：</b></td></tr><tr><td width=100% ><b>注2：</b></td></tr></table>
#------getCourse session_header-------#
200,OK
#-------getValidcode-------#
200,OK
#---------validcode:,NANQ
#------getTeacherExcel get teacher class table-------#
200,OK
0000576-
#------getCourse session_header-------#
200,OK
#-------getValidcode-------#
200,OK
#---------validcode:,AUZC
#------getTeacherExcel get teacher class table-------#
200,OK
2012026-obtain validcode fail
1
obtain validcode fail
#------getCourse session_header-------#
200,OK
#-------getValidcode-------#
200,OK
#---------validcode:,
#------getTeacherExcel get teacher class table-------#
200,OK
2012026-obtain validcode fail
1
obtain validcode fail
#------getCourse session_header-------#
200,OK
#-------getValidcode-------#
200,OK
#---------validcode:,5G9T
#------getTeacherExcel get teacher class table-------#
200,OK
2012026-<table  width='100%' BORDER=0 align=center CELLPADDING=0 CELLSPACING=0 ><tr><td style='text-align:center;font-weight:bold;font-size:16pt'>遵义师范学院教师课表</td></tr><tr><td style='text-align:center;font-size:13px'>2017-2018学年第一学期</td></tr></table><br><table width=99% BORDER=0 align=center CELLPADDING=0 CELLSPACING=0><tr><td  width=80% align=left >部门：历史文化与旅游学院&ensp;&ensp;教师：唐玮&ensp;&ensp;性别：女&ensp;&ensp;职称：</td></tr></table><TABLE WIDTH=99% BORDER=1 align=center  CELLPADDING=0 CELLSPACING=0 bordercolorlight=#000000 bordercolordark=#FFFFFF><tr><td width='5%' align=center >序号</td><td width='25%' align=center >课程</td><td width='5%' align=center >学分</td><td width='9%' align=center >授课方式</td><td width='10%' align=center >课程类别</td><td width='5%' align=center >上课<br>班号</td><td width='9%' align=center >上课班级</td><td width='5%' align=center >上课<br>人数</td><td width='12%' align=center >时间</td><td width='15%' align=center >地点</td></tr><td width='5%' align='center' >1<br></td><td width='25%' align='left' >[030011]前厅与客房管理<br></td><td width='5%' align='right' >4.0<br></td><td width='9%' align='left' >讲授<br></td><td width='10%' align='left' >专业课/必修课<br></td><td width='5%' align='center' >001<br></td><td width='9%' align='left' >16级酒店管理本科班<br></td><td width='5%' align='right' >39<br></td><td width='12%' align='left' >1-10,13-18周&ensp;三[5-6节]<br></td><td width='15%' align='left' >执文楼115<br></td></tr><td width='5%' align='center' >2<br></td><td width='25%' align='left' ><br></td><td width='5%' align='right' ><br></td><td width='9%' align='left' ><br></td><td width='10%' align='left' ><br></td><td width='5%' align='center' ><br></td><td width='9%' align='left' ><br></td><td width='5%' align='right' ><br></td><td width='12%' align='left' >1-10,13-18周&ensp;四[1-2节]<br></td><td width='15%' align='left' >执文楼115<br></td></tr><td width='5%' align='center' >3<br></td><td width='25%' align='left' >[250192]旅游心理学<br></td><td width='5%' align='right' >2.0<br></td><td width='9%' align='left' >讲授<br></td><td width='10%' align='left' >专业课/必修课<br></td><td width='5%' align='center' >001<br></td><td width='9%' align='left' >16级旅游专科(1)班<br></td><td width='5%' align='right' >49<br></td><td width='12%' align='left' >1-10,13-18周&ensp;一[1-2节]<br></td><td width='15%' align='left' >执文楼307<br></td></tr><td width='5%' align='center' >4<br></td><td width='25%' align='left' ><br></td><td width='5%' align='right' ><br></td><td width='9%' align='left' >讲授<br></td><td width='10%' align='left' >专业课/必修课<br></td><td width='5%' align='center' >002<br></td><td width='9%' align='left' >16级旅游专科(2)班<br></td><td width='5%' align='right' >44<br></td><td width='12%' align='left' >1-10,13-18周&ensp;一[3-4节]<br></td><td width='15%' align='left' >执文楼303<br></td></tr><td width='5%' align='center' >5<br></td><td width='25%' align='left' ><br></td><td width='5%' align='right' ><br></td><td width='9%' align='left' >讲授<br></td><td width='10%' align='left' >专业课/必修课<br></td><td width='5%' align='center' >003<br></td><td width='9%' align='left' >16级旅游本科(1)班<br></td><td width='5%' align='right' >45<br></td><td width='12%' align='left' >1-10,13-18周&ensp;三[7-8节]<br></td><td width='15%' align='left' >执文楼112<br></td></tr><td width='5%' align='center' >6<br></td><td width='25%' align='left' ><br></td><td width='5%' align='right' ><br></td><td width='9%' align='left' >讲授<br></td><td width='10%' align='left' >专业课/必修课<br></td><td width='5%' align='center' >004<br></td><td width='9%' align='left' >16级旅游本科(2)班<br></td><td width='5%' align='right' >47<br></td><td width='12%' align='left' >1-10,13-18周&ensp;四[3-4节]<br></td><td width='15%' align='left' >执文楼311<br></td></tr></table><TABLE name=theExportData WIDTH=100% BORDER=0 align=center CELLPADDING=0 CELLSPACING=0 ><tr><td width=100% ><b>注1：</b></td></tr><tr><td width=100% ><b>注2：</b></td></tr></table>
#---updated:4, saved:0----#
2017-12-02_14-02-26
