#Sync---Grade:20170---Teachers:1
#------getCourse session_header-------#
#Sync---Grade:20160---Teachers:1
#------getCourse session_header-------#
#Sync---Grade:20161---Teachers:1
#------getCourse session_header-------#
#Sync---Grade:20151---Teachers:1
#------getCourse session_header-------#
200,OK
#-------getValidcode-------#
200,OK
#-------getValidcode-------#
200,OK
#-------getValidcode-------#
200,OK
#-------getValidcode-------#
200,OK
200,OK
200,OK
200,OK
#---------validcode:,5P2T
#------getTeacherExcel get teacher class table-------#
#---------validcode:,
#------getTeacherExcel get teacher class table-------#
200,OK
WP00029-obtain validcode fail
1
obtain validcode fail
#------getCourse session_header-------#
#---------validcode:,BBT2
#------getTeacherExcel get teacher class table-------#
200,OK
#-------getValidcode-------#
#---------validcode:,GMBT
#------getTeacherExcel get teacher class table-------#
200,OK
WP00029-
200,OK
WP00029-obtain validcode fail
1
obtain validcode fail
#------getCourse session_header-------#
200,OK
200,OK
#-------getValidcode-------#
200,OK
200,OK
#---------validcode:,J QXY
#------getTeacherExcel get teacher class table-------#
WP00029-<table  width='100%' BORDER=0 align=center CELLPADDING=0 CELLSPACING=0 ><tr><td style='text-align:center;font-weight:bold;font-size:16pt'>遵义师范学院教师课表</td></tr><tr><td style='text-align:center;font-size:13px'>2017-2018学年第一学期</td></tr></table><br><table width=99% BORDER=0 align=center CELLPADDING=0 CELLSPACING=0><tr><td  width=80% align=left >部门：教务处&ensp;&ensp;教师：王德胜&ensp;&ensp;性别：男&ensp;&ensp;职称：教授</td></tr></table><TABLE WIDTH=99% BORDER=1 align=center  CELLPADDING=0 CELLSPACING=0 bordercolorlight=#000000 bordercolordark=#FFFFFF><tr><td width='5%' align=center >序号</td><td width='25%' align=center >课程</td><td width='5%' align=center >学分</td><td width='9%' align=center >授课方式</td><td width='10%' align=center >课程类别</td><td width='5%' align=center >上课<br>班号</td><td width='9%' align=center >上课班级</td><td width='5%' align=center >上课<br>人数</td><td width='12%' align=center >时间</td><td width='15%' align=center >地点</td></tr><td width='5%' align='center' >1<br></td><td width='25%' align='left' >[100236]易经<br></td><td width='5%' align='right' >2.0<br></td><td width='9%' align='left' >讲授<br></td><td width='10%' align='left' >公共课/任选课<br></td><td width='5%' align='center' >001<br></td><td width='9%' align='left' >2014级中文本科(1)班 2014级中文本科(2)班 2014级中文本科(3)班 2014级中文本科(4)班 2014级中文本科(5)班 2015级中文本科(1)班 2015级中文本科(2)班 2015级中文专升本班 2014级播音与主持本科班 2015级播音与主持本科班 2014级历史本科班 2015级历史本科班 2014级旅游管理?<br></td><td width='5%' align='right' >100<br></td><td width='12%' align='left' >7-8周&ensp;五[5-8节]<br></td><td width='15%' align='left' >执文楼119教室<br></td></tr><td width='5%' align='center' >2<br></td><td width='25%' align='left' ><br></td><td width='5%' align='right' ><br></td><td width='9%' align='left' ><br></td><td width='10%' align='left' ><br></td><td width='5%' align='center' ><br></td><td width='9%' align='left' ><br></td><td width='5%' align='right' ><br></td><td width='12%' align='left' >7-8周&ensp;六[1-4节]<br></td><td width='15%' align='left' >执文楼119教室<br></td></tr><td width='5%' align='center' >3<br></td><td width='25%' align='left' ><br></td><td width='5%' align='right' ><br></td><td width='9%' align='left' ><br></td><td width='10%' align='left' ><br></td><td width='5%' align='center' ><br></td><td width='9%' align='left' ><br></td><td width='5%' align='right' ><br></td><td width='12%' align='left' >7-8周&ensp;六[5-8节]<br></td><td width='15%' align='left' >执文楼119教室<br></td></tr><td width='5%' align='center' >4<br></td><td width='25%' align='left' ><br></td><td width='5%' align='right' ><br></td><td width='9%' align='left' ><br></td><td width='10%' align='left' ><br></td><td width='5%' align='center' ><br></td><td width='9%' align='left' ><br></td><td width='5%' align='right' ><br></td><td width='12%' align='left' >7-8周&ensp;日[1-4节]<br></td><td width='15%' align='left' >执文楼119教室<br></td></tr><td width='5%' align='center' >5<br></td><td width='25%' align='left' ><br></td><td width='5%' align='right' ><br></td><td width='9%' align='left' ><br></td><td width='10%' align='left' ><br></td><td width='5%' align='center' ><br></td><td width='9%' align='left' ><br></td><td width='5%' align='right' ><br></td><td width='12%' align='left' >7周&ensp;日[5-8节]<br></td><td width='15%' align='left' >执文楼119教室<br></td></tr></table><TABLE name=theExportData WIDTH=100% BORDER=0 align=center CELLPADDING=0 CELLSPACING=0 ><tr><td width=100% ><b>注1：</b></td></tr><tr><td width=100% ><b>注2：</b></td></tr></table>
200,OK
WP00029-obtain validcode fail
1
obtain validcode fail
#------getCourse session_header-------#
#---------validcode:,
#------getTeacherExcel get teacher class table-------#
200,OK
#-------getValidcode-------#
200,OK
WP00029-obtain validcode fail
1
obtain validcode fail
#------getCourse session_header-------#
200,OK
200,OK
#-------getValidcode-------#
200,OK
#---------validcode:,JFSE
#------getTeacherExcel get teacher class table-------#
#---------validcode:,JZV2
#------getTeacherExcel get teacher class table-------#
200,OK
WP00029-
200,OK
WP00029-
2017-09-22_22-00-10
